[DEBUG] 2018-09-30 18:06:54.076 [main] IntegratorServiceImpl - Adding Integrator [org.hibernate.cfg.beanvalidation.BeanValidationIntegrator].
[DEBUG] 2018-09-30 18:06:54.084 [main] IntegratorServiceImpl - Adding Integrator [org.hibernate.secure.spi.JaccIntegrator].
[DEBUG] 2018-09-30 18:06:54.096 [main] IntegratorServiceImpl - Adding Integrator [org.hibernate.cache.internal.CollectionCacheInvalidator].
[INFO ] 2018-09-30 18:06:54.310 [main] Version - HHH000412: Hibernate Core {5.2.12.Final}
[INFO ] 2018-09-30 18:06:54.312 [main] Environment - HHH000206: hibernate.properties not found
[DEBUG] 2018-09-30 18:06:54.358 [main] LocalXmlResourceResolver - Interpreting public/system identifier : [-//Hibernate/Hibernate Configuration DTD//EN] - [http://www.hibernate.org/dtd/hibernate-configuration-3.0.dtd]
[DEBUG] 2018-09-30 18:06:54.359 [main] LocalXmlResourceResolver - Recognized hibernate-configuration identifier; attempting to resolve on classpath under org/hibernate/
[DEBUG] 2018-09-30 18:06:54.364 [main] JaxbCfgProcessor - cfg.xml document did not define namespaces; wrapping in custom event reader to introduce namespace information
[DEBUG] 2018-09-30 18:06:54.681 [main] ServiceBinding - Overriding existing service binding [org.hibernate.secure.spi.JaccService]
[DEBUG] 2018-09-30 18:06:54.720 [main] RegionFactoryInitiator - Cache region factory : org.hibernate.cache.internal.NoCachingRegionFactory
[INFO ] 2018-09-30 18:06:54.726 [main] Version - HCANN000001: Hibernate Commons Annotations {5.0.1.Final}
[DEBUG] 2018-09-30 18:06:54.760 [main] BasicTypeRegistry - Adding type registration boolean -> org.hibernate.type.BooleanType@43015c69
[DEBUG] 2018-09-30 18:06:54.760 [main] BasicTypeRegistry - Adding type registration boolean -> org.hibernate.type.BooleanType@43015c69
[DEBUG] 2018-09-30 18:06:54.762 [main] BasicTypeRegistry - Adding type registration java.lang.Boolean -> org.hibernate.type.BooleanType@43015c69
[DEBUG] 2018-09-30 18:06:54.763 [main] BasicTypeRegistry - Adding type registration numeric_boolean -> org.hibernate.type.NumericBooleanType@2415fc55
[DEBUG] 2018-09-30 18:06:54.765 [main] BasicTypeRegistry - Adding type registration true_false -> org.hibernate.type.TrueFalseType@1890516e
[DEBUG] 2018-09-30 18:06:54.765 [main] BasicTypeRegistry - Adding type registration yes_no -> org.hibernate.type.YesNoType@2bec854f
[DEBUG] 2018-09-30 18:06:54.767 [main] BasicTypeRegistry - Adding type registration byte -> org.hibernate.type.ByteType@6dd7b5a3
[DEBUG] 2018-09-30 18:06:54.767 [main] BasicTypeRegistry - Adding type registration byte -> org.hibernate.type.ByteType@6dd7b5a3
[DEBUG] 2018-09-30 18:06:54.767 [main] BasicTypeRegistry - Adding type registration java.lang.Byte -> org.hibernate.type.ByteType@6dd7b5a3
[DEBUG] 2018-09-30 18:06:54.769 [main] BasicTypeRegistry - Adding type registration character -> org.hibernate.type.CharacterType@7bf3a5d8
[DEBUG] 2018-09-30 18:06:54.769 [main] BasicTypeRegistry - Adding type registration char -> org.hibernate.type.CharacterType@7bf3a5d8
[DEBUG] 2018-09-30 18:06:54.769 [main] BasicTypeRegistry - Adding type registration java.lang.Character -> org.hibernate.type.CharacterType@7bf3a5d8
[DEBUG] 2018-09-30 18:06:54.770 [main] BasicTypeRegistry - Adding type registration short -> org.hibernate.type.ShortType@5e21e98f
[DEBUG] 2018-09-30 18:06:54.771 [main] BasicTypeRegistry - Adding type registration short -> org.hibernate.type.ShortType@5e21e98f
[DEBUG] 2018-09-30 18:06:54.771 [main] BasicTypeRegistry - Adding type registration java.lang.Short -> org.hibernate.type.ShortType@5e21e98f
[DEBUG] 2018-09-30 18:06:54.772 [main] BasicTypeRegistry - Adding type registration integer -> org.hibernate.type.IntegerType@3fce8fd9
[DEBUG] 2018-09-30 18:06:54.772 [main] BasicTypeRegistry - Adding type registration int -> org.hibernate.type.IntegerType@3fce8fd9
[DEBUG] 2018-09-30 18:06:54.772 [main] BasicTypeRegistry - Adding type registration java.lang.Integer -> org.hibernate.type.IntegerType@3fce8fd9
[DEBUG] 2018-09-30 18:06:54.774 [main] BasicTypeRegistry - Adding type registration long -> org.hibernate.type.LongType@37911f88
[DEBUG] 2018-09-30 18:06:54.775 [main] BasicTypeRegistry - Adding type registration long -> org.hibernate.type.LongType@37911f88
[DEBUG] 2018-09-30 18:06:54.776 [main] BasicTypeRegistry - Adding type registration java.lang.Long -> org.hibernate.type.LongType@37911f88
[DEBUG] 2018-09-30 18:06:54.778 [main] BasicTypeRegistry - Adding type registration float -> org.hibernate.type.FloatType@4f4c4b1a
[DEBUG] 2018-09-30 18:06:54.778 [main] BasicTypeRegistry - Adding type registration float -> org.hibernate.type.FloatType@4f4c4b1a
[DEBUG] 2018-09-30 18:06:54.778 [main] BasicTypeRegistry - Adding type registration java.lang.Float -> org.hibernate.type.FloatType@4f4c4b1a
[DEBUG] 2018-09-30 18:06:54.780 [main] BasicTypeRegistry - Adding type registration double -> org.hibernate.type.DoubleType@3116c353
[DEBUG] 2018-09-30 18:06:54.781 [main] BasicTypeRegistry - Adding type registration double -> org.hibernate.type.DoubleType@3116c353
[DEBUG] 2018-09-30 18:06:54.781 [main] BasicTypeRegistry - Adding type registration java.lang.Double -> org.hibernate.type.DoubleType@3116c353
[DEBUG] 2018-09-30 18:06:54.782 [main] BasicTypeRegistry - Adding type registration big_decimal -> org.hibernate.type.BigDecimalType@1130520d
[DEBUG] 2018-09-30 18:06:54.782 [main] BasicTypeRegistry - Adding type registration java.math.BigDecimal -> org.hibernate.type.BigDecimalType@1130520d
[DEBUG] 2018-09-30 18:06:54.783 [main] BasicTypeRegistry - Adding type registration big_integer -> org.hibernate.type.BigIntegerType@7a3793c7
[DEBUG] 2018-09-30 18:06:54.783 [main] BasicTypeRegistry - Adding type registration java.math.BigInteger -> org.hibernate.type.BigIntegerType@7a3793c7
[DEBUG] 2018-09-30 18:06:54.784 [main] BasicTypeRegistry - Adding type registration string -> org.hibernate.type.StringType@5456afaa
[DEBUG] 2018-09-30 18:06:54.784 [main] BasicTypeRegistry - Adding type registration java.lang.String -> org.hibernate.type.StringType@5456afaa
[DEBUG] 2018-09-30 18:06:54.785 [main] BasicTypeRegistry - Adding type registration nstring -> org.hibernate.type.StringNVarcharType@4a00d9cf
[DEBUG] 2018-09-30 18:06:54.786 [main] BasicTypeRegistry - Adding type registration ncharacter -> org.hibernate.type.CharacterNCharType@4c012563
[DEBUG] 2018-09-30 18:06:54.787 [main] BasicTypeRegistry - Adding type registration url -> org.hibernate.type.UrlType@329dbdbf
[DEBUG] 2018-09-30 18:06:54.787 [main] BasicTypeRegistry - Adding type registration java.net.URL -> org.hibernate.type.UrlType@329dbdbf
[DEBUG] 2018-09-30 18:06:54.789 [main] BasicTypeRegistry - Adding type registration Duration -> org.hibernate.type.DurationType@479cbee5
[DEBUG] 2018-09-30 18:06:54.789 [main] BasicTypeRegistry - Adding type registration java.time.Duration -> org.hibernate.type.DurationType@479cbee5
[DEBUG] 2018-09-30 18:06:54.804 [main] BasicTypeRegistry - Adding type registration Instant -> org.hibernate.type.InstantType@1f81aa00
[DEBUG] 2018-09-30 18:06:54.804 [main] BasicTypeRegistry - Adding type registration java.time.Instant -> org.hibernate.type.InstantType@1f81aa00
[DEBUG] 2018-09-30 18:06:54.806 [main] BasicTypeRegistry - Adding type registration LocalDateTime -> org.hibernate.type.LocalDateTimeType@55c53a33
[DEBUG] 2018-09-30 18:06:54.806 [main] BasicTypeRegistry - Adding type registration java.time.LocalDateTime -> org.hibernate.type.LocalDateTimeType@55c53a33
[DEBUG] 2018-09-30 18:06:54.808 [main] BasicTypeRegistry - Adding type registration LocalDate -> org.hibernate.type.LocalDateType@f14a7d4
[DEBUG] 2018-09-30 18:06:54.808 [main] BasicTypeRegistry - Adding type registration java.time.LocalDate -> org.hibernate.type.LocalDateType@f14a7d4
[DEBUG] 2018-09-30 18:06:54.810 [main] BasicTypeRegistry - Adding type registration LocalTime -> org.hibernate.type.LocalTimeType@27e47833
[DEBUG] 2018-09-30 18:06:54.810 [main] BasicTypeRegistry - Adding type registration java.time.LocalTime -> org.hibernate.type.LocalTimeType@27e47833
[DEBUG] 2018-09-30 18:06:54.812 [main] BasicTypeRegistry - Adding type registration OffsetDateTime -> org.hibernate.type.OffsetDateTimeType@1e4d3ce5
[DEBUG] 2018-09-30 18:06:54.812 [main] BasicTypeRegistry - Adding type registration java.time.OffsetDateTime -> org.hibernate.type.OffsetDateTimeType@1e4d3ce5
[DEBUG] 2018-09-30 18:06:54.814 [main] BasicTypeRegistry - Adding type registration OffsetTime -> org.hibernate.type.OffsetTimeType@1e81f160
[DEBUG] 2018-09-30 18:06:54.814 [main] BasicTypeRegistry - Adding type registration java.time.OffsetTime -> org.hibernate.type.OffsetTimeType@1e81f160
[DEBUG] 2018-09-30 18:06:54.817 [main] BasicTypeRegistry - Adding type registration ZonedDateTime -> org.hibernate.type.ZonedDateTimeType@78a773fd
[DEBUG] 2018-09-30 18:06:54.817 [main] BasicTypeRegistry - Adding type registration java.time.ZonedDateTime -> org.hibernate.type.ZonedDateTimeType@78a773fd
[DEBUG] 2018-09-30 18:06:54.819 [main] BasicTypeRegistry - Adding type registration date -> org.hibernate.type.DateType@68034211
[DEBUG] 2018-09-30 18:06:54.819 [main] BasicTypeRegistry - Adding type registration java.sql.Date -> org.hibernate.type.DateType@68034211
[DEBUG] 2018-09-30 18:06:54.821 [main] BasicTypeRegistry - Adding type registration time -> org.hibernate.type.TimeType@4167d97b
[DEBUG] 2018-09-30 18:06:54.821 [main] BasicTypeRegistry - Adding type registration java.sql.Time -> org.hibernate.type.TimeType@4167d97b
[DEBUG] 2018-09-30 18:06:54.823 [main] BasicTypeRegistry - Adding type registration timestamp -> org.hibernate.type.TimestampType@57ad2aa7
[DEBUG] 2018-09-30 18:06:54.824 [main] BasicTypeRegistry - Adding type registration java.sql.Timestamp -> org.hibernate.type.TimestampType@57ad2aa7
[DEBUG] 2018-09-30 18:06:54.824 [main] BasicTypeRegistry - Adding type registration java.util.Date -> org.hibernate.type.TimestampType@57ad2aa7
[DEBUG] 2018-09-30 18:06:54.827 [main] BasicTypeRegistry - Adding type registration dbtimestamp -> org.hibernate.type.DbTimestampType@398dada8
[DEBUG] 2018-09-30 18:06:54.829 [main] BasicTypeRegistry - Adding type registration calendar -> org.hibernate.type.CalendarType@12a94400
[DEBUG] 2018-09-30 18:06:54.830 [main] BasicTypeRegistry - Adding type registration java.util.Calendar -> org.hibernate.type.CalendarType@12a94400
[DEBUG] 2018-09-30 18:06:54.830 [main] BasicTypeRegistry - Adding type registration java.util.GregorianCalendar -> org.hibernate.type.CalendarType@12a94400
[DEBUG] 2018-09-30 18:06:54.830 [main] BasicTypeRegistry - Adding type registration calendar_date -> org.hibernate.type.CalendarDateType@1ef6d34c
[DEBUG] 2018-09-30 18:06:54.831 [main] BasicTypeRegistry - Adding type registration locale -> org.hibernate.type.LocaleType@2a225dd7
[DEBUG] 2018-09-30 18:06:54.831 [main] BasicTypeRegistry - Adding type registration java.util.Locale -> org.hibernate.type.LocaleType@2a225dd7
[DEBUG] 2018-09-30 18:06:54.832 [main] BasicTypeRegistry - Adding type registration currency -> org.hibernate.type.CurrencyType@616ac46a
[DEBUG] 2018-09-30 18:06:54.832 [main] BasicTypeRegistry - Adding type registration java.util.Currency -> org.hibernate.type.CurrencyType@616ac46a
[DEBUG] 2018-09-30 18:06:54.833 [main] BasicTypeRegistry - Adding type registration timezone -> org.hibernate.type.TimeZoneType@6337c201
[DEBUG] 2018-09-30 18:06:54.833 [main] BasicTypeRegistry - Adding type registration java.util.TimeZone -> org.hibernate.type.TimeZoneType@6337c201
[DEBUG] 2018-09-30 18:06:54.834 [main] BasicTypeRegistry - Adding type registration class -> org.hibernate.type.ClassType@28d18df5
[DEBUG] 2018-09-30 18:06:54.834 [main] BasicTypeRegistry - Adding type registration java.lang.Class -> org.hibernate.type.ClassType@28d18df5
[DEBUG] 2018-09-30 18:06:54.835 [main] BasicTypeRegistry - Adding type registration uuid-binary -> org.hibernate.type.UUIDBinaryType@4066c471
[DEBUG] 2018-09-30 18:06:54.836 [main] BasicTypeRegistry - Adding type registration java.util.UUID -> org.hibernate.type.UUIDBinaryType@4066c471
[DEBUG] 2018-09-30 18:06:54.836 [main] BasicTypeRegistry - Adding type registration uuid-char -> org.hibernate.type.UUIDCharType@1ae8bcbc
[DEBUG] 2018-09-30 18:06:54.837 [main] BasicTypeRegistry - Adding type registration binary -> org.hibernate.type.BinaryType@6d026701
[DEBUG] 2018-09-30 18:06:54.837 [main] BasicTypeRegistry - Adding type registration byte[] -> org.hibernate.type.BinaryType@6d026701
[DEBUG] 2018-09-30 18:06:54.837 [main] BasicTypeRegistry - Adding type registration [B -> org.hibernate.type.BinaryType@6d026701
[DEBUG] 2018-09-30 18:06:54.838 [main] BasicTypeRegistry - Adding type registration wrapper-binary -> org.hibernate.type.WrapperBinaryType@6304101a
[DEBUG] 2018-09-30 18:06:54.838 [main] BasicTypeRegistry - Adding type registration Byte[] -> org.hibernate.type.WrapperBinaryType@6304101a
[DEBUG] 2018-09-30 18:06:54.839 [main] BasicTypeRegistry - Adding type registration [Ljava.lang.Byte; -> org.hibernate.type.WrapperBinaryType@6304101a
[DEBUG] 2018-09-30 18:06:54.840 [main] BasicTypeRegistry - Adding type registration row_version -> org.hibernate.type.RowVersionType@1a72a540
[DEBUG] 2018-09-30 18:06:54.841 [main] BasicTypeRegistry - Adding type registration image -> org.hibernate.type.ImageType@5be49b60
[DEBUG] 2018-09-30 18:06:54.843 [main] BasicTypeRegistry - Adding type registration characters -> org.hibernate.type.CharArrayType@45a4b042
[DEBUG] 2018-09-30 18:06:54.843 [main] BasicTypeRegistry - Adding type registration char[] -> org.hibernate.type.CharArrayType@45a4b042
[DEBUG] 2018-09-30 18:06:54.843 [main] BasicTypeRegistry - Adding type registration [C -> org.hibernate.type.CharArrayType@45a4b042
[DEBUG] 2018-09-30 18:06:54.844 [main] BasicTypeRegistry - Adding type registration wrapper-characters -> org.hibernate.type.CharacterArrayType@f99f5e0
[DEBUG] 2018-09-30 18:06:54.845 [main] BasicTypeRegistry - Adding type registration [Ljava.lang.Character; -> org.hibernate.type.CharacterArrayType@f99f5e0
[DEBUG] 2018-09-30 18:06:54.845 [main] BasicTypeRegistry - Adding type registration Character[] -> org.hibernate.type.CharacterArrayType@f99f5e0
[DEBUG] 2018-09-30 18:06:54.845 [main] BasicTypeRegistry - Adding type registration text -> org.hibernate.type.TextType@2474f125
[DEBUG] 2018-09-30 18:06:54.846 [main] BasicTypeRegistry - Adding type registration ntext -> org.hibernate.type.NTextType@4816278d
[DEBUG] 2018-09-30 18:06:54.849 [main] BasicTypeRegistry - Adding type registration blob -> org.hibernate.type.BlobType@6ee4d9ab
[DEBUG] 2018-09-30 18:06:54.849 [main] BasicTypeRegistry - Adding type registration java.sql.Blob -> org.hibernate.type.BlobType@6ee4d9ab
[DEBUG] 2018-09-30 18:06:54.850 [main] BasicTypeRegistry - Adding type registration materialized_blob -> org.hibernate.type.MaterializedBlobType@18e36d14
[DEBUG] 2018-09-30 18:06:54.852 [main] BasicTypeRegistry - Adding type registration clob -> org.hibernate.type.ClobType@409c54f
[DEBUG] 2018-09-30 18:06:54.853 [main] BasicTypeRegistry - Adding type registration java.sql.Clob -> org.hibernate.type.ClobType@409c54f
[DEBUG] 2018-09-30 18:06:54.856 [main] BasicTypeRegistry - Adding type registration nclob -> org.hibernate.type.NClobType@6d07a63d
[DEBUG] 2018-09-30 18:06:54.856 [main] BasicTypeRegistry - Adding type registration java.sql.NClob -> org.hibernate.type.NClobType@6d07a63d
[DEBUG] 2018-09-30 18:06:54.857 [main] BasicTypeRegistry - Adding type registration materialized_clob -> org.hibernate.type.MaterializedClobType@68dc098b
[DEBUG] 2018-09-30 18:06:54.857 [main] BasicTypeRegistry - Adding type registration materialized_nclob -> org.hibernate.type.MaterializedNClobType@2d6c53fc
[DEBUG] 2018-09-30 18:06:54.858 [main] BasicTypeRegistry - Adding type registration serializable -> org.hibernate.type.SerializableType@7ceb3185
[DEBUG] 2018-09-30 18:06:54.861 [main] BasicTypeRegistry - Adding type registration object -> org.hibernate.type.ObjectType@6f19ac19
[DEBUG] 2018-09-30 18:06:54.862 [main] BasicTypeRegistry - Adding type registration java.lang.Object -> org.hibernate.type.ObjectType@6f19ac19
[DEBUG] 2018-09-30 18:06:54.862 [main] BasicTypeRegistry - Adding type registration imm_date -> org.hibernate.type.AdaptedImmutableType@768fc0f2
[DEBUG] 2018-09-30 18:06:54.862 [main] BasicTypeRegistry - Adding type registration imm_time -> org.hibernate.type.AdaptedImmutableType@5454d35e
[DEBUG] 2018-09-30 18:06:54.862 [main] BasicTypeRegistry - Adding type registration imm_timestamp -> org.hibernate.type.AdaptedImmutableType@20c0a64d
[DEBUG] 2018-09-30 18:06:54.862 [main] BasicTypeRegistry - Adding type registration imm_dbtimestamp -> org.hibernate.type.AdaptedImmutableType@455b6df1
[DEBUG] 2018-09-30 18:06:54.862 [main] BasicTypeRegistry - Adding type registration imm_calendar -> org.hibernate.type.AdaptedImmutableType@4ddbbdf8
[DEBUG] 2018-09-30 18:06:54.862 [main] BasicTypeRegistry - Adding type registration imm_calendar_date -> org.hibernate.type.AdaptedImmutableType@3f67593e
[DEBUG] 2018-09-30 18:06:54.862 [main] BasicTypeRegistry - Adding type registration imm_binary -> org.hibernate.type.AdaptedImmutableType@1ab06251
[DEBUG] 2018-09-30 18:06:54.862 [main] BasicTypeRegistry - Adding type registration imm_serializable -> org.hibernate.type.AdaptedImmutableType@41ab013
[INFO ] 2018-09-30 18:06:54.873 [main] C3P0ConnectionProvider - HHH010002: C3P0 using driver: com.mysql.jdbc.Driver at URL: jdbc:mysql://localhost:3306/quirondb_test
[INFO ] 2018-09-30 18:06:54.873 [main] C3P0ConnectionProvider - HHH10001001: Connection properties: {user=root, password=****}
[INFO ] 2018-09-30 18:06:54.874 [main] C3P0ConnectionProvider - HHH10001003: Autocommit mode: false
[INFO ] 2018-09-30 18:06:55.104 [main] C3P0ConnectionProvider - HHH10001007: JDBC isolation level: <unknown>
[DEBUG] 2018-09-30 18:06:55.214 [main] JdbcEnvironmentInitiator - Database ->
       name : MySQL
    version : 5.7.23-0ubuntu0.16.04.1
      major : 5
      minor : 7
[DEBUG] 2018-09-30 18:06:55.215 [main] JdbcEnvironmentInitiator - Driver ->
       name : MySQL Connector Java
    version : mysql-connector-java-5.1.39 ( Revision: 3289a357af6d09ecc1a10fd3c26e95183e5790ad )
      major : 5
      minor : 1
[DEBUG] 2018-09-30 18:06:55.215 [main] JdbcEnvironmentInitiator - JDBC version : 4.0
[INFO ] 2018-09-30 18:06:55.245 [main] Dialect - HHH000400: Using dialect: org.hibernate.dialect.MySQL5Dialect
[DEBUG] 2018-09-30 18:06:55.330 [main] IdentifierHelperBuilder - JDBC driver metadata reported database stores quoted identifiers in more than one case
[DEBUG] 2018-09-30 18:06:55.333 [main] IdentifierHelperBuilder - IdentifierCaseStrategy for both quoted and unquoted identifiers was set to the same strategy [MIXED]; that will likely lead to problems in schema update and validation if using quoted identifiers
[DEBUG] 2018-09-30 18:06:55.419 [main] DefaultIdentifierGeneratorFactory - Registering IdentifierGenerator strategy [uuid2] -> [org.hibernate.id.UUIDGenerator]
[DEBUG] 2018-09-30 18:06:55.420 [main] DefaultIdentifierGeneratorFactory - Registering IdentifierGenerator strategy [guid] -> [org.hibernate.id.GUIDGenerator]
[DEBUG] 2018-09-30 18:06:55.421 [main] DefaultIdentifierGeneratorFactory - Registering IdentifierGenerator strategy [uuid] -> [org.hibernate.id.UUIDHexGenerator]
[DEBUG] 2018-09-30 18:06:55.421 [main] DefaultIdentifierGeneratorFactory - Registering IdentifierGenerator strategy [uuid.hex] -> [org.hibernate.id.UUIDHexGenerator]
[DEBUG] 2018-09-30 18:06:55.422 [main] DefaultIdentifierGeneratorFactory - Registering IdentifierGenerator strategy [assigned] -> [org.hibernate.id.Assigned]
[DEBUG] 2018-09-30 18:06:55.424 [main] DefaultIdentifierGeneratorFactory - Registering IdentifierGenerator strategy [identity] -> [org.hibernate.id.IdentityGenerator]
[DEBUG] 2018-09-30 18:06:55.425 [main] DefaultIdentifierGeneratorFactory - Registering IdentifierGenerator strategy [select] -> [org.hibernate.id.SelectGenerator]
[DEBUG] 2018-09-30 18:06:55.426 [main] DefaultIdentifierGeneratorFactory - Registering IdentifierGenerator strategy [sequence] -> [org.hibernate.id.enhanced.SequenceStyleGenerator]
[DEBUG] 2018-09-30 18:06:55.427 [main] DefaultIdentifierGeneratorFactory - Registering IdentifierGenerator strategy [seqhilo] -> [org.hibernate.id.SequenceHiLoGenerator]
[DEBUG] 2018-09-30 18:06:55.428 [main] DefaultIdentifierGeneratorFactory - Registering IdentifierGenerator strategy [increment] -> [org.hibernate.id.IncrementGenerator]
[DEBUG] 2018-09-30 18:06:55.429 [main] DefaultIdentifierGeneratorFactory - Registering IdentifierGenerator strategy [foreign] -> [org.hibernate.id.ForeignGenerator]
[DEBUG] 2018-09-30 18:06:55.429 [main] DefaultIdentifierGeneratorFactory - Registering IdentifierGenerator strategy [sequence-identity] -> [org.hibernate.id.SequenceIdentityGenerator]
[DEBUG] 2018-09-30 18:06:55.429 [main] DefaultIdentifierGeneratorFactory - Registering IdentifierGenerator strategy [enhanced-sequence] -> [org.hibernate.id.enhanced.SequenceStyleGenerator]
[DEBUG] 2018-09-30 18:06:55.431 [main] DefaultIdentifierGeneratorFactory - Registering IdentifierGenerator strategy [enhanced-table] -> [org.hibernate.id.enhanced.TableGenerator]
[DEBUG] 2018-09-30 18:06:55.487 [main] Namespace - Created database namespace [logicalName=Name{catalog=null, schema=null}, physicalName=Name{catalog=null, schema=null}]
[DEBUG] 2018-09-30 18:06:55.586 [main] IntegratorServiceImpl - Adding Integrator [org.hibernate.cfg.beanvalidation.BeanValidationIntegrator].
[DEBUG] 2018-09-30 18:06:55.586 [main] IntegratorServiceImpl - Adding Integrator [org.hibernate.secure.spi.JaccIntegrator].
[DEBUG] 2018-09-30 18:06:55.587 [main] IntegratorServiceImpl - Adding Integrator [org.hibernate.cache.internal.CollectionCacheInvalidator].
[DEBUG] 2018-09-30 18:06:55.598 [main] LocalXmlResourceResolver - Interpreting public/system identifier : [-//Hibernate/Hibernate Configuration DTD//EN] - [http://www.hibernate.org/dtd/hibernate-configuration-3.0.dtd]
[DEBUG] 2018-09-30 18:06:55.598 [main] LocalXmlResourceResolver - Recognized hibernate-configuration identifier; attempting to resolve on classpath under org/hibernate/
[DEBUG] 2018-09-30 18:06:55.599 [main] JaxbCfgProcessor - cfg.xml document did not define namespaces; wrapping in custom event reader to introduce namespace information
[DEBUG] 2018-09-30 18:06:55.659 [main] ServiceBinding - Overriding existing service binding [org.hibernate.secure.spi.JaccService]
[DEBUG] 2018-09-30 18:06:55.659 [main] RegionFactoryInitiator - Cache region factory : org.hibernate.cache.internal.NoCachingRegionFactory
[DEBUG] 2018-09-30 18:06:55.661 [main] BasicTypeRegistry - Adding type registration boolean -> org.hibernate.type.BooleanType@43015c69
[DEBUG] 2018-09-30 18:06:55.661 [main] BasicTypeRegistry - Adding type registration boolean -> org.hibernate.type.BooleanType@43015c69
[DEBUG] 2018-09-30 18:06:55.661 [main] BasicTypeRegistry - Adding type registration java.lang.Boolean -> org.hibernate.type.BooleanType@43015c69
[DEBUG] 2018-09-30 18:06:55.662 [main] BasicTypeRegistry - Adding type registration numeric_boolean -> org.hibernate.type.NumericBooleanType@2415fc55
[DEBUG] 2018-09-30 18:06:55.662 [main] BasicTypeRegistry - Adding type registration true_false -> org.hibernate.type.TrueFalseType@1890516e
[DEBUG] 2018-09-30 18:06:55.662 [main] BasicTypeRegistry - Adding type registration yes_no -> org.hibernate.type.YesNoType@2bec854f
[DEBUG] 2018-09-30 18:06:55.662 [main] BasicTypeRegistry - Adding type registration byte -> org.hibernate.type.ByteType@6dd7b5a3
[DEBUG] 2018-09-30 18:06:55.662 [main] BasicTypeRegistry - Adding type registration byte -> org.hibernate.type.ByteType@6dd7b5a3
[DEBUG] 2018-09-30 18:06:55.662 [main] BasicTypeRegistry - Adding type registration java.lang.Byte -> org.hibernate.type.ByteType@6dd7b5a3
[DEBUG] 2018-09-30 18:06:55.662 [main] BasicTypeRegistry - Adding type registration character -> org.hibernate.type.CharacterType@7bf3a5d8
[DEBUG] 2018-09-30 18:06:55.662 [main] BasicTypeRegistry - Adding type registration char -> org.hibernate.type.CharacterType@7bf3a5d8
[DEBUG] 2018-09-30 18:06:55.662 [main] BasicTypeRegistry - Adding type registration java.lang.Character -> org.hibernate.type.CharacterType@7bf3a5d8
[DEBUG] 2018-09-30 18:06:55.662 [main] BasicTypeRegistry - Adding type registration short -> org.hibernate.type.ShortType@5e21e98f
[DEBUG] 2018-09-30 18:06:55.662 [main] BasicTypeRegistry - Adding type registration short -> org.hibernate.type.ShortType@5e21e98f
[DEBUG] 2018-09-30 18:06:55.662 [main] BasicTypeRegistry - Adding type registration java.lang.Short -> org.hibernate.type.ShortType@5e21e98f
[DEBUG] 2018-09-30 18:06:55.662 [main] BasicTypeRegistry - Adding type registration integer -> org.hibernate.type.IntegerType@3fce8fd9
[DEBUG] 2018-09-30 18:06:55.662 [main] BasicTypeRegistry - Adding type registration int -> org.hibernate.type.IntegerType@3fce8fd9
[DEBUG] 2018-09-30 18:06:55.662 [main] BasicTypeRegistry - Adding type registration java.lang.Integer -> org.hibernate.type.IntegerType@3fce8fd9
[DEBUG] 2018-09-30 18:06:55.662 [main] BasicTypeRegistry - Adding type registration long -> org.hibernate.type.LongType@37911f88
[DEBUG] 2018-09-30 18:06:55.662 [main] BasicTypeRegistry - Adding type registration long -> org.hibernate.type.LongType@37911f88
[DEBUG] 2018-09-30 18:06:55.663 [main] BasicTypeRegistry - Adding type registration java.lang.Long -> org.hibernate.type.LongType@37911f88
[DEBUG] 2018-09-30 18:06:55.663 [main] BasicTypeRegistry - Adding type registration float -> org.hibernate.type.FloatType@4f4c4b1a
[DEBUG] 2018-09-30 18:06:55.663 [main] BasicTypeRegistry - Adding type registration float -> org.hibernate.type.FloatType@4f4c4b1a
[DEBUG] 2018-09-30 18:06:55.664 [main] BasicTypeRegistry - Adding type registration java.lang.Float -> org.hibernate.type.FloatType@4f4c4b1a
[DEBUG] 2018-09-30 18:06:55.664 [main] BasicTypeRegistry - Adding type registration double -> org.hibernate.type.DoubleType@3116c353
[DEBUG] 2018-09-30 18:06:55.664 [main] BasicTypeRegistry - Adding type registration double -> org.hibernate.type.DoubleType@3116c353
[DEBUG] 2018-09-30 18:06:55.664 [main] BasicTypeRegistry - Adding type registration java.lang.Double -> org.hibernate.type.DoubleType@3116c353
[DEBUG] 2018-09-30 18:06:55.665 [main] BasicTypeRegistry - Adding type registration big_decimal -> org.hibernate.type.BigDecimalType@1130520d
[DEBUG] 2018-09-30 18:06:55.665 [main] BasicTypeRegistry - Adding type registration java.math.BigDecimal -> org.hibernate.type.BigDecimalType@1130520d
[DEBUG] 2018-09-30 18:06:55.665 [main] BasicTypeRegistry - Adding type registration big_integer -> org.hibernate.type.BigIntegerType@7a3793c7
[DEBUG] 2018-09-30 18:06:55.665 [main] BasicTypeRegistry - Adding type registration java.math.BigInteger -> org.hibernate.type.BigIntegerType@7a3793c7
[DEBUG] 2018-09-30 18:06:55.665 [main] BasicTypeRegistry - Adding type registration string -> org.hibernate.type.StringType@5456afaa
[DEBUG] 2018-09-30 18:06:55.665 [main] BasicTypeRegistry - Adding type registration java.lang.String -> org.hibernate.type.StringType@5456afaa
[DEBUG] 2018-09-30 18:06:55.666 [main] BasicTypeRegistry - Adding type registration nstring -> org.hibernate.type.StringNVarcharType@4a00d9cf
[DEBUG] 2018-09-30 18:06:55.666 [main] BasicTypeRegistry - Adding type registration ncharacter -> org.hibernate.type.CharacterNCharType@4c012563
[DEBUG] 2018-09-30 18:06:55.666 [main] BasicTypeRegistry - Adding type registration url -> org.hibernate.type.UrlType@329dbdbf
[DEBUG] 2018-09-30 18:06:55.666 [main] BasicTypeRegistry - Adding type registration java.net.URL -> org.hibernate.type.UrlType@329dbdbf
[DEBUG] 2018-09-30 18:06:55.666 [main] BasicTypeRegistry - Adding type registration Duration -> org.hibernate.type.DurationType@479cbee5
[DEBUG] 2018-09-30 18:06:55.666 [main] BasicTypeRegistry - Adding type registration java.time.Duration -> org.hibernate.type.DurationType@479cbee5
[DEBUG] 2018-09-30 18:06:55.666 [main] BasicTypeRegistry - Adding type registration Instant -> org.hibernate.type.InstantType@1f81aa00
[DEBUG] 2018-09-30 18:06:55.666 [main] BasicTypeRegistry - Adding type registration java.time.Instant -> org.hibernate.type.InstantType@1f81aa00
[DEBUG] 2018-09-30 18:06:55.667 [main] BasicTypeRegistry - Adding type registration LocalDateTime -> org.hibernate.type.LocalDateTimeType@55c53a33
[DEBUG] 2018-09-30 18:06:55.667 [main] BasicTypeRegistry - Adding type registration java.time.LocalDateTime -> org.hibernate.type.LocalDateTimeType@55c53a33
[DEBUG] 2018-09-30 18:06:55.668 [main] BasicTypeRegistry - Adding type registration LocalDate -> org.hibernate.type.LocalDateType@f14a7d4
[DEBUG] 2018-09-30 18:06:55.668 [main] BasicTypeRegistry - Adding type registration java.time.LocalDate -> org.hibernate.type.LocalDateType@f14a7d4
[DEBUG] 2018-09-30 18:06:55.669 [main] BasicTypeRegistry - Adding type registration LocalTime -> org.hibernate.type.LocalTimeType@27e47833
[DEBUG] 2018-09-30 18:06:55.670 [main] BasicTypeRegistry - Adding type registration java.time.LocalTime -> org.hibernate.type.LocalTimeType@27e47833
[DEBUG] 2018-09-30 18:06:55.671 [main] BasicTypeRegistry - Adding type registration OffsetDateTime -> org.hibernate.type.OffsetDateTimeType@1e4d3ce5
[DEBUG] 2018-09-30 18:06:55.671 [main] BasicTypeRegistry - Adding type registration java.time.OffsetDateTime -> org.hibernate.type.OffsetDateTimeType@1e4d3ce5
[DEBUG] 2018-09-30 18:06:55.671 [main] BasicTypeRegistry - Adding type registration OffsetTime -> org.hibernate.type.OffsetTimeType@1e81f160
[DEBUG] 2018-09-30 18:06:55.671 [main] BasicTypeRegistry - Adding type registration java.time.OffsetTime -> org.hibernate.type.OffsetTimeType@1e81f160
[DEBUG] 2018-09-30 18:06:55.671 [main] BasicTypeRegistry - Adding type registration ZonedDateTime -> org.hibernate.type.ZonedDateTimeType@78a773fd
[DEBUG] 2018-09-30 18:06:55.671 [main] BasicTypeRegistry - Adding type registration java.time.ZonedDateTime -> org.hibernate.type.ZonedDateTimeType@78a773fd
[DEBUG] 2018-09-30 18:06:55.671 [main] BasicTypeRegistry - Adding type registration date -> org.hibernate.type.DateType@68034211
[DEBUG] 2018-09-30 18:06:55.671 [main] BasicTypeRegistry - Adding type registration java.sql.Date -> org.hibernate.type.DateType@68034211
[DEBUG] 2018-09-30 18:06:55.671 [main] BasicTypeRegistry - Adding type registration time -> org.hibernate.type.TimeType@4167d97b
[DEBUG] 2018-09-30 18:06:55.671 [main] BasicTypeRegistry - Adding type registration java.sql.Time -> org.hibernate.type.TimeType@4167d97b
[DEBUG] 2018-09-30 18:06:55.673 [main] BasicTypeRegistry - Adding type registration timestamp -> org.hibernate.type.TimestampType@57ad2aa7
[DEBUG] 2018-09-30 18:06:55.673 [main] BasicTypeRegistry - Adding type registration java.sql.Timestamp -> org.hibernate.type.TimestampType@57ad2aa7
[DEBUG] 2018-09-30 18:06:55.673 [main] BasicTypeRegistry - Adding type registration java.util.Date -> org.hibernate.type.TimestampType@57ad2aa7
[DEBUG] 2018-09-30 18:06:55.674 [main] BasicTypeRegistry - Adding type registration dbtimestamp -> org.hibernate.type.DbTimestampType@398dada8
[DEBUG] 2018-09-30 18:06:55.674 [main] BasicTypeRegistry - Adding type registration calendar -> org.hibernate.type.CalendarType@12a94400
[DEBUG] 2018-09-30 18:06:55.674 [main] BasicTypeRegistry - Adding type registration java.util.Calendar -> org.hibernate.type.CalendarType@12a94400
[DEBUG] 2018-09-30 18:06:55.674 [main] BasicTypeRegistry - Adding type registration java.util.GregorianCalendar -> org.hibernate.type.CalendarType@12a94400
[DEBUG] 2018-09-30 18:06:55.674 [main] BasicTypeRegistry - Adding type registration calendar_date -> org.hibernate.type.CalendarDateType@1ef6d34c
[DEBUG] 2018-09-30 18:06:55.674 [main] BasicTypeRegistry - Adding type registration locale -> org.hibernate.type.LocaleType@2a225dd7
[DEBUG] 2018-09-30 18:06:55.674 [main] BasicTypeRegistry - Adding type registration java.util.Locale -> org.hibernate.type.LocaleType@2a225dd7
[DEBUG] 2018-09-30 18:06:55.674 [main] BasicTypeRegistry - Adding type registration currency -> org.hibernate.type.CurrencyType@616ac46a
[DEBUG] 2018-09-30 18:06:55.674 [main] BasicTypeRegistry - Adding type registration java.util.Currency -> org.hibernate.type.CurrencyType@616ac46a
[DEBUG] 2018-09-30 18:06:55.674 [main] BasicTypeRegistry - Adding type registration timezone -> org.hibernate.type.TimeZoneType@6337c201
[DEBUG] 2018-09-30 18:06:55.674 [main] BasicTypeRegistry - Adding type registration java.util.TimeZone -> org.hibernate.type.TimeZoneType@6337c201
[DEBUG] 2018-09-30 18:06:55.674 [main] BasicTypeRegistry - Adding type registration class -> org.hibernate.type.ClassType@28d18df5
[DEBUG] 2018-09-30 18:06:55.675 [main] BasicTypeRegistry - Adding type registration java.lang.Class -> org.hibernate.type.ClassType@28d18df5
[DEBUG] 2018-09-30 18:06:55.675 [main] BasicTypeRegistry - Adding type registration uuid-binary -> org.hibernate.type.UUIDBinaryType@4066c471
[DEBUG] 2018-09-30 18:06:55.675 [main] BasicTypeRegistry - Adding type registration java.util.UUID -> org.hibernate.type.UUIDBinaryType@4066c471
[DEBUG] 2018-09-30 18:06:55.675 [main] BasicTypeRegistry - Adding type registration uuid-char -> org.hibernate.type.UUIDCharType@1ae8bcbc
[DEBUG] 2018-09-30 18:06:55.675 [main] BasicTypeRegistry - Adding type registration binary -> org.hibernate.type.BinaryType@6d026701
[DEBUG] 2018-09-30 18:06:55.675 [main] BasicTypeRegistry - Adding type registration byte[] -> org.hibernate.type.BinaryType@6d026701
[DEBUG] 2018-09-30 18:06:55.675 [main] BasicTypeRegistry - Adding type registration [B -> org.hibernate.type.BinaryType@6d026701
[DEBUG] 2018-09-30 18:06:55.675 [main] BasicTypeRegistry - Adding type registration wrapper-binary -> org.hibernate.type.WrapperBinaryType@6304101a
[DEBUG] 2018-09-30 18:06:55.675 [main] BasicTypeRegistry - Adding type registration Byte[] -> org.hibernate.type.WrapperBinaryType@6304101a
[DEBUG] 2018-09-30 18:06:55.675 [main] BasicTypeRegistry - Adding type registration [Ljava.lang.Byte; -> org.hibernate.type.WrapperBinaryType@6304101a
[DEBUG] 2018-09-30 18:06:55.675 [main] BasicTypeRegistry - Adding type registration row_version -> org.hibernate.type.RowVersionType@1a72a540
[DEBUG] 2018-09-30 18:06:55.675 [main] BasicTypeRegistry - Adding type registration image -> org.hibernate.type.ImageType@5be49b60
[DEBUG] 2018-09-30 18:06:55.677 [main] BasicTypeRegistry - Adding type registration characters -> org.hibernate.type.CharArrayType@45a4b042
[DEBUG] 2018-09-30 18:06:55.678 [main] BasicTypeRegistry - Adding type registration char[] -> org.hibernate.type.CharArrayType@45a4b042
[DEBUG] 2018-09-30 18:06:55.678 [main] BasicTypeRegistry - Adding type registration [C -> org.hibernate.type.CharArrayType@45a4b042
[DEBUG] 2018-09-30 18:06:55.678 [main] BasicTypeRegistry - Adding type registration wrapper-characters -> org.hibernate.type.CharacterArrayType@f99f5e0
[DEBUG] 2018-09-30 18:06:55.678 [main] BasicTypeRegistry - Adding type registration [Ljava.lang.Character; -> org.hibernate.type.CharacterArrayType@f99f5e0
[DEBUG] 2018-09-30 18:06:55.678 [main] BasicTypeRegistry - Adding type registration Character[] -> org.hibernate.type.CharacterArrayType@f99f5e0
[DEBUG] 2018-09-30 18:06:55.678 [main] BasicTypeRegistry - Adding type registration text -> org.hibernate.type.TextType@2474f125
[DEBUG] 2018-09-30 18:06:55.678 [main] BasicTypeRegistry - Adding type registration ntext -> org.hibernate.type.NTextType@4816278d
[DEBUG] 2018-09-30 18:06:55.679 [main] BasicTypeRegistry - Adding type registration blob -> org.hibernate.type.BlobType@6ee4d9ab
[DEBUG] 2018-09-30 18:06:55.679 [main] BasicTypeRegistry - Adding type registration java.sql.Blob -> org.hibernate.type.BlobType@6ee4d9ab
[DEBUG] 2018-09-30 18:06:55.679 [main] BasicTypeRegistry - Adding type registration materialized_blob -> org.hibernate.type.MaterializedBlobType@18e36d14
[DEBUG] 2018-09-30 18:06:55.679 [main] BasicTypeRegistry - Adding type registration clob -> org.hibernate.type.ClobType@409c54f
[DEBUG] 2018-09-30 18:06:55.679 [main] BasicTypeRegistry - Adding type registration java.sql.Clob -> org.hibernate.type.ClobType@409c54f
[DEBUG] 2018-09-30 18:06:55.679 [main] BasicTypeRegistry - Adding type registration nclob -> org.hibernate.type.NClobType@6d07a63d
[DEBUG] 2018-09-30 18:06:55.679 [main] BasicTypeRegistry - Adding type registration java.sql.NClob -> org.hibernate.type.NClobType@6d07a63d
[DEBUG] 2018-09-30 18:06:55.679 [main] BasicTypeRegistry - Adding type registration materialized_clob -> org.hibernate.type.MaterializedClobType@68dc098b
[DEBUG] 2018-09-30 18:06:55.679 [main] BasicTypeRegistry - Adding type registration materialized_nclob -> org.hibernate.type.MaterializedNClobType@2d6c53fc
[DEBUG] 2018-09-30 18:06:55.679 [main] BasicTypeRegistry - Adding type registration serializable -> org.hibernate.type.SerializableType@7ceb3185
[DEBUG] 2018-09-30 18:06:55.679 [main] BasicTypeRegistry - Adding type registration object -> org.hibernate.type.ObjectType@6f19ac19
[DEBUG] 2018-09-30 18:06:55.679 [main] BasicTypeRegistry - Adding type registration java.lang.Object -> org.hibernate.type.ObjectType@6f19ac19
[DEBUG] 2018-09-30 18:06:55.679 [main] BasicTypeRegistry - Adding type registration imm_date -> org.hibernate.type.AdaptedImmutableType@502f1f4c
[DEBUG] 2018-09-30 18:06:55.679 [main] BasicTypeRegistry - Adding type registration imm_time -> org.hibernate.type.AdaptedImmutableType@6f8f9349
[DEBUG] 2018-09-30 18:06:55.679 [main] BasicTypeRegistry - Adding type registration imm_timestamp -> org.hibernate.type.AdaptedImmutableType@75c9e76b
[DEBUG] 2018-09-30 18:06:55.679 [main] BasicTypeRegistry - Adding type registration imm_dbtimestamp -> org.hibernate.type.AdaptedImmutableType@7446d8d5
[DEBUG] 2018-09-30 18:06:55.680 [main] BasicTypeRegistry - Adding type registration imm_calendar -> org.hibernate.type.AdaptedImmutableType@5c3b6c6e
[DEBUG] 2018-09-30 18:06:55.680 [main] BasicTypeRegistry - Adding type registration imm_calendar_date -> org.hibernate.type.AdaptedImmutableType@4fbda97b
[DEBUG] 2018-09-30 18:06:55.680 [main] BasicTypeRegistry - Adding type registration imm_binary -> org.hibernate.type.AdaptedImmutableType@75f5fd58
[DEBUG] 2018-09-30 18:06:55.680 [main] BasicTypeRegistry - Adding type registration imm_serializable -> org.hibernate.type.AdaptedImmutableType@37b70343
[INFO ] 2018-09-30 18:06:55.680 [main] C3P0ConnectionProvider - HHH010002: C3P0 using driver: com.mysql.jdbc.Driver at URL: jdbc:mysql://localhost:3306/quirondb_test
[INFO ] 2018-09-30 18:06:55.680 [main] C3P0ConnectionProvider - HHH10001001: Connection properties: {user=root, password=****}
[INFO ] 2018-09-30 18:06:55.680 [main] C3P0ConnectionProvider - HHH10001003: Autocommit mode: false
[INFO ] 2018-09-30 18:06:55.729 [main] C3P0ConnectionProvider - HHH10001007: JDBC isolation level: <unknown>
[DEBUG] 2018-09-30 18:06:55.790 [main] JdbcEnvironmentInitiator - Database ->
       name : MySQL
    version : 5.7.23-0ubuntu0.16.04.1
      major : 5
      minor : 7
[DEBUG] 2018-09-30 18:06:55.791 [main] JdbcEnvironmentInitiator - Driver ->
       name : MySQL Connector Java
    version : mysql-connector-java-5.1.39 ( Revision: 3289a357af6d09ecc1a10fd3c26e95183e5790ad )
      major : 5
      minor : 1
[DEBUG] 2018-09-30 18:06:55.791 [main] JdbcEnvironmentInitiator - JDBC version : 4.0
[INFO ] 2018-09-30 18:06:55.791 [main] Dialect - HHH000400: Using dialect: org.hibernate.dialect.MySQL5Dialect
[DEBUG] 2018-09-30 18:06:55.799 [main] IdentifierHelperBuilder - JDBC driver metadata reported database stores quoted identifiers in more than one case
[DEBUG] 2018-09-30 18:06:55.799 [main] IdentifierHelperBuilder - IdentifierCaseStrategy for both quoted and unquoted identifiers was set to the same strategy [MIXED]; that will likely lead to problems in schema update and validation if using quoted identifiers
[DEBUG] 2018-09-30 18:06:55.829 [main] DefaultIdentifierGeneratorFactory - Registering IdentifierGenerator strategy [uuid2] -> [org.hibernate.id.UUIDGenerator]
[DEBUG] 2018-09-30 18:06:55.829 [main] DefaultIdentifierGeneratorFactory - Registering IdentifierGenerator strategy [guid] -> [org.hibernate.id.GUIDGenerator]
[DEBUG] 2018-09-30 18:06:55.830 [main] DefaultIdentifierGeneratorFactory - Registering IdentifierGenerator strategy [uuid] -> [org.hibernate.id.UUIDHexGenerator]
[DEBUG] 2018-09-30 18:06:55.830 [main] DefaultIdentifierGeneratorFactory - Registering IdentifierGenerator strategy [uuid.hex] -> [org.hibernate.id.UUIDHexGenerator]
[DEBUG] 2018-09-30 18:06:55.830 [main] DefaultIdentifierGeneratorFactory - Registering IdentifierGenerator strategy [assigned] -> [org.hibernate.id.Assigned]
[DEBUG] 2018-09-30 18:06:55.830 [main] DefaultIdentifierGeneratorFactory - Registering IdentifierGenerator strategy [identity] -> [org.hibernate.id.IdentityGenerator]
[DEBUG] 2018-09-30 18:06:55.830 [main] DefaultIdentifierGeneratorFactory - Registering IdentifierGenerator strategy [select] -> [org.hibernate.id.SelectGenerator]
[DEBUG] 2018-09-30 18:06:55.830 [main] DefaultIdentifierGeneratorFactory - Registering IdentifierGenerator strategy [sequence] -> [org.hibernate.id.enhanced.SequenceStyleGenerator]
[DEBUG] 2018-09-30 18:06:55.830 [main] DefaultIdentifierGeneratorFactory - Registering IdentifierGenerator strategy [seqhilo] -> [org.hibernate.id.SequenceHiLoGenerator]
[DEBUG] 2018-09-30 18:06:55.830 [main] DefaultIdentifierGeneratorFactory - Registering IdentifierGenerator strategy [increment] -> [org.hibernate.id.IncrementGenerator]
[DEBUG] 2018-09-30 18:06:55.830 [main] DefaultIdentifierGeneratorFactory - Registering IdentifierGenerator strategy [foreign] -> [org.hibernate.id.ForeignGenerator]
[DEBUG] 2018-09-30 18:06:55.831 [main] DefaultIdentifierGeneratorFactory - Registering IdentifierGenerator strategy [sequence-identity] -> [org.hibernate.id.SequenceIdentityGenerator]
[DEBUG] 2018-09-30 18:06:55.831 [main] DefaultIdentifierGeneratorFactory - Registering IdentifierGenerator strategy [enhanced-sequence] -> [org.hibernate.id.enhanced.SequenceStyleGenerator]
[DEBUG] 2018-09-30 18:06:55.831 [main] DefaultIdentifierGeneratorFactory - Registering IdentifierGenerator strategy [enhanced-table] -> [org.hibernate.id.enhanced.TableGenerator]
[DEBUG] 2018-09-30 18:06:55.831 [main] Namespace - Created database namespace [logicalName=Name{catalog=null, schema=null}, physicalName=Name{catalog=null, schema=null}]
[DEBUG] 2018-09-30 18:06:55.915 [main] IntegratorServiceImpl - Adding Integrator [org.hibernate.cfg.beanvalidation.BeanValidationIntegrator].
[DEBUG] 2018-09-30 18:06:55.915 [main] IntegratorServiceImpl - Adding Integrator [org.hibernate.secure.spi.JaccIntegrator].
[DEBUG] 2018-09-30 18:06:55.915 [main] IntegratorServiceImpl - Adding Integrator [org.hibernate.cache.internal.CollectionCacheInvalidator].
[DEBUG] 2018-09-30 18:06:55.933 [main] LocalXmlResourceResolver - Interpreting public/system identifier : [-//Hibernate/Hibernate Configuration DTD//EN] - [http://www.hibernate.org/dtd/hibernate-configuration-3.0.dtd]
[DEBUG] 2018-09-30 18:06:55.933 [main] LocalXmlResourceResolver - Recognized hibernate-configuration identifier; attempting to resolve on classpath under org/hibernate/
[DEBUG] 2018-09-30 18:06:55.947 [main] JaxbCfgProcessor - cfg.xml document did not define namespaces; wrapping in custom event reader to introduce namespace information
[DEBUG] 2018-09-30 18:06:56.037 [main] ServiceBinding - Overriding existing service binding [org.hibernate.secure.spi.JaccService]
[DEBUG] 2018-09-30 18:06:56.037 [main] RegionFactoryInitiator - Cache region factory : org.hibernate.cache.internal.NoCachingRegionFactory
[DEBUG] 2018-09-30 18:06:56.038 [main] BasicTypeRegistry - Adding type registration boolean -> org.hibernate.type.BooleanType@43015c69
[DEBUG] 2018-09-30 18:06:56.038 [main] BasicTypeRegistry - Adding type registration boolean -> org.hibernate.type.BooleanType@43015c69
[DEBUG] 2018-09-30 18:06:56.038 [main] BasicTypeRegistry - Adding type registration java.lang.Boolean -> org.hibernate.type.BooleanType@43015c69
[DEBUG] 2018-09-30 18:06:56.041 [main] BasicTypeRegistry - Adding type registration numeric_boolean -> org.hibernate.type.NumericBooleanType@2415fc55
[DEBUG] 2018-09-30 18:06:56.041 [main] BasicTypeRegistry - Adding type registration true_false -> org.hibernate.type.TrueFalseType@1890516e
[DEBUG] 2018-09-30 18:06:56.041 [main] BasicTypeRegistry - Adding type registration yes_no -> org.hibernate.type.YesNoType@2bec854f
[DEBUG] 2018-09-30 18:06:56.041 [main] BasicTypeRegistry - Adding type registration byte -> org.hibernate.type.ByteType@6dd7b5a3
[DEBUG] 2018-09-30 18:06:56.041 [main] BasicTypeRegistry - Adding type registration byte -> org.hibernate.type.ByteType@6dd7b5a3
[DEBUG] 2018-09-30 18:06:56.041 [main] BasicTypeRegistry - Adding type registration java.lang.Byte -> org.hibernate.type.ByteType@6dd7b5a3
[DEBUG] 2018-09-30 18:06:56.042 [main] BasicTypeRegistry - Adding type registration character -> org.hibernate.type.CharacterType@7bf3a5d8
[DEBUG] 2018-09-30 18:06:56.042 [main] BasicTypeRegistry - Adding type registration char -> org.hibernate.type.CharacterType@7bf3a5d8
[DEBUG] 2018-09-30 18:06:56.042 [main] BasicTypeRegistry - Adding type registration java.lang.Character -> org.hibernate.type.CharacterType@7bf3a5d8
[DEBUG] 2018-09-30 18:06:56.042 [main] BasicTypeRegistry - Adding type registration short -> org.hibernate.type.ShortType@5e21e98f
[DEBUG] 2018-09-30 18:06:56.042 [main] BasicTypeRegistry - Adding type registration short -> org.hibernate.type.ShortType@5e21e98f
[DEBUG] 2018-09-30 18:06:56.042 [main] BasicTypeRegistry - Adding type registration java.lang.Short -> org.hibernate.type.ShortType@5e21e98f
[DEBUG] 2018-09-30 18:06:56.042 [main] BasicTypeRegistry - Adding type registration integer -> org.hibernate.type.IntegerType@3fce8fd9
[DEBUG] 2018-09-30 18:06:56.042 [main] BasicTypeRegistry - Adding type registration int -> org.hibernate.type.IntegerType@3fce8fd9
[DEBUG] 2018-09-30 18:06:56.042 [main] BasicTypeRegistry - Adding type registration java.lang.Integer -> org.hibernate.type.IntegerType@3fce8fd9
[DEBUG] 2018-09-30 18:06:56.042 [main] BasicTypeRegistry - Adding type registration long -> org.hibernate.type.LongType@37911f88
[DEBUG] 2018-09-30 18:06:56.042 [main] BasicTypeRegistry - Adding type registration long -> org.hibernate.type.LongType@37911f88
[DEBUG] 2018-09-30 18:06:56.042 [main] BasicTypeRegistry - Adding type registration java.lang.Long -> org.hibernate.type.LongType@37911f88
[DEBUG] 2018-09-30 18:06:56.042 [main] BasicTypeRegistry - Adding type registration float -> org.hibernate.type.FloatType@4f4c4b1a
[DEBUG] 2018-09-30 18:06:56.042 [main] BasicTypeRegistry - Adding type registration float -> org.hibernate.type.FloatType@4f4c4b1a
[DEBUG] 2018-09-30 18:06:56.042 [main] BasicTypeRegistry - Adding type registration java.lang.Float -> org.hibernate.type.FloatType@4f4c4b1a
[DEBUG] 2018-09-30 18:06:56.042 [main] BasicTypeRegistry - Adding type registration double -> org.hibernate.type.DoubleType@3116c353
[DEBUG] 2018-09-30 18:06:56.042 [main] BasicTypeRegistry - Adding type registration double -> org.hibernate.type.DoubleType@3116c353
[DEBUG] 2018-09-30 18:06:56.042 [main] BasicTypeRegistry - Adding type registration java.lang.Double -> org.hibernate.type.DoubleType@3116c353
[DEBUG] 2018-09-30 18:06:56.042 [main] BasicTypeRegistry - Adding type registration big_decimal -> org.hibernate.type.BigDecimalType@1130520d
[DEBUG] 2018-09-30 18:06:56.042 [main] BasicTypeRegistry - Adding type registration java.math.BigDecimal -> org.hibernate.type.BigDecimalType@1130520d
[DEBUG] 2018-09-30 18:06:56.042 [main] BasicTypeRegistry - Adding type registration big_integer -> org.hibernate.type.BigIntegerType@7a3793c7
[DEBUG] 2018-09-30 18:06:56.042 [main] BasicTypeRegistry - Adding type registration java.math.BigInteger -> org.hibernate.type.BigIntegerType@7a3793c7
[DEBUG] 2018-09-30 18:06:56.042 [main] BasicTypeRegistry - Adding type registration string -> org.hibernate.type.StringType@5456afaa
[DEBUG] 2018-09-30 18:06:56.042 [main] BasicTypeRegistry - Adding type registration java.lang.String -> org.hibernate.type.StringType@5456afaa
[DEBUG] 2018-09-30 18:06:56.042 [main] BasicTypeRegistry - Adding type registration nstring -> org.hibernate.type.StringNVarcharType@4a00d9cf
[DEBUG] 2018-09-30 18:06:56.042 [main] BasicTypeRegistry - Adding type registration ncharacter -> org.hibernate.type.CharacterNCharType@4c012563
[DEBUG] 2018-09-30 18:06:56.042 [main] BasicTypeRegistry - Adding type registration url -> org.hibernate.type.UrlType@329dbdbf
[DEBUG] 2018-09-30 18:06:56.042 [main] BasicTypeRegistry - Adding type registration java.net.URL -> org.hibernate.type.UrlType@329dbdbf
[DEBUG] 2018-09-30 18:06:56.043 [main] BasicTypeRegistry - Adding type registration Duration -> org.hibernate.type.DurationType@479cbee5
[DEBUG] 2018-09-30 18:06:56.043 [main] BasicTypeRegistry - Adding type registration java.time.Duration -> org.hibernate.type.DurationType@479cbee5
[DEBUG] 2018-09-30 18:06:56.043 [main] BasicTypeRegistry - Adding type registration Instant -> org.hibernate.type.InstantType@1f81aa00
[DEBUG] 2018-09-30 18:06:56.043 [main] BasicTypeRegistry - Adding type registration java.time.Instant -> org.hibernate.type.InstantType@1f81aa00
[DEBUG] 2018-09-30 18:06:56.043 [main] BasicTypeRegistry - Adding type registration LocalDateTime -> org.hibernate.type.LocalDateTimeType@55c53a33
[DEBUG] 2018-09-30 18:06:56.043 [main] BasicTypeRegistry - Adding type registration java.time.LocalDateTime -> org.hibernate.type.LocalDateTimeType@55c53a33
[DEBUG] 2018-09-30 18:06:56.043 [main] BasicTypeRegistry - Adding type registration LocalDate -> org.hibernate.type.LocalDateType@f14a7d4
[DEBUG] 2018-09-30 18:06:56.043 [main] BasicTypeRegistry - Adding type registration java.time.LocalDate -> org.hibernate.type.LocalDateType@f14a7d4
[DEBUG] 2018-09-30 18:06:56.043 [main] BasicTypeRegistry - Adding type registration LocalTime -> org.hibernate.type.LocalTimeType@27e47833
[DEBUG] 2018-09-30 18:06:56.043 [main] BasicTypeRegistry - Adding type registration java.time.LocalTime -> org.hibernate.type.LocalTimeType@27e47833
[DEBUG] 2018-09-30 18:06:56.043 [main] BasicTypeRegistry - Adding type registration OffsetDateTime -> org.hibernate.type.OffsetDateTimeType@1e4d3ce5
[DEBUG] 2018-09-30 18:06:56.043 [main] BasicTypeRegistry - Adding type registration java.time.OffsetDateTime -> org.hibernate.type.OffsetDateTimeType@1e4d3ce5
[DEBUG] 2018-09-30 18:06:56.043 [main] BasicTypeRegistry - Adding type registration OffsetTime -> org.hibernate.type.OffsetTimeType@1e81f160
[DEBUG] 2018-09-30 18:06:56.043 [main] BasicTypeRegistry - Adding type registration java.time.OffsetTime -> org.hibernate.type.OffsetTimeType@1e81f160
[DEBUG] 2018-09-30 18:06:56.043 [main] BasicTypeRegistry - Adding type registration ZonedDateTime -> org.hibernate.type.ZonedDateTimeType@78a773fd
[DEBUG] 2018-09-30 18:06:56.043 [main] BasicTypeRegistry - Adding type registration java.time.ZonedDateTime -> org.hibernate.type.ZonedDateTimeType@78a773fd
[DEBUG] 2018-09-30 18:06:56.043 [main] BasicTypeRegistry - Adding type registration date -> org.hibernate.type.DateType@68034211
[DEBUG] 2018-09-30 18:06:56.044 [main] BasicTypeRegistry - Adding type registration java.sql.Date -> org.hibernate.type.DateType@68034211
[DEBUG] 2018-09-30 18:06:56.044 [main] BasicTypeRegistry - Adding type registration time -> org.hibernate.type.TimeType@4167d97b
[DEBUG] 2018-09-30 18:06:56.044 [main] BasicTypeRegistry - Adding type registration java.sql.Time -> org.hibernate.type.TimeType@4167d97b
[DEBUG] 2018-09-30 18:06:56.044 [main] BasicTypeRegistry - Adding type registration timestamp -> org.hibernate.type.TimestampType@57ad2aa7
[DEBUG] 2018-09-30 18:06:56.044 [main] BasicTypeRegistry - Adding type registration java.sql.Timestamp -> org.hibernate.type.TimestampType@57ad2aa7
[DEBUG] 2018-09-30 18:06:56.045 [main] BasicTypeRegistry - Adding type registration java.util.Date -> org.hibernate.type.TimestampType@57ad2aa7
[DEBUG] 2018-09-30 18:06:56.045 [main] BasicTypeRegistry - Adding type registration dbtimestamp -> org.hibernate.type.DbTimestampType@398dada8
[DEBUG] 2018-09-30 18:06:56.045 [main] BasicTypeRegistry - Adding type registration calendar -> org.hibernate.type.CalendarType@12a94400
[DEBUG] 2018-09-30 18:06:56.045 [main] BasicTypeRegistry - Adding type registration java.util.Calendar -> org.hibernate.type.CalendarType@12a94400
[DEBUG] 2018-09-30 18:06:56.045 [main] BasicTypeRegistry - Adding type registration java.util.GregorianCalendar -> org.hibernate.type.CalendarType@12a94400
[DEBUG] 2018-09-30 18:06:56.045 [main] BasicTypeRegistry - Adding type registration calendar_date -> org.hibernate.type.CalendarDateType@1ef6d34c
[DEBUG] 2018-09-30 18:06:56.045 [main] BasicTypeRegistry - Adding type registration locale -> org.hibernate.type.LocaleType@2a225dd7
[DEBUG] 2018-09-30 18:06:56.045 [main] BasicTypeRegistry - Adding type registration java.util.Locale -> org.hibernate.type.LocaleType@2a225dd7
[DEBUG] 2018-09-30 18:06:56.045 [main] BasicTypeRegistry - Adding type registration currency -> org.hibernate.type.CurrencyType@616ac46a
[DEBUG] 2018-09-30 18:06:56.045 [main] BasicTypeRegistry - Adding type registration java.util.Currency -> org.hibernate.type.CurrencyType@616ac46a
[DEBUG] 2018-09-30 18:06:56.045 [main] BasicTypeRegistry - Adding type registration timezone -> org.hibernate.type.TimeZoneType@6337c201
[DEBUG] 2018-09-30 18:06:56.045 [main] BasicTypeRegistry - Adding type registration java.util.TimeZone -> org.hibernate.type.TimeZoneType@6337c201
[DEBUG] 2018-09-30 18:06:56.045 [main] BasicTypeRegistry - Adding type registration class -> org.hibernate.type.ClassType@28d18df5
[DEBUG] 2018-09-30 18:06:56.045 [main] BasicTypeRegistry - Adding type registration java.lang.Class -> org.hibernate.type.ClassType@28d18df5
[DEBUG] 2018-09-30 18:06:56.045 [main] BasicTypeRegistry - Adding type registration uuid-binary -> org.hibernate.type.UUIDBinaryType@4066c471
[DEBUG] 2018-09-30 18:06:56.045 [main] BasicTypeRegistry - Adding type registration java.util.UUID -> org.hibernate.type.UUIDBinaryType@4066c471
[DEBUG] 2018-09-30 18:06:56.045 [main] BasicTypeRegistry - Adding type registration uuid-char -> org.hibernate.type.UUIDCharType@1ae8bcbc
[DEBUG] 2018-09-30 18:06:56.045 [main] BasicTypeRegistry - Adding type registration binary -> org.hibernate.type.BinaryType@6d026701
[DEBUG] 2018-09-30 18:06:56.045 [main] BasicTypeRegistry - Adding type registration byte[] -> org.hibernate.type.BinaryType@6d026701
[DEBUG] 2018-09-30 18:06:56.045 [main] BasicTypeRegistry - Adding type registration [B -> org.hibernate.type.BinaryType@6d026701
[DEBUG] 2018-09-30 18:06:56.045 [main] BasicTypeRegistry - Adding type registration wrapper-binary -> org.hibernate.type.WrapperBinaryType@6304101a
[DEBUG] 2018-09-30 18:06:56.045 [main] BasicTypeRegistry - Adding type registration Byte[] -> org.hibernate.type.WrapperBinaryType@6304101a
[DEBUG] 2018-09-30 18:06:56.045 [main] BasicTypeRegistry - Adding type registration [Ljava.lang.Byte; -> org.hibernate.type.WrapperBinaryType@6304101a
[DEBUG] 2018-09-30 18:06:56.045 [main] BasicTypeRegistry - Adding type registration row_version -> org.hibernate.type.RowVersionType@1a72a540
[DEBUG] 2018-09-30 18:06:56.045 [main] BasicTypeRegistry - Adding type registration image -> org.hibernate.type.ImageType@5be49b60
[DEBUG] 2018-09-30 18:06:56.045 [main] BasicTypeRegistry - Adding type registration characters -> org.hibernate.type.CharArrayType@45a4b042
[DEBUG] 2018-09-30 18:06:56.045 [main] BasicTypeRegistry - Adding type registration char[] -> org.hibernate.type.CharArrayType@45a4b042
[DEBUG] 2018-09-30 18:06:56.046 [main] BasicTypeRegistry - Adding type registration [C -> org.hibernate.type.CharArrayType@45a4b042
[DEBUG] 2018-09-30 18:06:56.046 [main] BasicTypeRegistry - Adding type registration wrapper-characters -> org.hibernate.type.CharacterArrayType@f99f5e0
[DEBUG] 2018-09-30 18:06:56.046 [main] BasicTypeRegistry - Adding type registration [Ljava.lang.Character; -> org.hibernate.type.CharacterArrayType@f99f5e0
[DEBUG] 2018-09-30 18:06:56.046 [main] BasicTypeRegistry - Adding type registration Character[] -> org.hibernate.type.CharacterArrayType@f99f5e0
[DEBUG] 2018-09-30 18:06:56.046 [main] BasicTypeRegistry - Adding type registration text -> org.hibernate.type.TextType@2474f125
[DEBUG] 2018-09-30 18:06:56.046 [main] BasicTypeRegistry - Adding type registration ntext -> org.hibernate.type.NTextType@4816278d
[DEBUG] 2018-09-30 18:06:56.046 [main] BasicTypeRegistry - Adding type registration blob -> org.hibernate.type.BlobType@6ee4d9ab
[DEBUG] 2018-09-30 18:06:56.046 [main] BasicTypeRegistry - Adding type registration java.sql.Blob -> org.hibernate.type.BlobType@6ee4d9ab
[DEBUG] 2018-09-30 18:06:56.046 [main] BasicTypeRegistry - Adding type registration materialized_blob -> org.hibernate.type.MaterializedBlobType@18e36d14
[DEBUG] 2018-09-30 18:06:56.046 [main] BasicTypeRegistry - Adding type registration clob -> org.hibernate.type.ClobType@409c54f
[DEBUG] 2018-09-30 18:06:56.046 [main] BasicTypeRegistry - Adding type registration java.sql.Clob -> org.hibernate.type.ClobType@409c54f
[DEBUG] 2018-09-30 18:06:56.046 [main] BasicTypeRegistry - Adding type registration nclob -> org.hibernate.type.NClobType@6d07a63d
[DEBUG] 2018-09-30 18:06:56.046 [main] BasicTypeRegistry - Adding type registration java.sql.NClob -> org.hibernate.type.NClobType@6d07a63d
[DEBUG] 2018-09-30 18:06:56.046 [main] BasicTypeRegistry - Adding type registration materialized_clob -> org.hibernate.type.MaterializedClobType@68dc098b
[DEBUG] 2018-09-30 18:06:56.046 [main] BasicTypeRegistry - Adding type registration materialized_nclob -> org.hibernate.type.MaterializedNClobType@2d6c53fc
[DEBUG] 2018-09-30 18:06:56.046 [main] BasicTypeRegistry - Adding type registration serializable -> org.hibernate.type.SerializableType@7ceb3185
[DEBUG] 2018-09-30 18:06:56.046 [main] BasicTypeRegistry - Adding type registration object -> org.hibernate.type.ObjectType@6f19ac19
[DEBUG] 2018-09-30 18:06:56.046 [main] BasicTypeRegistry - Adding type registration java.lang.Object -> org.hibernate.type.ObjectType@6f19ac19
[DEBUG] 2018-09-30 18:06:56.046 [main] BasicTypeRegistry - Adding type registration imm_date -> org.hibernate.type.AdaptedImmutableType@7e38a7fe
[DEBUG] 2018-09-30 18:06:56.046 [main] BasicTypeRegistry - Adding type registration imm_time -> org.hibernate.type.AdaptedImmutableType@366ef90e
[DEBUG] 2018-09-30 18:06:56.046 [main] BasicTypeRegistry - Adding type registration imm_timestamp -> org.hibernate.type.AdaptedImmutableType@33e01298
[DEBUG] 2018-09-30 18:06:56.046 [main] BasicTypeRegistry - Adding type registration imm_dbtimestamp -> org.hibernate.type.AdaptedImmutableType@31e75d13
[DEBUG] 2018-09-30 18:06:56.046 [main] BasicTypeRegistry - Adding type registration imm_calendar -> org.hibernate.type.AdaptedImmutableType@a5b0b86
[DEBUG] 2018-09-30 18:06:56.046 [main] BasicTypeRegistry - Adding type registration imm_calendar_date -> org.hibernate.type.AdaptedImmutableType@4b3c354a
[DEBUG] 2018-09-30 18:06:56.046 [main] BasicTypeRegistry - Adding type registration imm_binary -> org.hibernate.type.AdaptedImmutableType@78fb9a67
[DEBUG] 2018-09-30 18:06:56.046 [main] BasicTypeRegistry - Adding type registration imm_serializable -> org.hibernate.type.AdaptedImmutableType@73ff4fae
[INFO ] 2018-09-30 18:06:56.047 [main] C3P0ConnectionProvider - HHH010002: C3P0 using driver: com.mysql.jdbc.Driver at URL: jdbc:mysql://localhost:3306/quirondb_test
[INFO ] 2018-09-30 18:06:56.047 [main] C3P0ConnectionProvider - HHH10001001: Connection properties: {user=root, password=****}
[INFO ] 2018-09-30 18:06:56.047 [main] C3P0ConnectionProvider - HHH10001003: Autocommit mode: false
[INFO ] 2018-09-30 18:06:56.067 [main] C3P0ConnectionProvider - HHH10001007: JDBC isolation level: <unknown>
[DEBUG] 2018-09-30 18:06:56.077 [main] JdbcEnvironmentInitiator - Database ->
       name : MySQL
    version : 5.7.23-0ubuntu0.16.04.1
      major : 5
      minor : 7
[DEBUG] 2018-09-30 18:06:56.077 [main] JdbcEnvironmentInitiator - Driver ->
       name : MySQL Connector Java
    version : mysql-connector-java-5.1.39 ( Revision: 3289a357af6d09ecc1a10fd3c26e95183e5790ad )
      major : 5
      minor : 1
[DEBUG] 2018-09-30 18:06:56.077 [main] JdbcEnvironmentInitiator - JDBC version : 4.0
[INFO ] 2018-09-30 18:06:56.077 [main] Dialect - HHH000400: Using dialect: org.hibernate.dialect.MySQL5Dialect
[DEBUG] 2018-09-30 18:06:56.080 [main] IdentifierHelperBuilder - JDBC driver metadata reported database stores quoted identifiers in more than one case
[DEBUG] 2018-09-30 18:06:56.080 [main] IdentifierHelperBuilder - IdentifierCaseStrategy for both quoted and unquoted identifiers was set to the same strategy [MIXED]; that will likely lead to problems in schema update and validation if using quoted identifiers
[DEBUG] 2018-09-30 18:06:56.086 [main] DefaultIdentifierGeneratorFactory - Registering IdentifierGenerator strategy [uuid2] -> [org.hibernate.id.UUIDGenerator]
[DEBUG] 2018-09-30 18:06:56.086 [main] DefaultIdentifierGeneratorFactory - Registering IdentifierGenerator strategy [guid] -> [org.hibernate.id.GUIDGenerator]
[DEBUG] 2018-09-30 18:06:56.086 [main] DefaultIdentifierGeneratorFactory - Registering IdentifierGenerator strategy [uuid] -> [org.hibernate.id.UUIDHexGenerator]
[DEBUG] 2018-09-30 18:06:56.086 [main] DefaultIdentifierGeneratorFactory - Registering IdentifierGenerator strategy [uuid.hex] -> [org.hibernate.id.UUIDHexGenerator]
[DEBUG] 2018-09-30 18:06:56.086 [main] DefaultIdentifierGeneratorFactory - Registering IdentifierGenerator strategy [assigned] -> [org.hibernate.id.Assigned]
[DEBUG] 2018-09-30 18:06:56.086 [main] DefaultIdentifierGeneratorFactory - Registering IdentifierGenerator strategy [identity] -> [org.hibernate.id.IdentityGenerator]
[DEBUG] 2018-09-30 18:06:56.086 [main] DefaultIdentifierGeneratorFactory - Registering IdentifierGenerator strategy [select] -> [org.hibernate.id.SelectGenerator]
[DEBUG] 2018-09-30 18:06:56.086 [main] DefaultIdentifierGeneratorFactory - Registering IdentifierGenerator strategy [sequence] -> [org.hibernate.id.enhanced.SequenceStyleGenerator]
[DEBUG] 2018-09-30 18:06:56.086 [main] DefaultIdentifierGeneratorFactory - Registering IdentifierGenerator strategy [seqhilo] -> [org.hibernate.id.SequenceHiLoGenerator]
[DEBUG] 2018-09-30 18:06:56.086 [main] DefaultIdentifierGeneratorFactory - Registering IdentifierGenerator strategy [increment] -> [org.hibernate.id.IncrementGenerator]
[DEBUG] 2018-09-30 18:06:56.086 [main] DefaultIdentifierGeneratorFactory - Registering IdentifierGenerator strategy [foreign] -> [org.hibernate.id.ForeignGenerator]
[DEBUG] 2018-09-30 18:06:56.086 [main] DefaultIdentifierGeneratorFactory - Registering IdentifierGenerator strategy [sequence-identity] -> [org.hibernate.id.SequenceIdentityGenerator]
[DEBUG] 2018-09-30 18:06:56.086 [main] DefaultIdentifierGeneratorFactory - Registering IdentifierGenerator strategy [enhanced-sequence] -> [org.hibernate.id.enhanced.SequenceStyleGenerator]
[DEBUG] 2018-09-30 18:06:56.086 [main] DefaultIdentifierGeneratorFactory - Registering IdentifierGenerator strategy [enhanced-table] -> [org.hibernate.id.enhanced.TableGenerator]
[DEBUG] 2018-09-30 18:06:56.087 [main] Namespace - Created database namespace [logicalName=Name{catalog=null, schema=null}, physicalName=Name{catalog=null, schema=null}]
[DEBUG] 2018-09-30 18:06:56.117 [main] IntegratorServiceImpl - Adding Integrator [org.hibernate.cfg.beanvalidation.BeanValidationIntegrator].
[DEBUG] 2018-09-30 18:06:56.117 [main] IntegratorServiceImpl - Adding Integrator [org.hibernate.secure.spi.JaccIntegrator].
[DEBUG] 2018-09-30 18:06:56.117 [main] IntegratorServiceImpl - Adding Integrator [org.hibernate.cache.internal.CollectionCacheInvalidator].
[DEBUG] 2018-09-30 18:06:56.120 [main] LocalXmlResourceResolver - Interpreting public/system identifier : [-//Hibernate/Hibernate Configuration DTD//EN] - [http://www.hibernate.org/dtd/hibernate-configuration-3.0.dtd]
[DEBUG] 2018-09-30 18:06:56.120 [main] LocalXmlResourceResolver - Recognized hibernate-configuration identifier; attempting to resolve on classpath under org/hibernate/
[DEBUG] 2018-09-30 18:06:56.121 [main] JaxbCfgProcessor - cfg.xml document did not define namespaces; wrapping in custom event reader to introduce namespace information
[DEBUG] 2018-09-30 18:06:56.176 [main] ServiceBinding - Overriding existing service binding [org.hibernate.secure.spi.JaccService]
[DEBUG] 2018-09-30 18:06:56.176 [main] RegionFactoryInitiator - Cache region factory : org.hibernate.cache.internal.NoCachingRegionFactory
[DEBUG] 2018-09-30 18:06:56.177 [main] BasicTypeRegistry - Adding type registration boolean -> org.hibernate.type.BooleanType@43015c69
[DEBUG] 2018-09-30 18:06:56.177 [main] BasicTypeRegistry - Adding type registration boolean -> org.hibernate.type.BooleanType@43015c69
[DEBUG] 2018-09-30 18:06:56.178 [main] BasicTypeRegistry - Adding type registration java.lang.Boolean -> org.hibernate.type.BooleanType@43015c69
[DEBUG] 2018-09-30 18:06:56.180 [main] BasicTypeRegistry - Adding type registration numeric_boolean -> org.hibernate.type.NumericBooleanType@2415fc55
[DEBUG] 2018-09-30 18:06:56.180 [main] BasicTypeRegistry - Adding type registration true_false -> org.hibernate.type.TrueFalseType@1890516e
[DEBUG] 2018-09-30 18:06:56.180 [main] BasicTypeRegistry - Adding type registration yes_no -> org.hibernate.type.YesNoType@2bec854f
[DEBUG] 2018-09-30 18:06:56.180 [main] BasicTypeRegistry - Adding type registration byte -> org.hibernate.type.ByteType@6dd7b5a3
[DEBUG] 2018-09-30 18:06:56.180 [main] BasicTypeRegistry - Adding type registration byte -> org.hibernate.type.ByteType@6dd7b5a3
[DEBUG] 2018-09-30 18:06:56.180 [main] BasicTypeRegistry - Adding type registration java.lang.Byte -> org.hibernate.type.ByteType@6dd7b5a3
[DEBUG] 2018-09-30 18:06:56.180 [main] BasicTypeRegistry - Adding type registration character -> org.hibernate.type.CharacterType@7bf3a5d8
[DEBUG] 2018-09-30 18:06:56.180 [main] BasicTypeRegistry - Adding type registration char -> org.hibernate.type.CharacterType@7bf3a5d8
[DEBUG] 2018-09-30 18:06:56.180 [main] BasicTypeRegistry - Adding type registration java.lang.Character -> org.hibernate.type.CharacterType@7bf3a5d8
[DEBUG] 2018-09-30 18:06:56.180 [main] BasicTypeRegistry - Adding type registration short -> org.hibernate.type.ShortType@5e21e98f
[DEBUG] 2018-09-30 18:06:56.180 [main] BasicTypeRegistry - Adding type registration short -> org.hibernate.type.ShortType@5e21e98f
[DEBUG] 2018-09-30 18:06:56.180 [main] BasicTypeRegistry - Adding type registration java.lang.Short -> org.hibernate.type.ShortType@5e21e98f
[DEBUG] 2018-09-30 18:06:56.180 [main] BasicTypeRegistry - Adding type registration integer -> org.hibernate.type.IntegerType@3fce8fd9
[DEBUG] 2018-09-30 18:06:56.180 [main] BasicTypeRegistry - Adding type registration int -> org.hibernate.type.IntegerType@3fce8fd9
[DEBUG] 2018-09-30 18:06:56.180 [main] BasicTypeRegistry - Adding type registration java.lang.Integer -> org.hibernate.type.IntegerType@3fce8fd9
[DEBUG] 2018-09-30 18:06:56.180 [main] BasicTypeRegistry - Adding type registration long -> org.hibernate.type.LongType@37911f88
[DEBUG] 2018-09-30 18:06:56.180 [main] BasicTypeRegistry - Adding type registration long -> org.hibernate.type.LongType@37911f88
[DEBUG] 2018-09-30 18:06:56.180 [main] BasicTypeRegistry - Adding type registration java.lang.Long -> org.hibernate.type.LongType@37911f88
[DEBUG] 2018-09-30 18:06:56.183 [main] BasicTypeRegistry - Adding type registration float -> org.hibernate.type.FloatType@4f4c4b1a
[DEBUG] 2018-09-30 18:06:56.184 [main] BasicTypeRegistry - Adding type registration float -> org.hibernate.type.FloatType@4f4c4b1a
[DEBUG] 2018-09-30 18:06:56.184 [main] BasicTypeRegistry - Adding type registration java.lang.Float -> org.hibernate.type.FloatType@4f4c4b1a
[DEBUG] 2018-09-30 18:06:56.184 [main] BasicTypeRegistry - Adding type registration double -> org.hibernate.type.DoubleType@3116c353
[DEBUG] 2018-09-30 18:06:56.184 [main] BasicTypeRegistry - Adding type registration double -> org.hibernate.type.DoubleType@3116c353
[DEBUG] 2018-09-30 18:06:56.184 [main] BasicTypeRegistry - Adding type registration java.lang.Double -> org.hibernate.type.DoubleType@3116c353
[DEBUG] 2018-09-30 18:06:56.184 [main] BasicTypeRegistry - Adding type registration big_decimal -> org.hibernate.type.BigDecimalType@1130520d
[DEBUG] 2018-09-30 18:06:56.184 [main] BasicTypeRegistry - Adding type registration java.math.BigDecimal -> org.hibernate.type.BigDecimalType@1130520d
[DEBUG] 2018-09-30 18:06:56.184 [main] BasicTypeRegistry - Adding type registration big_integer -> org.hibernate.type.BigIntegerType@7a3793c7
[DEBUG] 2018-09-30 18:06:56.184 [main] BasicTypeRegistry - Adding type registration java.math.BigInteger -> org.hibernate.type.BigIntegerType@7a3793c7
[DEBUG] 2018-09-30 18:06:56.184 [main] BasicTypeRegistry - Adding type registration string -> org.hibernate.type.StringType@5456afaa
[DEBUG] 2018-09-30 18:06:56.184 [main] BasicTypeRegistry - Adding type registration java.lang.String -> org.hibernate.type.StringType@5456afaa
[DEBUG] 2018-09-30 18:06:56.184 [main] BasicTypeRegistry - Adding type registration nstring -> org.hibernate.type.StringNVarcharType@4a00d9cf
[DEBUG] 2018-09-30 18:06:56.184 [main] BasicTypeRegistry - Adding type registration ncharacter -> org.hibernate.type.CharacterNCharType@4c012563
[DEBUG] 2018-09-30 18:06:56.184 [main] BasicTypeRegistry - Adding type registration url -> org.hibernate.type.UrlType@329dbdbf
[DEBUG] 2018-09-30 18:06:56.185 [main] BasicTypeRegistry - Adding type registration java.net.URL -> org.hibernate.type.UrlType@329dbdbf
[DEBUG] 2018-09-30 18:06:56.185 [main] BasicTypeRegistry - Adding type registration Duration -> org.hibernate.type.DurationType@479cbee5
[DEBUG] 2018-09-30 18:06:56.185 [main] BasicTypeRegistry - Adding type registration java.time.Duration -> org.hibernate.type.DurationType@479cbee5
[DEBUG] 2018-09-30 18:06:56.186 [main] BasicTypeRegistry - Adding type registration Instant -> org.hibernate.type.InstantType@1f81aa00
[DEBUG] 2018-09-30 18:06:56.186 [main] BasicTypeRegistry - Adding type registration java.time.Instant -> org.hibernate.type.InstantType@1f81aa00
[DEBUG] 2018-09-30 18:06:56.186 [main] BasicTypeRegistry - Adding type registration LocalDateTime -> org.hibernate.type.LocalDateTimeType@55c53a33
[DEBUG] 2018-09-30 18:06:56.186 [main] BasicTypeRegistry - Adding type registration java.time.LocalDateTime -> org.hibernate.type.LocalDateTimeType@55c53a33
[DEBUG] 2018-09-30 18:06:56.187 [main] BasicTypeRegistry - Adding type registration LocalDate -> org.hibernate.type.LocalDateType@f14a7d4
[DEBUG] 2018-09-30 18:06:56.187 [main] BasicTypeRegistry - Adding type registration java.time.LocalDate -> org.hibernate.type.LocalDateType@f14a7d4
[DEBUG] 2018-09-30 18:06:56.187 [main] BasicTypeRegistry - Adding type registration LocalTime -> org.hibernate.type.LocalTimeType@27e47833
[DEBUG] 2018-09-30 18:06:56.187 [main] BasicTypeRegistry - Adding type registration java.time.LocalTime -> org.hibernate.type.LocalTimeType@27e47833
[DEBUG] 2018-09-30 18:06:56.187 [main] BasicTypeRegistry - Adding type registration OffsetDateTime -> org.hibernate.type.OffsetDateTimeType@1e4d3ce5
[DEBUG] 2018-09-30 18:06:56.187 [main] BasicTypeRegistry - Adding type registration java.time.OffsetDateTime -> org.hibernate.type.OffsetDateTimeType@1e4d3ce5
[DEBUG] 2018-09-30 18:06:56.187 [main] BasicTypeRegistry - Adding type registration OffsetTime -> org.hibernate.type.OffsetTimeType@1e81f160
[DEBUG] 2018-09-30 18:06:56.187 [main] BasicTypeRegistry - Adding type registration java.time.OffsetTime -> org.hibernate.type.OffsetTimeType@1e81f160
[DEBUG] 2018-09-30 18:06:56.187 [main] BasicTypeRegistry - Adding type registration ZonedDateTime -> org.hibernate.type.ZonedDateTimeType@78a773fd
[DEBUG] 2018-09-30 18:06:56.187 [main] BasicTypeRegistry - Adding type registration java.time.ZonedDateTime -> org.hibernate.type.ZonedDateTimeType@78a773fd
[DEBUG] 2018-09-30 18:06:56.187 [main] BasicTypeRegistry - Adding type registration date -> org.hibernate.type.DateType@68034211
[DEBUG] 2018-09-30 18:06:56.188 [main] BasicTypeRegistry - Adding type registration java.sql.Date -> org.hibernate.type.DateType@68034211
[DEBUG] 2018-09-30 18:06:56.188 [main] BasicTypeRegistry - Adding type registration time -> org.hibernate.type.TimeType@4167d97b
[DEBUG] 2018-09-30 18:06:56.188 [main] BasicTypeRegistry - Adding type registration java.sql.Time -> org.hibernate.type.TimeType@4167d97b
[DEBUG] 2018-09-30 18:06:56.188 [main] BasicTypeRegistry - Adding type registration timestamp -> org.hibernate.type.TimestampType@57ad2aa7
[DEBUG] 2018-09-30 18:06:56.188 [main] BasicTypeRegistry - Adding type registration java.sql.Timestamp -> org.hibernate.type.TimestampType@57ad2aa7
[DEBUG] 2018-09-30 18:06:56.188 [main] BasicTypeRegistry - Adding type registration java.util.Date -> org.hibernate.type.TimestampType@57ad2aa7
[DEBUG] 2018-09-30 18:06:56.188 [main] BasicTypeRegistry - Adding type registration dbtimestamp -> org.hibernate.type.DbTimestampType@398dada8
[DEBUG] 2018-09-30 18:06:56.188 [main] BasicTypeRegistry - Adding type registration calendar -> org.hibernate.type.CalendarType@12a94400
[DEBUG] 2018-09-30 18:06:56.188 [main] BasicTypeRegistry - Adding type registration java.util.Calendar -> org.hibernate.type.CalendarType@12a94400
[DEBUG] 2018-09-30 18:06:56.188 [main] BasicTypeRegistry - Adding type registration java.util.GregorianCalendar -> org.hibernate.type.CalendarType@12a94400
[DEBUG] 2018-09-30 18:06:56.188 [main] BasicTypeRegistry - Adding type registration calendar_date -> org.hibernate.type.CalendarDateType@1ef6d34c
[DEBUG] 2018-09-30 18:06:56.189 [main] BasicTypeRegistry - Adding type registration locale -> org.hibernate.type.LocaleType@2a225dd7
[DEBUG] 2018-09-30 18:06:56.189 [main] BasicTypeRegistry - Adding type registration java.util.Locale -> org.hibernate.type.LocaleType@2a225dd7
[DEBUG] 2018-09-30 18:06:56.189 [main] BasicTypeRegistry - Adding type registration currency -> org.hibernate.type.CurrencyType@616ac46a
[DEBUG] 2018-09-30 18:06:56.189 [main] BasicTypeRegistry - Adding type registration java.util.Currency -> org.hibernate.type.CurrencyType@616ac46a
[DEBUG] 2018-09-30 18:06:56.189 [main] BasicTypeRegistry - Adding type registration timezone -> org.hibernate.type.TimeZoneType@6337c201
[DEBUG] 2018-09-30 18:06:56.190 [main] BasicTypeRegistry - Adding type registration java.util.TimeZone -> org.hibernate.type.TimeZoneType@6337c201
[DEBUG] 2018-09-30 18:06:56.191 [main] BasicTypeRegistry - Adding type registration class -> org.hibernate.type.ClassType@28d18df5
[DEBUG] 2018-09-30 18:06:56.191 [main] BasicTypeRegistry - Adding type registration java.lang.Class -> org.hibernate.type.ClassType@28d18df5
[DEBUG] 2018-09-30 18:06:56.191 [main] BasicTypeRegistry - Adding type registration uuid-binary -> org.hibernate.type.UUIDBinaryType@4066c471
[DEBUG] 2018-09-30 18:06:56.191 [main] BasicTypeRegistry - Adding type registration java.util.UUID -> org.hibernate.type.UUIDBinaryType@4066c471
[DEBUG] 2018-09-30 18:06:56.191 [main] BasicTypeRegistry - Adding type registration uuid-char -> org.hibernate.type.UUIDCharType@1ae8bcbc
[DEBUG] 2018-09-30 18:06:56.191 [main] BasicTypeRegistry - Adding type registration binary -> org.hibernate.type.BinaryType@6d026701
[DEBUG] 2018-09-30 18:06:56.191 [main] BasicTypeRegistry - Adding type registration byte[] -> org.hibernate.type.BinaryType@6d026701
[DEBUG] 2018-09-30 18:06:56.191 [main] BasicTypeRegistry - Adding type registration [B -> org.hibernate.type.BinaryType@6d026701
[DEBUG] 2018-09-30 18:06:56.192 [main] BasicTypeRegistry - Adding type registration wrapper-binary -> org.hibernate.type.WrapperBinaryType@6304101a
[DEBUG] 2018-09-30 18:06:56.192 [main] BasicTypeRegistry - Adding type registration Byte[] -> org.hibernate.type.WrapperBinaryType@6304101a
[DEBUG] 2018-09-30 18:06:56.192 [main] BasicTypeRegistry - Adding type registration [Ljava.lang.Byte; -> org.hibernate.type.WrapperBinaryType@6304101a
[DEBUG] 2018-09-30 18:06:56.192 [main] BasicTypeRegistry - Adding type registration row_version -> org.hibernate.type.RowVersionType@1a72a540
[DEBUG] 2018-09-30 18:06:56.192 [main] BasicTypeRegistry - Adding type registration image -> org.hibernate.type.ImageType@5be49b60
[DEBUG] 2018-09-30 18:06:56.192 [main] BasicTypeRegistry - Adding type registration characters -> org.hibernate.type.CharArrayType@45a4b042
[DEBUG] 2018-09-30 18:06:56.192 [main] BasicTypeRegistry - Adding type registration char[] -> org.hibernate.type.CharArrayType@45a4b042
[DEBUG] 2018-09-30 18:06:56.192 [main] BasicTypeRegistry - Adding type registration [C -> org.hibernate.type.CharArrayType@45a4b042
[DEBUG] 2018-09-30 18:06:56.192 [main] BasicTypeRegistry - Adding type registration wrapper-characters -> org.hibernate.type.CharacterArrayType@f99f5e0
[DEBUG] 2018-09-30 18:06:56.192 [main] BasicTypeRegistry - Adding type registration [Ljava.lang.Character; -> org.hibernate.type.CharacterArrayType@f99f5e0
[DEBUG] 2018-09-30 18:06:56.192 [main] BasicTypeRegistry - Adding type registration Character[] -> org.hibernate.type.CharacterArrayType@f99f5e0
[DEBUG] 2018-09-30 18:06:56.192 [main] BasicTypeRegistry - Adding type registration text -> org.hibernate.type.TextType@2474f125
[DEBUG] 2018-09-30 18:06:56.192 [main] BasicTypeRegistry - Adding type registration ntext -> org.hibernate.type.NTextType@4816278d
[DEBUG] 2018-09-30 18:06:56.192 [main] BasicTypeRegistry - Adding type registration blob -> org.hibernate.type.BlobType@6ee4d9ab
[DEBUG] 2018-09-30 18:06:56.192 [main] BasicTypeRegistry - Adding type registration java.sql.Blob -> org.hibernate.type.BlobType@6ee4d9ab
[DEBUG] 2018-09-30 18:06:56.192 [main] BasicTypeRegistry - Adding type registration materialized_blob -> org.hibernate.type.MaterializedBlobType@18e36d14
[DEBUG] 2018-09-30 18:06:56.193 [main] BasicTypeRegistry - Adding type registration clob -> org.hibernate.type.ClobType@409c54f
[DEBUG] 2018-09-30 18:06:56.193 [main] BasicTypeRegistry - Adding type registration java.sql.Clob -> org.hibernate.type.ClobType@409c54f
[DEBUG] 2018-09-30 18:06:56.193 [main] BasicTypeRegistry - Adding type registration nclob -> org.hibernate.type.NClobType@6d07a63d
[DEBUG] 2018-09-30 18:06:56.193 [main] BasicTypeRegistry - Adding type registration java.sql.NClob -> org.hibernate.type.NClobType@6d07a63d
[DEBUG] 2018-09-30 18:06:56.193 [main] BasicTypeRegistry - Adding type registration materialized_clob -> org.hibernate.type.MaterializedClobType@68dc098b
[DEBUG] 2018-09-30 18:06:56.193 [main] BasicTypeRegistry - Adding type registration materialized_nclob -> org.hibernate.type.MaterializedNClobType@2d6c53fc
[DEBUG] 2018-09-30 18:06:56.193 [main] BasicTypeRegistry - Adding type registration serializable -> org.hibernate.type.SerializableType@7ceb3185
[DEBUG] 2018-09-30 18:06:56.193 [main] BasicTypeRegistry - Adding type registration object -> org.hibernate.type.ObjectType@6f19ac19
[DEBUG] 2018-09-30 18:06:56.193 [main] BasicTypeRegistry - Adding type registration java.lang.Object -> org.hibernate.type.ObjectType@6f19ac19
[DEBUG] 2018-09-30 18:06:56.193 [main] BasicTypeRegistry - Adding type registration imm_date -> org.hibernate.type.AdaptedImmutableType@482d776b
[DEBUG] 2018-09-30 18:06:56.193 [main] BasicTypeRegistry - Adding type registration imm_time -> org.hibernate.type.AdaptedImmutableType@4052274f
[DEBUG] 2018-09-30 18:06:56.193 [main] BasicTypeRegistry - Adding type registration imm_timestamp -> org.hibernate.type.AdaptedImmutableType@132ddbab
[DEBUG] 2018-09-30 18:06:56.193 [main] BasicTypeRegistry - Adding type registration imm_dbtimestamp -> org.hibernate.type.AdaptedImmutableType@297ea53a
[DEBUG] 2018-09-30 18:06:56.193 [main] BasicTypeRegistry - Adding type registration imm_calendar -> org.hibernate.type.AdaptedImmutableType@acb0951
[DEBUG] 2018-09-30 18:06:56.193 [main] BasicTypeRegistry - Adding type registration imm_calendar_date -> org.hibernate.type.AdaptedImmutableType@5bf22f18
[DEBUG] 2018-09-30 18:06:56.194 [main] BasicTypeRegistry - Adding type registration imm_binary -> org.hibernate.type.AdaptedImmutableType@267f474e
[DEBUG] 2018-09-30 18:06:56.194 [main] BasicTypeRegistry - Adding type registration imm_serializable -> org.hibernate.type.AdaptedImmutableType@7a7471ce
[INFO ] 2018-09-30 18:06:56.194 [main] C3P0ConnectionProvider - HHH010002: C3P0 using driver: com.mysql.jdbc.Driver at URL: jdbc:mysql://localhost:3306/quirondb_test
[INFO ] 2018-09-30 18:06:56.194 [main] C3P0ConnectionProvider - HHH10001001: Connection properties: {user=root, password=****}
[INFO ] 2018-09-30 18:06:56.194 [main] C3P0ConnectionProvider - HHH10001003: Autocommit mode: false
[INFO ] 2018-09-30 18:06:56.249 [main] C3P0ConnectionProvider - HHH10001007: JDBC isolation level: <unknown>
[DEBUG] 2018-09-30 18:06:56.298 [main] JdbcEnvironmentInitiator - Database ->
       name : MySQL
    version : 5.7.23-0ubuntu0.16.04.1
      major : 5
      minor : 7
[DEBUG] 2018-09-30 18:06:56.298 [main] JdbcEnvironmentInitiator - Driver ->
       name : MySQL Connector Java
    version : mysql-connector-java-5.1.39 ( Revision: 3289a357af6d09ecc1a10fd3c26e95183e5790ad )
      major : 5
      minor : 1
[DEBUG] 2018-09-30 18:06:56.298 [main] JdbcEnvironmentInitiator - JDBC version : 4.0
[INFO ] 2018-09-30 18:06:56.298 [main] Dialect - HHH000400: Using dialect: org.hibernate.dialect.MySQL5Dialect
[DEBUG] 2018-09-30 18:06:56.300 [main] IdentifierHelperBuilder - JDBC driver metadata reported database stores quoted identifiers in more than one case
[DEBUG] 2018-09-30 18:06:56.300 [main] IdentifierHelperBuilder - IdentifierCaseStrategy for both quoted and unquoted identifiers was set to the same strategy [MIXED]; that will likely lead to problems in schema update and validation if using quoted identifiers
[DEBUG] 2018-09-30 18:06:56.303 [main] DefaultIdentifierGeneratorFactory - Registering IdentifierGenerator strategy [uuid2] -> [org.hibernate.id.UUIDGenerator]
[DEBUG] 2018-09-30 18:06:56.303 [main] DefaultIdentifierGeneratorFactory - Registering IdentifierGenerator strategy [guid] -> [org.hibernate.id.GUIDGenerator]
[DEBUG] 2018-09-30 18:06:56.303 [main] DefaultIdentifierGeneratorFactory - Registering IdentifierGenerator strategy [uuid] -> [org.hibernate.id.UUIDHexGenerator]
[DEBUG] 2018-09-30 18:06:56.303 [main] DefaultIdentifierGeneratorFactory - Registering IdentifierGenerator strategy [uuid.hex] -> [org.hibernate.id.UUIDHexGenerator]
[DEBUG] 2018-09-30 18:06:56.303 [main] DefaultIdentifierGeneratorFactory - Registering IdentifierGenerator strategy [assigned] -> [org.hibernate.id.Assigned]
[DEBUG] 2018-09-30 18:06:56.303 [main] DefaultIdentifierGeneratorFactory - Registering IdentifierGenerator strategy [identity] -> [org.hibernate.id.IdentityGenerator]
[DEBUG] 2018-09-30 18:06:56.303 [main] DefaultIdentifierGeneratorFactory - Registering IdentifierGenerator strategy [select] -> [org.hibernate.id.SelectGenerator]
[DEBUG] 2018-09-30 18:06:56.303 [main] DefaultIdentifierGeneratorFactory - Registering IdentifierGenerator strategy [sequence] -> [org.hibernate.id.enhanced.SequenceStyleGenerator]
[DEBUG] 2018-09-30 18:06:56.303 [main] DefaultIdentifierGeneratorFactory - Registering IdentifierGenerator strategy [seqhilo] -> [org.hibernate.id.SequenceHiLoGenerator]
[DEBUG] 2018-09-30 18:06:56.303 [main] DefaultIdentifierGeneratorFactory - Registering IdentifierGenerator strategy [increment] -> [org.hibernate.id.IncrementGenerator]
[DEBUG] 2018-09-30 18:06:56.303 [main] DefaultIdentifierGeneratorFactory - Registering IdentifierGenerator strategy [foreign] -> [org.hibernate.id.ForeignGenerator]
[DEBUG] 2018-09-30 18:06:56.304 [main] DefaultIdentifierGeneratorFactory - Registering IdentifierGenerator strategy [sequence-identity] -> [org.hibernate.id.SequenceIdentityGenerator]
[DEBUG] 2018-09-30 18:06:56.304 [main] DefaultIdentifierGeneratorFactory - Registering IdentifierGenerator strategy [enhanced-sequence] -> [org.hibernate.id.enhanced.SequenceStyleGenerator]
[DEBUG] 2018-09-30 18:06:56.304 [main] DefaultIdentifierGeneratorFactory - Registering IdentifierGenerator strategy [enhanced-table] -> [org.hibernate.id.enhanced.TableGenerator]
[DEBUG] 2018-09-30 18:06:56.304 [main] Namespace - Created database namespace [logicalName=Name{catalog=null, schema=null}, physicalName=Name{catalog=null, schema=null}]
