[DEBUG] 2018-09-30 18:09:29.432 [main] IntegratorServiceImpl - Adding Integrator [org.hibernate.cfg.beanvalidation.BeanValidationIntegrator].
[DEBUG] 2018-09-30 18:09:29.447 [main] IntegratorServiceImpl - Adding Integrator [org.hibernate.secure.spi.JaccIntegrator].
[DEBUG] 2018-09-30 18:09:29.453 [main] IntegratorServiceImpl - Adding Integrator [org.hibernate.cache.internal.CollectionCacheInvalidator].
[INFO ] 2018-09-30 18:09:29.620 [main] Version - HHH000412: Hibernate Core {5.2.12.Final}
[INFO ] 2018-09-30 18:09:29.625 [main] Environment - HHH000206: hibernate.properties not found
[DEBUG] 2018-09-30 18:09:29.683 [main] LocalXmlResourceResolver - Interpreting public/system identifier : [-//Hibernate/Hibernate Configuration DTD//EN] - [http://www.hibernate.org/dtd/hibernate-configuration-3.0.dtd]
[DEBUG] 2018-09-30 18:09:29.684 [main] LocalXmlResourceResolver - Recognized hibernate-configuration identifier; attempting to resolve on classpath under org/hibernate/
[DEBUG] 2018-09-30 18:09:29.690 [main] JaxbCfgProcessor - cfg.xml document did not define namespaces; wrapping in custom event reader to introduce namespace information
[DEBUG] 2018-09-30 18:09:30.024 [main] ServiceBinding - Overriding existing service binding [org.hibernate.secure.spi.JaccService]
[DEBUG] 2018-09-30 18:09:30.074 [main] RegionFactoryInitiator - Cache region factory : org.hibernate.cache.internal.NoCachingRegionFactory
[INFO ] 2018-09-30 18:09:30.089 [main] Version - HCANN000001: Hibernate Commons Annotations {5.0.1.Final}
[DEBUG] 2018-09-30 18:09:30.137 [main] BasicTypeRegistry - Adding type registration boolean -> org.hibernate.type.BooleanType@432038ec
[DEBUG] 2018-09-30 18:09:30.139 [main] BasicTypeRegistry - Adding type registration boolean -> org.hibernate.type.BooleanType@432038ec
[DEBUG] 2018-09-30 18:09:30.144 [main] BasicTypeRegistry - Adding type registration java.lang.Boolean -> org.hibernate.type.BooleanType@432038ec
[DEBUG] 2018-09-30 18:09:30.146 [main] BasicTypeRegistry - Adding type registration numeric_boolean -> org.hibernate.type.NumericBooleanType@35645047
[DEBUG] 2018-09-30 18:09:30.148 [main] BasicTypeRegistry - Adding type registration true_false -> org.hibernate.type.TrueFalseType@5ef5c734
[DEBUG] 2018-09-30 18:09:30.150 [main] BasicTypeRegistry - Adding type registration yes_no -> org.hibernate.type.YesNoType@4671115f
[DEBUG] 2018-09-30 18:09:30.154 [main] BasicTypeRegistry - Adding type registration byte -> org.hibernate.type.ByteType@46b61c56
[DEBUG] 2018-09-30 18:09:30.154 [main] BasicTypeRegistry - Adding type registration byte -> org.hibernate.type.ByteType@46b61c56
[DEBUG] 2018-09-30 18:09:30.154 [main] BasicTypeRegistry - Adding type registration java.lang.Byte -> org.hibernate.type.ByteType@46b61c56
[DEBUG] 2018-09-30 18:09:30.159 [main] BasicTypeRegistry - Adding type registration character -> org.hibernate.type.CharacterType@12d2ce03
[DEBUG] 2018-09-30 18:09:30.159 [main] BasicTypeRegistry - Adding type registration char -> org.hibernate.type.CharacterType@12d2ce03
[DEBUG] 2018-09-30 18:09:30.162 [main] BasicTypeRegistry - Adding type registration java.lang.Character -> org.hibernate.type.CharacterType@12d2ce03
[DEBUG] 2018-09-30 18:09:30.164 [main] BasicTypeRegistry - Adding type registration short -> org.hibernate.type.ShortType@39ac0c0a
[DEBUG] 2018-09-30 18:09:30.165 [main] BasicTypeRegistry - Adding type registration short -> org.hibernate.type.ShortType@39ac0c0a
[DEBUG] 2018-09-30 18:09:30.165 [main] BasicTypeRegistry - Adding type registration java.lang.Short -> org.hibernate.type.ShortType@39ac0c0a
[DEBUG] 2018-09-30 18:09:30.167 [main] BasicTypeRegistry - Adding type registration integer -> org.hibernate.type.IntegerType@65b104b9
[DEBUG] 2018-09-30 18:09:30.168 [main] BasicTypeRegistry - Adding type registration int -> org.hibernate.type.IntegerType@65b104b9
[DEBUG] 2018-09-30 18:09:30.168 [main] BasicTypeRegistry - Adding type registration java.lang.Integer -> org.hibernate.type.IntegerType@65b104b9
[DEBUG] 2018-09-30 18:09:30.171 [main] BasicTypeRegistry - Adding type registration long -> org.hibernate.type.LongType@1339e7aa
[DEBUG] 2018-09-30 18:09:30.171 [main] BasicTypeRegistry - Adding type registration long -> org.hibernate.type.LongType@1339e7aa
[DEBUG] 2018-09-30 18:09:30.171 [main] BasicTypeRegistry - Adding type registration java.lang.Long -> org.hibernate.type.LongType@1339e7aa
[DEBUG] 2018-09-30 18:09:30.174 [main] BasicTypeRegistry - Adding type registration float -> org.hibernate.type.FloatType@4f3bbf68
[DEBUG] 2018-09-30 18:09:30.174 [main] BasicTypeRegistry - Adding type registration float -> org.hibernate.type.FloatType@4f3bbf68
[DEBUG] 2018-09-30 18:09:30.174 [main] BasicTypeRegistry - Adding type registration java.lang.Float -> org.hibernate.type.FloatType@4f3bbf68
[DEBUG] 2018-09-30 18:09:30.177 [main] BasicTypeRegistry - Adding type registration double -> org.hibernate.type.DoubleType@59a008ba
[DEBUG] 2018-09-30 18:09:30.178 [main] BasicTypeRegistry - Adding type registration double -> org.hibernate.type.DoubleType@59a008ba
[DEBUG] 2018-09-30 18:09:30.178 [main] BasicTypeRegistry - Adding type registration java.lang.Double -> org.hibernate.type.DoubleType@59a008ba
[DEBUG] 2018-09-30 18:09:30.181 [main] BasicTypeRegistry - Adding type registration big_decimal -> org.hibernate.type.BigDecimalType@70f02c32
[DEBUG] 2018-09-30 18:09:30.181 [main] BasicTypeRegistry - Adding type registration java.math.BigDecimal -> org.hibernate.type.BigDecimalType@70f02c32
[DEBUG] 2018-09-30 18:09:30.183 [main] BasicTypeRegistry - Adding type registration big_integer -> org.hibernate.type.BigIntegerType@5b6ec132
[DEBUG] 2018-09-30 18:09:30.183 [main] BasicTypeRegistry - Adding type registration java.math.BigInteger -> org.hibernate.type.BigIntegerType@5b6ec132
[DEBUG] 2018-09-30 18:09:30.185 [main] BasicTypeRegistry - Adding type registration string -> org.hibernate.type.StringType@7b205dbd
[DEBUG] 2018-09-30 18:09:30.186 [main] BasicTypeRegistry - Adding type registration java.lang.String -> org.hibernate.type.StringType@7b205dbd
[DEBUG] 2018-09-30 18:09:30.188 [main] BasicTypeRegistry - Adding type registration nstring -> org.hibernate.type.StringNVarcharType@63f259c3
[DEBUG] 2018-09-30 18:09:30.190 [main] BasicTypeRegistry - Adding type registration ncharacter -> org.hibernate.type.CharacterNCharType@5c2375a9
[DEBUG] 2018-09-30 18:09:30.192 [main] BasicTypeRegistry - Adding type registration url -> org.hibernate.type.UrlType@492691d7
[DEBUG] 2018-09-30 18:09:30.192 [main] BasicTypeRegistry - Adding type registration java.net.URL -> org.hibernate.type.UrlType@492691d7
[DEBUG] 2018-09-30 18:09:30.194 [main] BasicTypeRegistry - Adding type registration Duration -> org.hibernate.type.DurationType@67545b57
[DEBUG] 2018-09-30 18:09:30.195 [main] BasicTypeRegistry - Adding type registration java.time.Duration -> org.hibernate.type.DurationType@67545b57
[DEBUG] 2018-09-30 18:09:30.211 [main] BasicTypeRegistry - Adding type registration Instant -> org.hibernate.type.InstantType@632ceb35
[DEBUG] 2018-09-30 18:09:30.212 [main] BasicTypeRegistry - Adding type registration java.time.Instant -> org.hibernate.type.InstantType@632ceb35
[DEBUG] 2018-09-30 18:09:30.216 [main] BasicTypeRegistry - Adding type registration LocalDateTime -> org.hibernate.type.LocalDateTimeType@130e116b
[DEBUG] 2018-09-30 18:09:30.217 [main] BasicTypeRegistry - Adding type registration java.time.LocalDateTime -> org.hibernate.type.LocalDateTimeType@130e116b
[DEBUG] 2018-09-30 18:09:30.221 [main] BasicTypeRegistry - Adding type registration LocalDate -> org.hibernate.type.LocalDateType@141e5bef
[DEBUG] 2018-09-30 18:09:30.222 [main] BasicTypeRegistry - Adding type registration java.time.LocalDate -> org.hibernate.type.LocalDateType@141e5bef
[DEBUG] 2018-09-30 18:09:30.224 [main] BasicTypeRegistry - Adding type registration LocalTime -> org.hibernate.type.LocalTimeType@3adcc812
[DEBUG] 2018-09-30 18:09:30.225 [main] BasicTypeRegistry - Adding type registration java.time.LocalTime -> org.hibernate.type.LocalTimeType@3adcc812
[DEBUG] 2018-09-30 18:09:30.232 [main] BasicTypeRegistry - Adding type registration OffsetDateTime -> org.hibernate.type.OffsetDateTimeType@a3d9978
[DEBUG] 2018-09-30 18:09:30.232 [main] BasicTypeRegistry - Adding type registration java.time.OffsetDateTime -> org.hibernate.type.OffsetDateTimeType@a3d9978
[DEBUG] 2018-09-30 18:09:30.235 [main] BasicTypeRegistry - Adding type registration OffsetTime -> org.hibernate.type.OffsetTimeType@1e461e41
[DEBUG] 2018-09-30 18:09:30.235 [main] BasicTypeRegistry - Adding type registration java.time.OffsetTime -> org.hibernate.type.OffsetTimeType@1e461e41
[DEBUG] 2018-09-30 18:09:30.241 [main] BasicTypeRegistry - Adding type registration ZonedDateTime -> org.hibernate.type.ZonedDateTimeType@6581dc0a
[DEBUG] 2018-09-30 18:09:30.241 [main] BasicTypeRegistry - Adding type registration java.time.ZonedDateTime -> org.hibernate.type.ZonedDateTimeType@6581dc0a
[DEBUG] 2018-09-30 18:09:30.244 [main] BasicTypeRegistry - Adding type registration date -> org.hibernate.type.DateType@764faa6
[DEBUG] 2018-09-30 18:09:30.245 [main] BasicTypeRegistry - Adding type registration java.sql.Date -> org.hibernate.type.DateType@764faa6
[DEBUG] 2018-09-30 18:09:30.247 [main] BasicTypeRegistry - Adding type registration time -> org.hibernate.type.TimeType@484094a5
[DEBUG] 2018-09-30 18:09:30.247 [main] BasicTypeRegistry - Adding type registration java.sql.Time -> org.hibernate.type.TimeType@484094a5
[DEBUG] 2018-09-30 18:09:30.251 [main] BasicTypeRegistry - Adding type registration timestamp -> org.hibernate.type.TimestampType@e57b96d
[DEBUG] 2018-09-30 18:09:30.252 [main] BasicTypeRegistry - Adding type registration java.sql.Timestamp -> org.hibernate.type.TimestampType@e57b96d
[DEBUG] 2018-09-30 18:09:30.252 [main] BasicTypeRegistry - Adding type registration java.util.Date -> org.hibernate.type.TimestampType@e57b96d
[DEBUG] 2018-09-30 18:09:30.254 [main] BasicTypeRegistry - Adding type registration dbtimestamp -> org.hibernate.type.DbTimestampType@34c01041
[DEBUG] 2018-09-30 18:09:30.256 [main] BasicTypeRegistry - Adding type registration calendar -> org.hibernate.type.CalendarType@7f0d96f2
[DEBUG] 2018-09-30 18:09:30.257 [main] BasicTypeRegistry - Adding type registration java.util.Calendar -> org.hibernate.type.CalendarType@7f0d96f2
[DEBUG] 2018-09-30 18:09:30.257 [main] BasicTypeRegistry - Adding type registration java.util.GregorianCalendar -> org.hibernate.type.CalendarType@7f0d96f2
[DEBUG] 2018-09-30 18:09:30.258 [main] BasicTypeRegistry - Adding type registration calendar_date -> org.hibernate.type.CalendarDateType@524f3b3a
[DEBUG] 2018-09-30 18:09:30.263 [main] BasicTypeRegistry - Adding type registration locale -> org.hibernate.type.LocaleType@77102b91
[DEBUG] 2018-09-30 18:09:30.266 [main] BasicTypeRegistry - Adding type registration java.util.Locale -> org.hibernate.type.LocaleType@77102b91
[DEBUG] 2018-09-30 18:09:30.270 [main] BasicTypeRegistry - Adding type registration currency -> org.hibernate.type.CurrencyType@3f9342d4
[DEBUG] 2018-09-30 18:09:30.270 [main] BasicTypeRegistry - Adding type registration java.util.Currency -> org.hibernate.type.CurrencyType@3f9342d4
[DEBUG] 2018-09-30 18:09:30.273 [main] BasicTypeRegistry - Adding type registration timezone -> org.hibernate.type.TimeZoneType@3d3e5463
[DEBUG] 2018-09-30 18:09:30.274 [main] BasicTypeRegistry - Adding type registration java.util.TimeZone -> org.hibernate.type.TimeZoneType@3d3e5463
[DEBUG] 2018-09-30 18:09:30.276 [main] BasicTypeRegistry - Adding type registration class -> org.hibernate.type.ClassType@49964d75
[DEBUG] 2018-09-30 18:09:30.276 [main] BasicTypeRegistry - Adding type registration java.lang.Class -> org.hibernate.type.ClassType@49964d75
[DEBUG] 2018-09-30 18:09:30.279 [main] BasicTypeRegistry - Adding type registration uuid-binary -> org.hibernate.type.UUIDBinaryType@2f62ea70
[DEBUG] 2018-09-30 18:09:30.279 [main] BasicTypeRegistry - Adding type registration java.util.UUID -> org.hibernate.type.UUIDBinaryType@2f62ea70
[DEBUG] 2018-09-30 18:09:30.280 [main] BasicTypeRegistry - Adding type registration uuid-char -> org.hibernate.type.UUIDCharType@53f6fd09
[DEBUG] 2018-09-30 18:09:30.282 [main] BasicTypeRegistry - Adding type registration binary -> org.hibernate.type.BinaryType@539d019
[DEBUG] 2018-09-30 18:09:30.283 [main] BasicTypeRegistry - Adding type registration byte[] -> org.hibernate.type.BinaryType@539d019
[DEBUG] 2018-09-30 18:09:30.283 [main] BasicTypeRegistry - Adding type registration [B -> org.hibernate.type.BinaryType@539d019
[DEBUG] 2018-09-30 18:09:30.285 [main] BasicTypeRegistry - Adding type registration wrapper-binary -> org.hibernate.type.WrapperBinaryType@6f63b475
[DEBUG] 2018-09-30 18:09:30.285 [main] BasicTypeRegistry - Adding type registration Byte[] -> org.hibernate.type.WrapperBinaryType@6f63b475
[DEBUG] 2018-09-30 18:09:30.285 [main] BasicTypeRegistry - Adding type registration [Ljava.lang.Byte; -> org.hibernate.type.WrapperBinaryType@6f63b475
[DEBUG] 2018-09-30 18:09:30.288 [main] BasicTypeRegistry - Adding type registration row_version -> org.hibernate.type.RowVersionType@b2c5e07
[DEBUG] 2018-09-30 18:09:30.289 [main] BasicTypeRegistry - Adding type registration image -> org.hibernate.type.ImageType@1a20270e
[DEBUG] 2018-09-30 18:09:30.291 [main] BasicTypeRegistry - Adding type registration characters -> org.hibernate.type.CharArrayType@19e4fcac
[DEBUG] 2018-09-30 18:09:30.291 [main] BasicTypeRegistry - Adding type registration char[] -> org.hibernate.type.CharArrayType@19e4fcac
[DEBUG] 2018-09-30 18:09:30.291 [main] BasicTypeRegistry - Adding type registration [C -> org.hibernate.type.CharArrayType@19e4fcac
[DEBUG] 2018-09-30 18:09:30.293 [main] BasicTypeRegistry - Adding type registration wrapper-characters -> org.hibernate.type.CharacterArrayType@21fd5faa
[DEBUG] 2018-09-30 18:09:30.293 [main] BasicTypeRegistry - Adding type registration [Ljava.lang.Character; -> org.hibernate.type.CharacterArrayType@21fd5faa
[DEBUG] 2018-09-30 18:09:30.294 [main] BasicTypeRegistry - Adding type registration Character[] -> org.hibernate.type.CharacterArrayType@21fd5faa
[DEBUG] 2018-09-30 18:09:30.296 [main] BasicTypeRegistry - Adding type registration text -> org.hibernate.type.TextType@3fc9504b
[DEBUG] 2018-09-30 18:09:30.297 [main] BasicTypeRegistry - Adding type registration ntext -> org.hibernate.type.NTextType@740d2e78
[DEBUG] 2018-09-30 18:09:30.306 [main] BasicTypeRegistry - Adding type registration blob -> org.hibernate.type.BlobType@6ed3f258
[DEBUG] 2018-09-30 18:09:30.306 [main] BasicTypeRegistry - Adding type registration java.sql.Blob -> org.hibernate.type.BlobType@6ed3f258
[DEBUG] 2018-09-30 18:09:30.307 [main] BasicTypeRegistry - Adding type registration materialized_blob -> org.hibernate.type.MaterializedBlobType@19835e64
[DEBUG] 2018-09-30 18:09:30.312 [main] BasicTypeRegistry - Adding type registration clob -> org.hibernate.type.ClobType@2a62b5bc
[DEBUG] 2018-09-30 18:09:30.313 [main] BasicTypeRegistry - Adding type registration java.sql.Clob -> org.hibernate.type.ClobType@2a62b5bc
[DEBUG] 2018-09-30 18:09:30.318 [main] BasicTypeRegistry - Adding type registration nclob -> org.hibernate.type.NClobType@388526fb
[DEBUG] 2018-09-30 18:09:30.318 [main] BasicTypeRegistry - Adding type registration java.sql.NClob -> org.hibernate.type.NClobType@388526fb
[DEBUG] 2018-09-30 18:09:30.318 [main] BasicTypeRegistry - Adding type registration materialized_clob -> org.hibernate.type.MaterializedClobType@42bc14c1
[DEBUG] 2018-09-30 18:09:30.319 [main] BasicTypeRegistry - Adding type registration materialized_nclob -> org.hibernate.type.MaterializedNClobType@6436a7db
[DEBUG] 2018-09-30 18:09:30.321 [main] BasicTypeRegistry - Adding type registration serializable -> org.hibernate.type.SerializableType@40238dd0
[DEBUG] 2018-09-30 18:09:30.326 [main] BasicTypeRegistry - Adding type registration object -> org.hibernate.type.ObjectType@503ecb24
[DEBUG] 2018-09-30 18:09:30.327 [main] BasicTypeRegistry - Adding type registration java.lang.Object -> org.hibernate.type.ObjectType@503ecb24
[DEBUG] 2018-09-30 18:09:30.327 [main] BasicTypeRegistry - Adding type registration imm_date -> org.hibernate.type.AdaptedImmutableType@5143c662
[DEBUG] 2018-09-30 18:09:30.328 [main] BasicTypeRegistry - Adding type registration imm_time -> org.hibernate.type.AdaptedImmutableType@77825085
[DEBUG] 2018-09-30 18:09:30.328 [main] BasicTypeRegistry - Adding type registration imm_timestamp -> org.hibernate.type.AdaptedImmutableType@3568f9d2
[DEBUG] 2018-09-30 18:09:30.328 [main] BasicTypeRegistry - Adding type registration imm_dbtimestamp -> org.hibernate.type.AdaptedImmutableType@71c27ee8
[DEBUG] 2018-09-30 18:09:30.330 [main] BasicTypeRegistry - Adding type registration imm_calendar -> org.hibernate.type.AdaptedImmutableType@3e7dd664
[DEBUG] 2018-09-30 18:09:30.330 [main] BasicTypeRegistry - Adding type registration imm_calendar_date -> org.hibernate.type.AdaptedImmutableType@5b1ebf56
[DEBUG] 2018-09-30 18:09:30.330 [main] BasicTypeRegistry - Adding type registration imm_binary -> org.hibernate.type.AdaptedImmutableType@294a6b8e
[DEBUG] 2018-09-30 18:09:30.330 [main] BasicTypeRegistry - Adding type registration imm_serializable -> org.hibernate.type.AdaptedImmutableType@4b1d6571
[INFO ] 2018-09-30 18:09:30.356 [main] C3P0ConnectionProvider - HHH010002: C3P0 using driver: com.mysql.jdbc.Driver at URL: jdbc:mysql://localhost:3306/quirondb_test
[INFO ] 2018-09-30 18:09:30.357 [main] C3P0ConnectionProvider - HHH10001001: Connection properties: {user=root, password=****}
[INFO ] 2018-09-30 18:09:30.357 [main] C3P0ConnectionProvider - HHH10001003: Autocommit mode: false
[INFO ] 2018-09-30 18:09:30.602 [main] C3P0ConnectionProvider - HHH10001007: JDBC isolation level: <unknown>
[DEBUG] 2018-09-30 18:09:30.825 [main] JdbcEnvironmentInitiator - Database ->
       name : MySQL
    version : 5.7.23-0ubuntu0.16.04.1
      major : 5
      minor : 7
[DEBUG] 2018-09-30 18:09:30.825 [main] JdbcEnvironmentInitiator - Driver ->
       name : MySQL Connector Java
    version : mysql-connector-java-5.1.39 ( Revision: 3289a357af6d09ecc1a10fd3c26e95183e5790ad )
      major : 5
      minor : 1
[DEBUG] 2018-09-30 18:09:30.825 [main] JdbcEnvironmentInitiator - JDBC version : 4.0
[INFO ] 2018-09-30 18:09:30.868 [main] Dialect - HHH000400: Using dialect: org.hibernate.dialect.MySQL5Dialect
[DEBUG] 2018-09-30 18:09:31.010 [main] IdentifierHelperBuilder - JDBC driver metadata reported database stores quoted identifiers in more than one case
[DEBUG] 2018-09-30 18:09:31.016 [main] IdentifierHelperBuilder - IdentifierCaseStrategy for both quoted and unquoted identifiers was set to the same strategy [MIXED]; that will likely lead to problems in schema update and validation if using quoted identifiers
[DEBUG] 2018-09-30 18:09:31.146 [main] DefaultIdentifierGeneratorFactory - Registering IdentifierGenerator strategy [uuid2] -> [org.hibernate.id.UUIDGenerator]
[DEBUG] 2018-09-30 18:09:31.149 [main] DefaultIdentifierGeneratorFactory - Registering IdentifierGenerator strategy [guid] -> [org.hibernate.id.GUIDGenerator]
[DEBUG] 2018-09-30 18:09:31.151 [main] DefaultIdentifierGeneratorFactory - Registering IdentifierGenerator strategy [uuid] -> [org.hibernate.id.UUIDHexGenerator]
[DEBUG] 2018-09-30 18:09:31.151 [main] DefaultIdentifierGeneratorFactory - Registering IdentifierGenerator strategy [uuid.hex] -> [org.hibernate.id.UUIDHexGenerator]
[DEBUG] 2018-09-30 18:09:31.154 [main] DefaultIdentifierGeneratorFactory - Registering IdentifierGenerator strategy [assigned] -> [org.hibernate.id.Assigned]
[DEBUG] 2018-09-30 18:09:31.156 [main] DefaultIdentifierGeneratorFactory - Registering IdentifierGenerator strategy [identity] -> [org.hibernate.id.IdentityGenerator]
[DEBUG] 2018-09-30 18:09:31.157 [main] DefaultIdentifierGeneratorFactory - Registering IdentifierGenerator strategy [select] -> [org.hibernate.id.SelectGenerator]
[DEBUG] 2018-09-30 18:09:31.162 [main] DefaultIdentifierGeneratorFactory - Registering IdentifierGenerator strategy [sequence] -> [org.hibernate.id.enhanced.SequenceStyleGenerator]
[DEBUG] 2018-09-30 18:09:31.165 [main] DefaultIdentifierGeneratorFactory - Registering IdentifierGenerator strategy [seqhilo] -> [org.hibernate.id.SequenceHiLoGenerator]
[DEBUG] 2018-09-30 18:09:31.168 [main] DefaultIdentifierGeneratorFactory - Registering IdentifierGenerator strategy [increment] -> [org.hibernate.id.IncrementGenerator]
[DEBUG] 2018-09-30 18:09:31.169 [main] DefaultIdentifierGeneratorFactory - Registering IdentifierGenerator strategy [foreign] -> [org.hibernate.id.ForeignGenerator]
[DEBUG] 2018-09-30 18:09:31.171 [main] DefaultIdentifierGeneratorFactory - Registering IdentifierGenerator strategy [sequence-identity] -> [org.hibernate.id.SequenceIdentityGenerator]
[DEBUG] 2018-09-30 18:09:31.171 [main] DefaultIdentifierGeneratorFactory - Registering IdentifierGenerator strategy [enhanced-sequence] -> [org.hibernate.id.enhanced.SequenceStyleGenerator]
[DEBUG] 2018-09-30 18:09:31.174 [main] DefaultIdentifierGeneratorFactory - Registering IdentifierGenerator strategy [enhanced-table] -> [org.hibernate.id.enhanced.TableGenerator]
[DEBUG] 2018-09-30 18:09:31.394 [main] Namespace - Created database namespace [logicalName=Name{catalog=null, schema=null}, physicalName=Name{catalog=null, schema=null}]
[DEBUG] 2018-09-30 18:09:31.476 [main] AnnotationBinder - Binding entity from annotated class: co.net.quiron.domain.admin.Country
[DEBUG] 2018-09-30 18:09:31.534 [main] Ejb3Column - Binding column: Ejb3DiscriminatorColumn{logicalColumnName'DTYPE', discriminatorTypeName='string'}
[DEBUG] 2018-09-30 18:09:31.547 [main] EntityBinder - Import with entity name Countries
[DEBUG] 2018-09-30 18:09:31.559 [main] EntityBinder - Bind entity co.net.quiron.domain.admin.Country on table COUNTRIES
[DEBUG] 2018-09-30 18:09:31.634 [main] Ejb3Column - Binding column: Ejb3Column{table=org.hibernate.mapping.Table(COUNTRIES), mappingColumn=CountryID, insertable=true, updatable=true, unique=false}
[DEBUG] 2018-09-30 18:09:31.646 [main] PropertyBinder - MetadataSourceProcessor property id with lazy=false
[DEBUG] 2018-09-30 18:09:31.657 [main] AbstractPropertyHolder - Attempting to locate auto-apply AttributeConverter for property [co.net.quiron.domain.admin.Country:id]
[DEBUG] 2018-09-30 18:09:31.662 [main] SimpleValueBinder - building SimpleValue for id
[DEBUG] 2018-09-30 18:09:31.667 [main] PropertyBinder - Building property id
[DEBUG] 2018-09-30 18:09:31.680 [main] Ejb3Column - Binding column: Ejb3Column{table=org.hibernate.mapping.Table(COUNTRIES), mappingColumn=CountryCode, insertable=true, updatable=true, unique=false}
[DEBUG] 2018-09-30 18:09:31.681 [main] PropertyBinder - MetadataSourceProcessor property code with lazy=false
[DEBUG] 2018-09-30 18:09:31.681 [main] AbstractPropertyHolder - Attempting to locate auto-apply AttributeConverter for property [co.net.quiron.domain.admin.Country:code]
[DEBUG] 2018-09-30 18:09:31.682 [main] SimpleValueBinder - building SimpleValue for code
[DEBUG] 2018-09-30 18:09:31.683 [main] PropertyBinder - Building property code
[DEBUG] 2018-09-30 18:09:31.686 [main] Ejb3Column - Binding column: Ejb3Column{table=org.hibernate.mapping.Table(COUNTRIES), mappingColumn=CreatedDate, insertable=true, updatable=true, unique=false}
[DEBUG] 2018-09-30 18:09:31.687 [main] PropertyBinder - MetadataSourceProcessor property createdDate with lazy=false
[DEBUG] 2018-09-30 18:09:31.687 [main] AbstractPropertyHolder - Attempting to locate auto-apply AttributeConverter for property [co.net.quiron.domain.admin.Country:createdDate]
[DEBUG] 2018-09-30 18:09:31.690 [main] SimpleValueBinder - building SimpleValue for createdDate
[DEBUG] 2018-09-30 18:09:31.690 [main] PropertyBinder - Building property createdDate
[DEBUG] 2018-09-30 18:09:31.707 [main] Ejb3Column - Binding column: Ejb3Column{table=org.hibernate.mapping.Table(COUNTRIES), mappingColumn=ModifiedDate, insertable=true, updatable=true, unique=false}
[DEBUG] 2018-09-30 18:09:31.707 [main] PropertyBinder - MetadataSourceProcessor property modifiedDate with lazy=false
[DEBUG] 2018-09-30 18:09:31.708 [main] AbstractPropertyHolder - Attempting to locate auto-apply AttributeConverter for property [co.net.quiron.domain.admin.Country:modifiedDate]
[DEBUG] 2018-09-30 18:09:31.708 [main] SimpleValueBinder - building SimpleValue for modifiedDate
[DEBUG] 2018-09-30 18:09:31.711 [main] PropertyBinder - Building property modifiedDate
[DEBUG] 2018-09-30 18:09:31.713 [main] Ejb3Column - Binding column: Ejb3Column{table=org.hibernate.mapping.Table(COUNTRIES), mappingColumn=Name, insertable=true, updatable=true, unique=false}
[DEBUG] 2018-09-30 18:09:31.713 [main] PropertyBinder - MetadataSourceProcessor property name with lazy=false
[DEBUG] 2018-09-30 18:09:31.713 [main] AbstractPropertyHolder - Attempting to locate auto-apply AttributeConverter for property [co.net.quiron.domain.admin.Country:name]
[DEBUG] 2018-09-30 18:09:31.714 [main] SimpleValueBinder - building SimpleValue for name
[DEBUG] 2018-09-30 18:09:31.714 [main] PropertyBinder - Building property name
[DEBUG] 2018-09-30 18:09:31.717 [main] SimpleValueBinder - Starting fillSimpleValue for id
[DEBUG] 2018-09-30 18:09:31.717 [main] SimpleValueBinder - Starting fillSimpleValue for code
[DEBUG] 2018-09-30 18:09:31.717 [main] SimpleValueBinder - Starting fillSimpleValue for createdDate
[DEBUG] 2018-09-30 18:09:31.717 [main] SimpleValueBinder - Starting fillSimpleValue for modifiedDate
[DEBUG] 2018-09-30 18:09:31.717 [main] SimpleValueBinder - Starting fillSimpleValue for name
[DEBUG] 2018-09-30 18:09:31.721 [main] PrimaryKey - Forcing column [countryid] to be non-null as it is part of the primary key for table [countries]
[DEBUG] 2018-09-30 18:09:31.840 [main] SessionFactoryImpl - Building session factory
[DEBUG] 2018-09-30 18:09:31.843 [main] Settings - SessionFactory name : null
[DEBUG] 2018-09-30 18:09:31.843 [main] Settings - Automatic flush during beforeCompletion(): enabled
[DEBUG] 2018-09-30 18:09:31.844 [main] Settings - Automatic session close at end of transaction: disabled
[DEBUG] 2018-09-30 18:09:31.844 [main] Settings - Statistics: disabled
[DEBUG] 2018-09-30 18:09:31.844 [main] Settings - Deleted entity synthetic identifier rollback: disabled
[DEBUG] 2018-09-30 18:09:31.845 [main] Settings - Default entity-mode: pojo
[DEBUG] 2018-09-30 18:09:31.845 [main] Settings - Check Nullability in Core (should be disabled when Bean Validation is on): enabled
[DEBUG] 2018-09-30 18:09:31.845 [main] Settings - Allow initialization of lazy state outside session : disabled
[DEBUG] 2018-09-30 18:09:31.847 [main] Settings - Using BatchFetchStyle : LEGACY
[DEBUG] 2018-09-30 18:09:31.847 [main] Settings - Default batch fetch size: -1
[DEBUG] 2018-09-30 18:09:31.847 [main] Settings - Maximum outer join fetch depth: 2
[DEBUG] 2018-09-30 18:09:31.847 [main] Settings - Default null ordering: NONE
[DEBUG] 2018-09-30 18:09:31.847 [main] Settings - Order SQL updates by primary key: disabled
[DEBUG] 2018-09-30 18:09:31.847 [main] Settings - Order SQL inserts for batching: disabled
[DEBUG] 2018-09-30 18:09:31.847 [main] Settings - multi-tenancy strategy : NONE
[DEBUG] 2018-09-30 18:09:31.847 [main] Settings - JTA Track by Thread: enabled
[DEBUG] 2018-09-30 18:09:31.847 [main] Settings - Query language substitutions: {}
[DEBUG] 2018-09-30 18:09:31.847 [main] Settings - JPA query language strict compliance: disabled
[DEBUG] 2018-09-30 18:09:31.848 [main] Settings - Named query checking : enabled
[DEBUG] 2018-09-30 18:09:31.848 [main] Settings - Second-level cache: enabled
[DEBUG] 2018-09-30 18:09:31.848 [main] Settings - Second-level query cache: disabled
[DEBUG] 2018-09-30 18:09:31.848 [main] Settings - Second-level query cache factory: org.hibernate.cache.internal.StandardQueryCacheFactory@4d0402b
[DEBUG] 2018-09-30 18:09:31.848 [main] Settings - Second-level cache region prefix: null
[DEBUG] 2018-09-30 18:09:31.849 [main] Settings - Optimize second-level cache for minimal puts: disabled
[DEBUG] 2018-09-30 18:09:31.849 [main] Settings - Structured second-level cache entries: disabled
[DEBUG] 2018-09-30 18:09:31.849 [main] Settings - Second-level cache direct-reference entries: disabled
[DEBUG] 2018-09-30 18:09:31.849 [main] Settings - Automatic eviction of collection cache: disabled
[DEBUG] 2018-09-30 18:09:31.849 [main] Settings - JDBC batch size: 15
[DEBUG] 2018-09-30 18:09:31.849 [main] Settings - JDBC batch updates for versioned data: enabled
[DEBUG] 2018-09-30 18:09:31.849 [main] Settings - Scrollable result sets: enabled
[DEBUG] 2018-09-30 18:09:31.849 [main] Settings - Wrap result sets: disabled
[DEBUG] 2018-09-30 18:09:31.850 [main] Settings - JDBC3 getGeneratedKeys(): enabled
[DEBUG] 2018-09-30 18:09:31.850 [main] Settings - JDBC result set fetch size: null
[DEBUG] 2018-09-30 18:09:31.850 [main] Settings - Connection release mode: AFTER_TRANSACTION
[DEBUG] 2018-09-30 18:09:31.850 [main] Settings - Generate SQL with comments: disabled
[DEBUG] 2018-09-30 18:09:32.009 [main] SessionFactoryImpl - Session factory constructed with filter configurations : {}
[DEBUG] 2018-09-30 18:09:32.010 [main] SessionFactoryImpl - Instantiating session factory with properties: {sun.desktop=gnome, awt.toolkit=sun.awt.X11.XToolkit, file.encoding.pkg=sun.io, java.specification.version=1.8, hibernate.c3p0.idle_test_period=3000, sun.cpu.isalist=, sun.jnu.encoding=UTF-8, hibernate.c3p0.min_size=5, java.class.path=/home/yperea/IntelliJ/lib/idea_rt.jar:/home/yperea/IntelliJ/plugins/junit/lib/junit-rt.jar:/home/yperea/IntelliJ/plugins/junit/lib/junit5-rt.jar:/usr/lib/jvm/java-8-oracle/jre/lib/charsets.jar:/usr/lib/jvm/java-8-oracle/jre/lib/deploy.jar:/usr/lib/jvm/java-8-oracle/jre/lib/ext/cldrdata.jar:/usr/lib/jvm/java-8-oracle/jre/lib/ext/dnsns.jar:/usr/lib/jvm/java-8-oracle/jre/lib/ext/jaccess.jar:/usr/lib/jvm/java-8-oracle/jre/lib/ext/jfxrt.jar:/usr/lib/jvm/java-8-oracle/jre/lib/ext/localedata.jar:/usr/lib/jvm/java-8-oracle/jre/lib/ext/nashorn.jar:/usr/lib/jvm/java-8-oracle/jre/lib/ext/sunec.jar:/usr/lib/jvm/java-8-oracle/jre/lib/ext/sunjce_provider.jar:/usr/lib/jvm/java-8-oracle/jre/lib/ext/sunpkcs11.jar:/usr/lib/jvm/java-8-oracle/jre/lib/ext/zipfs.jar:/usr/lib/jvm/java-8-oracle/jre/lib/javaws.jar:/usr/lib/jvm/java-8-oracle/jre/lib/jce.jar:/usr/lib/jvm/java-8-oracle/jre/lib/jfr.jar:/usr/lib/jvm/java-8-oracle/jre/lib/jfxswt.jar:/usr/lib/jvm/java-8-oracle/jre/lib/jsse.jar:/usr/lib/jvm/java-8-oracle/jre/lib/management-agent.jar:/usr/lib/jvm/java-8-oracle/jre/lib/plugin.jar:/usr/lib/jvm/java-8-oracle/jre/lib/resources.jar:/usr/lib/jvm/java-8-oracle/jre/lib/rt.jar:/home/yperea/IdeaProjects/quiron/target/test-classes:/home/yperea/IdeaProjects/quiron/target/classes:/home/yperea/.m2/repository/junit/junit/4.12/junit-4.12.jar:/home/yperea/.m2/repository/org/hamcrest/hamcrest-core/1.3/hamcrest-core-1.3.jar:/home/yperea/.m2/repository/org/junit/jupiter/junit-jupiter-engine/5.0.0/junit-jupiter-engine-5.0.0.jar:/home/yperea/.m2/repository/org/apiguardian/apiguardian-api/1.0.0/apiguardian-api-1.0.0.jar:/home/yperea/.m2/repository/org/junit/platform/junit-platform-engine/1.0.0/junit-platform-engine-1.0.0.jar:/home/yperea/.m2/repository/org/junit/platform/junit-platform-runner/1.0.0/junit-platform-runner-1.0.0.jar:/home/yperea/.m2/repository/org/junit/platform/junit-platform-launcher/1.0.0/junit-platform-launcher-1.0.0.jar:/home/yperea/.m2/repository/org/junit/platform/junit-platform-suite-api/1.0.0/junit-platform-suite-api-1.0.0.jar:/home/yperea/.m2/repository/org/junit/vintage/junit-vintage-engine/4.12.0/junit-vintage-engine-4.12.0.jar:/home/yperea/.m2/repository/org/junit/jupiter/junit-jupiter-api/5.3.1/junit-jupiter-api-5.3.1.jar:/home/yperea/.m2/repository/org/opentest4j/opentest4j/1.1.1/opentest4j-1.1.1.jar:/home/yperea/.m2/repository/org/junit/platform/junit-platform-commons/1.3.1/junit-platform-commons-1.3.1.jar:/home/yperea/.m2/repository/javax/javaee-web-api/7.0/javaee-web-api-7.0.jar:/home/yperea/.m2/repository/org/apache/logging/log4j/log4j-api/2.10.0/log4j-api-2.10.0.jar:/home/yperea/.m2/repository/org/apache/logging/log4j/log4j-core/2.10.0/log4j-core-2.10.0.jar:/home/yperea/.m2/repository/org/hibernate/hibernate-core/5.2.12.Final/hibernate-core-5.2.12.Final.jar:/home/yperea/.m2/repository/org/jboss/logging/jboss-logging/3.3.0.Final/jboss-logging-3.3.0.Final.jar:/home/yperea/.m2/repository/org/hibernate/javax/persistence/hibernate-jpa-2.1-api/1.0.0.Final/hibernate-jpa-2.1-api-1.0.0.Final.jar:/home/yperea/.m2/repository/org/javassist/javassist/3.20.0-GA/javassist-3.20.0-GA.jar:/home/yperea/.m2/repository/antlr/antlr/2.7.7/antlr-2.7.7.jar:/home/yperea/.m2/repository/org/jboss/spec/javax/transaction/jboss-transaction-api_1.2_spec/1.0.1.Final/jboss-transaction-api_1.2_spec-1.0.1.Final.jar:/home/yperea/.m2/repository/org/jboss/jandex/2.0.3.Final/jandex-2.0.3.Final.jar:/home/yperea/.m2/repository/com/fasterxml/classmate/1.3.0/classmate-1.3.0.jar:/home/yperea/.m2/repository/dom4j/dom4j/1.6.1/dom4j-1.6.1.jar:/home/yperea/.m2/repository/org/hibernate/common/hibernate-commons-annotations/5.0.1.Final/hibernate-commons-annotations-5.0.1.Final.jar:/home/yperea/.m2/repository/org/hibernate/hibernate-c3p0/5.2.12.Final/hibernate-c3p0-5.2.12.Final.jar:/home/yperea/.m2/repository/com/mchange/c3p0/0.9.5.2/c3p0-0.9.5.2.jar:/home/yperea/.m2/repository/com/mchange/mchange-commons-java/0.2.11/mchange-commons-java-0.2.11.jar:/home/yperea/.m2/repository/mysql/mysql-connector-java/5.1.39/mysql-connector-java-5.1.39.jar:/home/yperea/.m2/repository/jstl/jstl/1.2/jstl-1.2.jar:/home/yperea/.m2/repository/org/projectlombok/lombok/1.18.2/lombok-1.18.2.jar:/home/yperea/IntelliJ/lib/intellij-coverage-agent-1.0.470.jar:/home/yperea/IntelliJ/lib/idea_rt.jar, java.vm.vendor=Oracle Corporation, sun.arch.data.model=64, idea.test.cyclic.buffer.size=1048576, java.vendor.url=http://java.oracle.com/, user.timezone=America/Chicago, os.name=Linux, java.vm.specification.version=1.8, user.country=US, sun.java.launcher=SUN_STANDARD, sun.boot.library.path=/usr/lib/jvm/java-8-oracle/jre/lib/amd64, sun.java.command=com.intellij.rt.execution.junit.JUnitStarter -ideVersion5 -junit5 @w@/tmp/idea_working_dirs_junit.tmp @/tmp/idea_junit.tmp -socket38499, sun.cpu.endian=little, hibernate.c3p0.max_statements=50, user.home=/home/yperea, user.language=en, java.specification.vendor=Oracle Corporation, java.home=/usr/lib/jvm/java-8-oracle/jre, file.separator=/, line.separator=
, hibernate.c3p0.timeout=300, java.vm.specification.vendor=Oracle Corporation, java.specification.name=Java Platform API Specification, java.awt.graphicsenv=sun.awt.X11GraphicsEnvironment, sun.boot.class.path=/usr/lib/jvm/java-8-oracle/jre/lib/resources.jar:/usr/lib/jvm/java-8-oracle/jre/lib/rt.jar:/usr/lib/jvm/java-8-oracle/jre/lib/sunrsasign.jar:/usr/lib/jvm/java-8-oracle/jre/lib/jsse.jar:/usr/lib/jvm/java-8-oracle/jre/lib/jce.jar:/usr/lib/jvm/java-8-oracle/jre/lib/charsets.jar:/usr/lib/jvm/java-8-oracle/jre/lib/jfr.jar:/usr/lib/jvm/java-8-oracle/jre/classes:/home/yperea/IntelliJ/lib/intellij-coverage-agent-1.0.470.jar, connection.password=root, sun.management.compiler=HotSpot 64-Bit Tiered Compilers, hibernate.c3p0.max_size=20, java.runtime.version=1.8.0_181-b13, user.name=yperea, path.separator=:, hibernate.connection.username=root, os.version=4.15.0-34-generic, java.endorsed.dirs=/usr/lib/jvm/java-8-oracle/jre/lib/endorsed, java.runtime.name=Java(TM) SE Runtime Environment, hibernate.connection.url=jdbc:mysql://localhost:3306/quirondb_test, file.encoding=UTF-8, java.vm.name=Java HotSpot(TM) 64-Bit Server VM, hibernate.connection.driver_class=com.mysql.jdbc.Driver, java.vendor.url.bug=http://bugreport.sun.com/bugreport/, java.io.tmpdir=/tmp, java.version=1.8.0_181, user.dir=/home/yperea/IdeaProjects/quiron, os.arch=amd64, connection.username=root, java.vm.specification.name=Java Virtual Machine Specification, hibernate.connection.password=****, java.awt.printerjob=sun.print.PSPrinterJob, sun.os.patch.level=unknown, connection.driver_class=com.mysql.jdbc.Driver, hibernate.boot.CfgXmlAccessService.key=org.hibernate.boot.cfgxml.spi.LoadedConfig@6b530eb9, java.library.path=/usr/java/packages/lib/amd64:/usr/lib64:/lib64:/lib:/usr/lib, java.vm.info=mixed mode, java.vendor=Oracle Corporation, java.vm.version=25.181-b13, hibernate.bytecode.use_reflection_optimizer=false, java.ext.dirs=/usr/lib/jvm/java-8-oracle/jre/lib/ext:/usr/java/packages/lib/ext, sun.io.unicode.encoding=UnicodeLittle, connection.url=jdbc:mysql://localhost:3306/quirondb_test, java.class.version=52.0}
[DEBUG] 2018-09-30 18:09:32.144 [main] TypeSafeActivator - Unable to acquire Bean Validation ValidatorFactory, skipping activation
[DEBUG] 2018-09-30 18:09:32.144 [main] JaccIntegrator - Skipping JACC integration as it was not enabled
[DEBUG] 2018-09-30 18:09:32.146 [main] SessionFactoryImpl - Instantiated session factory
[DEBUG] 2018-09-30 18:09:32.280 [main] ClassLoaderAccessImpl - Not known whether passed class name [co.net.quiron.domain.admin.Country] is safe
[DEBUG] 2018-09-30 18:09:32.281 [main] ClassLoaderAccessImpl - No temp ClassLoader provided; using live ClassLoader for loading potentially unsafe class : co.net.quiron.domain.admin.Country
[DEBUG] 2018-09-30 18:09:32.317 [main] ClassLoaderAccessImpl - Not known whether passed class name [co.net.quiron.domain.admin.Country] is safe
[DEBUG] 2018-09-30 18:09:32.317 [main] ClassLoaderAccessImpl - No temp ClassLoader provided; using live ClassLoader for loading potentially unsafe class : co.net.quiron.domain.admin.Country
[DEBUG] 2018-09-30 18:09:32.458 [main] AbstractEntityPersister - Static SQL for entity: co.net.quiron.domain.admin.Country
[DEBUG] 2018-09-30 18:09:32.459 [main] AbstractEntityPersister -  Version select: select CountryID from COUNTRIES where CountryID =?
[DEBUG] 2018-09-30 18:09:32.459 [main] AbstractEntityPersister -  Snapshot select: select country_.CountryID, country_.CountryCode as CountryC2_0_, country_.CreatedDate as CreatedD3_0_, country_.ModifiedDate as Modified4_0_, country_.Name as Name5_0_ from COUNTRIES country_ where country_.CountryID=?
[DEBUG] 2018-09-30 18:09:32.459 [main] AbstractEntityPersister -  Insert 0: insert into COUNTRIES (CountryCode, CreatedDate, ModifiedDate, Name, CountryID) values (?, ?, ?, ?, ?)
[DEBUG] 2018-09-30 18:09:32.459 [main] AbstractEntityPersister -  Update 0: update COUNTRIES set CountryCode=?, CreatedDate=?, ModifiedDate=?, Name=? where CountryID=?
[DEBUG] 2018-09-30 18:09:32.459 [main] AbstractEntityPersister -  Delete 0: delete from COUNTRIES where CountryID=?
[DEBUG] 2018-09-30 18:09:32.459 [main] AbstractEntityPersister -  Identity insert: insert into COUNTRIES (CountryCode, CreatedDate, ModifiedDate, Name) values (?, ?, ?, ?)
[DEBUG] 2018-09-30 18:09:32.531 [main] QuerySpacesImpl - Adding QuerySpace : uid = <gen:0> -> org.hibernate.loader.plan.build.internal.spaces.EntityQuerySpaceImpl@4c9e38]
[DEBUG] 2018-09-30 18:09:32.533 [main] MetamodelGraphWalker - Visiting attribute path : code
[DEBUG] 2018-09-30 18:09:32.533 [main] MetamodelGraphWalker - Visiting attribute path : createdDate
[DEBUG] 2018-09-30 18:09:32.534 [main] MetamodelGraphWalker - Visiting attribute path : modifiedDate
[DEBUG] 2018-09-30 18:09:32.534 [main] MetamodelGraphWalker - Visiting attribute path : name
[DEBUG] 2018-09-30 18:09:32.534 [main] FetchStyleLoadPlanBuildingAssociationVisitationStrategy - Building LoadPlan...
[DEBUG] 2018-09-30 18:09:32.564 [main] LoadQueryJoinAndFetchProcessor - processing queryspace <gen:0>
[DEBUG] 2018-09-30 18:09:32.581 [main] LoadPlanTreePrinter - LoadPlan(entity=co.net.quiron.domain.admin.Country)
    - Returns
       - EntityReturnImpl(entity=co.net.quiron.domain.admin.Country, querySpaceUid=<gen:0>, path=co.net.quiron.domain.admin.Country)
    - QuerySpaces
       - EntityQuerySpaceImpl(uid=<gen:0>, entity=co.net.quiron.domain.admin.Country)
          - SQL table alias mapping - country0_
          - alias suffix - 0_
          - suffixed key columns - {CountryI1_0_0_}

[DEBUG] 2018-09-30 18:09:32.586 [main] EntityLoader - Static select for entity co.net.quiron.domain.admin.Country [NONE]: select country0_.CountryID as CountryI1_0_0_, country0_.CountryCode as CountryC2_0_0_, country0_.CreatedDate as CreatedD3_0_0_, country0_.ModifiedDate as Modified4_0_0_, country0_.Name as Name5_0_0_ from COUNTRIES country0_ where country0_.CountryID=?
[DEBUG] 2018-09-30 18:09:32.586 [main] QuerySpacesImpl - Adding QuerySpace : uid = <gen:0> -> org.hibernate.loader.plan.build.internal.spaces.EntityQuerySpaceImpl@4cd1c1dc]
[DEBUG] 2018-09-30 18:09:32.587 [main] MetamodelGraphWalker - Visiting attribute path : code
[DEBUG] 2018-09-30 18:09:32.587 [main] MetamodelGraphWalker - Visiting attribute path : createdDate
[DEBUG] 2018-09-30 18:09:32.587 [main] MetamodelGraphWalker - Visiting attribute path : modifiedDate
[DEBUG] 2018-09-30 18:09:32.587 [main] MetamodelGraphWalker - Visiting attribute path : name
[DEBUG] 2018-09-30 18:09:32.587 [main] FetchStyleLoadPlanBuildingAssociationVisitationStrategy - Building LoadPlan...
[DEBUG] 2018-09-30 18:09:32.587 [main] LoadQueryJoinAndFetchProcessor - processing queryspace <gen:0>
[DEBUG] 2018-09-30 18:09:32.588 [main] LoadPlanTreePrinter - LoadPlan(entity=co.net.quiron.domain.admin.Country)
    - Returns
       - EntityReturnImpl(entity=co.net.quiron.domain.admin.Country, querySpaceUid=<gen:0>, path=co.net.quiron.domain.admin.Country)
    - QuerySpaces
       - EntityQuerySpaceImpl(uid=<gen:0>, entity=co.net.quiron.domain.admin.Country)
          - SQL table alias mapping - country0_
          - alias suffix - 0_
          - suffixed key columns - {CountryI1_0_0_}

[DEBUG] 2018-09-30 18:09:32.588 [main] EntityLoader - Static select for entity co.net.quiron.domain.admin.Country [READ]: select country0_.CountryID as CountryI1_0_0_, country0_.CountryCode as CountryC2_0_0_, country0_.CreatedDate as CreatedD3_0_0_, country0_.ModifiedDate as Modified4_0_0_, country0_.Name as Name5_0_0_ from COUNTRIES country0_ where country0_.CountryID=?
[DEBUG] 2018-09-30 18:09:32.589 [main] QuerySpacesImpl - Adding QuerySpace : uid = <gen:0> -> org.hibernate.loader.plan.build.internal.spaces.EntityQuerySpaceImpl@b9dfc5a]
[DEBUG] 2018-09-30 18:09:32.589 [main] MetamodelGraphWalker - Visiting attribute path : code
[DEBUG] 2018-09-30 18:09:32.589 [main] MetamodelGraphWalker - Visiting attribute path : createdDate
[DEBUG] 2018-09-30 18:09:32.589 [main] MetamodelGraphWalker - Visiting attribute path : modifiedDate
[DEBUG] 2018-09-30 18:09:32.589 [main] MetamodelGraphWalker - Visiting attribute path : name
[DEBUG] 2018-09-30 18:09:32.589 [main] FetchStyleLoadPlanBuildingAssociationVisitationStrategy - Building LoadPlan...
[DEBUG] 2018-09-30 18:09:32.627 [main] LoadQueryJoinAndFetchProcessor - processing queryspace <gen:0>
[DEBUG] 2018-09-30 18:09:32.627 [main] LoadPlanTreePrinter - LoadPlan(entity=co.net.quiron.domain.admin.Country)
    - Returns
       - EntityReturnImpl(entity=co.net.quiron.domain.admin.Country, querySpaceUid=<gen:0>, path=co.net.quiron.domain.admin.Country)
    - QuerySpaces
       - EntityQuerySpaceImpl(uid=<gen:0>, entity=co.net.quiron.domain.admin.Country)
          - SQL table alias mapping - country0_
          - alias suffix - 0_
          - suffixed key columns - {CountryI1_0_0_}

[DEBUG] 2018-09-30 18:09:32.627 [main] EntityLoader - Static select for entity co.net.quiron.domain.admin.Country [UPGRADE]: select country0_.CountryID as CountryI1_0_0_, country0_.CountryCode as CountryC2_0_0_, country0_.CreatedDate as CreatedD3_0_0_, country0_.ModifiedDate as Modified4_0_0_, country0_.Name as Name5_0_0_ from COUNTRIES country0_ where country0_.CountryID=? for update
[DEBUG] 2018-09-30 18:09:32.627 [main] QuerySpacesImpl - Adding QuerySpace : uid = <gen:0> -> org.hibernate.loader.plan.build.internal.spaces.EntityQuerySpaceImpl@659a2455]
[DEBUG] 2018-09-30 18:09:32.627 [main] MetamodelGraphWalker - Visiting attribute path : code
[DEBUG] 2018-09-30 18:09:32.627 [main] MetamodelGraphWalker - Visiting attribute path : createdDate
[DEBUG] 2018-09-30 18:09:32.628 [main] MetamodelGraphWalker - Visiting attribute path : modifiedDate
[DEBUG] 2018-09-30 18:09:32.628 [main] MetamodelGraphWalker - Visiting attribute path : name
[DEBUG] 2018-09-30 18:09:32.628 [main] FetchStyleLoadPlanBuildingAssociationVisitationStrategy - Building LoadPlan...
[DEBUG] 2018-09-30 18:09:32.628 [main] LoadQueryJoinAndFetchProcessor - processing queryspace <gen:0>
[DEBUG] 2018-09-30 18:09:32.628 [main] LoadPlanTreePrinter - LoadPlan(entity=co.net.quiron.domain.admin.Country)
    - Returns
       - EntityReturnImpl(entity=co.net.quiron.domain.admin.Country, querySpaceUid=<gen:0>, path=co.net.quiron.domain.admin.Country)
    - QuerySpaces
       - EntityQuerySpaceImpl(uid=<gen:0>, entity=co.net.quiron.domain.admin.Country)
          - SQL table alias mapping - country0_
          - alias suffix - 0_
          - suffixed key columns - {CountryI1_0_0_}

[DEBUG] 2018-09-30 18:09:32.628 [main] EntityLoader - Static select for entity co.net.quiron.domain.admin.Country [UPGRADE_NOWAIT]: select country0_.CountryID as CountryI1_0_0_, country0_.CountryCode as CountryC2_0_0_, country0_.CreatedDate as CreatedD3_0_0_, country0_.ModifiedDate as Modified4_0_0_, country0_.Name as Name5_0_0_ from COUNTRIES country0_ where country0_.CountryID=? for update
[DEBUG] 2018-09-30 18:09:32.628 [main] QuerySpacesImpl - Adding QuerySpace : uid = <gen:0> -> org.hibernate.loader.plan.build.internal.spaces.EntityQuerySpaceImpl@426e505c]
[DEBUG] 2018-09-30 18:09:32.629 [main] MetamodelGraphWalker - Visiting attribute path : code
[DEBUG] 2018-09-30 18:09:32.629 [main] MetamodelGraphWalker - Visiting attribute path : createdDate
[DEBUG] 2018-09-30 18:09:32.629 [main] MetamodelGraphWalker - Visiting attribute path : modifiedDate
[DEBUG] 2018-09-30 18:09:32.629 [main] MetamodelGraphWalker - Visiting attribute path : name
[DEBUG] 2018-09-30 18:09:32.629 [main] FetchStyleLoadPlanBuildingAssociationVisitationStrategy - Building LoadPlan...
[DEBUG] 2018-09-30 18:09:32.629 [main] LoadQueryJoinAndFetchProcessor - processing queryspace <gen:0>
[DEBUG] 2018-09-30 18:09:32.629 [main] LoadPlanTreePrinter - LoadPlan(entity=co.net.quiron.domain.admin.Country)
    - Returns
       - EntityReturnImpl(entity=co.net.quiron.domain.admin.Country, querySpaceUid=<gen:0>, path=co.net.quiron.domain.admin.Country)
    - QuerySpaces
       - EntityQuerySpaceImpl(uid=<gen:0>, entity=co.net.quiron.domain.admin.Country)
          - SQL table alias mapping - country0_
          - alias suffix - 0_
          - suffixed key columns - {CountryI1_0_0_}

[DEBUG] 2018-09-30 18:09:32.629 [main] EntityLoader - Static select for entity co.net.quiron.domain.admin.Country [UPGRADE_SKIPLOCKED]: select country0_.CountryID as CountryI1_0_0_, country0_.CountryCode as CountryC2_0_0_, country0_.CreatedDate as CreatedD3_0_0_, country0_.ModifiedDate as Modified4_0_0_, country0_.Name as Name5_0_0_ from COUNTRIES country0_ where country0_.CountryID=? for update
[DEBUG] 2018-09-30 18:09:32.630 [main] QuerySpacesImpl - Adding QuerySpace : uid = <gen:0> -> org.hibernate.loader.plan.build.internal.spaces.EntityQuerySpaceImpl@6f8e0cee]
[DEBUG] 2018-09-30 18:09:32.630 [main] MetamodelGraphWalker - Visiting attribute path : code
[DEBUG] 2018-09-30 18:09:32.630 [main] MetamodelGraphWalker - Visiting attribute path : createdDate
[DEBUG] 2018-09-30 18:09:32.630 [main] MetamodelGraphWalker - Visiting attribute path : modifiedDate
[DEBUG] 2018-09-30 18:09:32.630 [main] MetamodelGraphWalker - Visiting attribute path : name
[DEBUG] 2018-09-30 18:09:32.630 [main] FetchStyleLoadPlanBuildingAssociationVisitationStrategy - Building LoadPlan...
[DEBUG] 2018-09-30 18:09:32.630 [main] LoadQueryJoinAndFetchProcessor - processing queryspace <gen:0>
[DEBUG] 2018-09-30 18:09:32.630 [main] LoadPlanTreePrinter - LoadPlan(entity=co.net.quiron.domain.admin.Country)
    - Returns
       - EntityReturnImpl(entity=co.net.quiron.domain.admin.Country, querySpaceUid=<gen:0>, path=co.net.quiron.domain.admin.Country)
    - QuerySpaces
       - EntityQuerySpaceImpl(uid=<gen:0>, entity=co.net.quiron.domain.admin.Country)
          - SQL table alias mapping - country0_
          - alias suffix - 0_
          - suffixed key columns - {CountryI1_0_0_}

[DEBUG] 2018-09-30 18:09:32.630 [main] EntityLoader - Static select for entity co.net.quiron.domain.admin.Country [FORCE]: select country0_.CountryID as CountryI1_0_0_, country0_.CountryCode as CountryC2_0_0_, country0_.CreatedDate as CreatedD3_0_0_, country0_.ModifiedDate as Modified4_0_0_, country0_.Name as Name5_0_0_ from COUNTRIES country0_ where country0_.CountryID=? for update
[DEBUG] 2018-09-30 18:09:32.630 [main] QuerySpacesImpl - Adding QuerySpace : uid = <gen:0> -> org.hibernate.loader.plan.build.internal.spaces.EntityQuerySpaceImpl@5116ac09]
[DEBUG] 2018-09-30 18:09:32.631 [main] MetamodelGraphWalker - Visiting attribute path : code
[DEBUG] 2018-09-30 18:09:32.631 [main] MetamodelGraphWalker - Visiting attribute path : createdDate
[DEBUG] 2018-09-30 18:09:32.631 [main] MetamodelGraphWalker - Visiting attribute path : modifiedDate
[DEBUG] 2018-09-30 18:09:32.631 [main] MetamodelGraphWalker - Visiting attribute path : name
[DEBUG] 2018-09-30 18:09:32.631 [main] FetchStyleLoadPlanBuildingAssociationVisitationStrategy - Building LoadPlan...
[DEBUG] 2018-09-30 18:09:32.631 [main] LoadQueryJoinAndFetchProcessor - processing queryspace <gen:0>
[DEBUG] 2018-09-30 18:09:32.631 [main] LoadPlanTreePrinter - LoadPlan(entity=co.net.quiron.domain.admin.Country)
    - Returns
       - EntityReturnImpl(entity=co.net.quiron.domain.admin.Country, querySpaceUid=<gen:0>, path=co.net.quiron.domain.admin.Country)
    - QuerySpaces
       - EntityQuerySpaceImpl(uid=<gen:0>, entity=co.net.quiron.domain.admin.Country)
          - SQL table alias mapping - country0_
          - alias suffix - 0_
          - suffixed key columns - {CountryI1_0_0_}

[DEBUG] 2018-09-30 18:09:32.631 [main] EntityLoader - Static select for entity co.net.quiron.domain.admin.Country [PESSIMISTIC_READ]: select country0_.CountryID as CountryI1_0_0_, country0_.CountryCode as CountryC2_0_0_, country0_.CreatedDate as CreatedD3_0_0_, country0_.ModifiedDate as Modified4_0_0_, country0_.Name as Name5_0_0_ from COUNTRIES country0_ where country0_.CountryID=? lock in share mode
[DEBUG] 2018-09-30 18:09:32.632 [main] QuerySpacesImpl - Adding QuerySpace : uid = <gen:0> -> org.hibernate.loader.plan.build.internal.spaces.EntityQuerySpaceImpl@4b2a30d]
[DEBUG] 2018-09-30 18:09:32.632 [main] MetamodelGraphWalker - Visiting attribute path : code
[DEBUG] 2018-09-30 18:09:32.632 [main] MetamodelGraphWalker - Visiting attribute path : createdDate
[DEBUG] 2018-09-30 18:09:32.632 [main] MetamodelGraphWalker - Visiting attribute path : modifiedDate
[DEBUG] 2018-09-30 18:09:32.632 [main] MetamodelGraphWalker - Visiting attribute path : name
[DEBUG] 2018-09-30 18:09:32.632 [main] FetchStyleLoadPlanBuildingAssociationVisitationStrategy - Building LoadPlan...
[DEBUG] 2018-09-30 18:09:32.632 [main] LoadQueryJoinAndFetchProcessor - processing queryspace <gen:0>
[DEBUG] 2018-09-30 18:09:32.634 [main] LoadPlanTreePrinter - LoadPlan(entity=co.net.quiron.domain.admin.Country)
    - Returns
       - EntityReturnImpl(entity=co.net.quiron.domain.admin.Country, querySpaceUid=<gen:0>, path=co.net.quiron.domain.admin.Country)
    - QuerySpaces
       - EntityQuerySpaceImpl(uid=<gen:0>, entity=co.net.quiron.domain.admin.Country)
          - SQL table alias mapping - country0_
          - alias suffix - 0_
          - suffixed key columns - {CountryI1_0_0_}

[DEBUG] 2018-09-30 18:09:32.634 [main] EntityLoader - Static select for entity co.net.quiron.domain.admin.Country [PESSIMISTIC_WRITE]: select country0_.CountryID as CountryI1_0_0_, country0_.CountryCode as CountryC2_0_0_, country0_.CreatedDate as CreatedD3_0_0_, country0_.ModifiedDate as Modified4_0_0_, country0_.Name as Name5_0_0_ from COUNTRIES country0_ where country0_.CountryID=? for update
[DEBUG] 2018-09-30 18:09:32.634 [main] QuerySpacesImpl - Adding QuerySpace : uid = <gen:0> -> org.hibernate.loader.plan.build.internal.spaces.EntityQuerySpaceImpl@56ba8773]
[DEBUG] 2018-09-30 18:09:32.634 [main] MetamodelGraphWalker - Visiting attribute path : code
[DEBUG] 2018-09-30 18:09:32.634 [main] MetamodelGraphWalker - Visiting attribute path : createdDate
[DEBUG] 2018-09-30 18:09:32.634 [main] MetamodelGraphWalker - Visiting attribute path : modifiedDate
[DEBUG] 2018-09-30 18:09:32.634 [main] MetamodelGraphWalker - Visiting attribute path : name
[DEBUG] 2018-09-30 18:09:32.634 [main] FetchStyleLoadPlanBuildingAssociationVisitationStrategy - Building LoadPlan...
[DEBUG] 2018-09-30 18:09:32.635 [main] LoadQueryJoinAndFetchProcessor - processing queryspace <gen:0>
[DEBUG] 2018-09-30 18:09:32.635 [main] LoadPlanTreePrinter - LoadPlan(entity=co.net.quiron.domain.admin.Country)
    - Returns
       - EntityReturnImpl(entity=co.net.quiron.domain.admin.Country, querySpaceUid=<gen:0>, path=co.net.quiron.domain.admin.Country)
    - QuerySpaces
       - EntityQuerySpaceImpl(uid=<gen:0>, entity=co.net.quiron.domain.admin.Country)
          - SQL table alias mapping - country0_
          - alias suffix - 0_
          - suffixed key columns - {CountryI1_0_0_}

[DEBUG] 2018-09-30 18:09:32.635 [main] EntityLoader - Static select for entity co.net.quiron.domain.admin.Country [PESSIMISTIC_FORCE_INCREMENT]: select country0_.CountryID as CountryI1_0_0_, country0_.CountryCode as CountryC2_0_0_, country0_.CreatedDate as CreatedD3_0_0_, country0_.ModifiedDate as Modified4_0_0_, country0_.Name as Name5_0_0_ from COUNTRIES country0_ where country0_.CountryID=? for update
[DEBUG] 2018-09-30 18:09:32.635 [main] QuerySpacesImpl - Adding QuerySpace : uid = <gen:0> -> org.hibernate.loader.plan.build.internal.spaces.EntityQuerySpaceImpl@7dd00705]
[DEBUG] 2018-09-30 18:09:32.635 [main] MetamodelGraphWalker - Visiting attribute path : code
[DEBUG] 2018-09-30 18:09:32.636 [main] MetamodelGraphWalker - Visiting attribute path : createdDate
[DEBUG] 2018-09-30 18:09:32.636 [main] MetamodelGraphWalker - Visiting attribute path : modifiedDate
[DEBUG] 2018-09-30 18:09:32.636 [main] MetamodelGraphWalker - Visiting attribute path : name
[DEBUG] 2018-09-30 18:09:32.636 [main] FetchStyleLoadPlanBuildingAssociationVisitationStrategy - Building LoadPlan...
[DEBUG] 2018-09-30 18:09:32.636 [main] LoadQueryJoinAndFetchProcessor - processing queryspace <gen:0>
[DEBUG] 2018-09-30 18:09:32.636 [main] LoadPlanTreePrinter - LoadPlan(entity=co.net.quiron.domain.admin.Country)
    - Returns
       - EntityReturnImpl(entity=co.net.quiron.domain.admin.Country, querySpaceUid=<gen:0>, path=co.net.quiron.domain.admin.Country)
    - QuerySpaces
       - EntityQuerySpaceImpl(uid=<gen:0>, entity=co.net.quiron.domain.admin.Country)
          - SQL table alias mapping - country0_
          - alias suffix - 0_
          - suffixed key columns - {CountryI1_0_0_}

[DEBUG] 2018-09-30 18:09:32.636 [main] EntityLoader - Static select for entity co.net.quiron.domain.admin.Country [OPTIMISTIC]: select country0_.CountryID as CountryI1_0_0_, country0_.CountryCode as CountryC2_0_0_, country0_.CreatedDate as CreatedD3_0_0_, country0_.ModifiedDate as Modified4_0_0_, country0_.Name as Name5_0_0_ from COUNTRIES country0_ where country0_.CountryID=?
[DEBUG] 2018-09-30 18:09:32.636 [main] QuerySpacesImpl - Adding QuerySpace : uid = <gen:0> -> org.hibernate.loader.plan.build.internal.spaces.EntityQuerySpaceImpl@d176a31]
[DEBUG] 2018-09-30 18:09:32.636 [main] MetamodelGraphWalker - Visiting attribute path : code
[DEBUG] 2018-09-30 18:09:32.637 [main] MetamodelGraphWalker - Visiting attribute path : createdDate
[DEBUG] 2018-09-30 18:09:32.637 [main] MetamodelGraphWalker - Visiting attribute path : modifiedDate
[DEBUG] 2018-09-30 18:09:32.637 [main] MetamodelGraphWalker - Visiting attribute path : name
[DEBUG] 2018-09-30 18:09:32.637 [main] FetchStyleLoadPlanBuildingAssociationVisitationStrategy - Building LoadPlan...
[DEBUG] 2018-09-30 18:09:32.637 [main] LoadQueryJoinAndFetchProcessor - processing queryspace <gen:0>
[DEBUG] 2018-09-30 18:09:32.637 [main] LoadPlanTreePrinter - LoadPlan(entity=co.net.quiron.domain.admin.Country)
    - Returns
       - EntityReturnImpl(entity=co.net.quiron.domain.admin.Country, querySpaceUid=<gen:0>, path=co.net.quiron.domain.admin.Country)
    - QuerySpaces
       - EntityQuerySpaceImpl(uid=<gen:0>, entity=co.net.quiron.domain.admin.Country)
          - SQL table alias mapping - country0_
          - alias suffix - 0_
          - suffixed key columns - {CountryI1_0_0_}

[DEBUG] 2018-09-30 18:09:32.637 [main] EntityLoader - Static select for entity co.net.quiron.domain.admin.Country [OPTIMISTIC_FORCE_INCREMENT]: select country0_.CountryID as CountryI1_0_0_, country0_.CountryCode as CountryC2_0_0_, country0_.CreatedDate as CreatedD3_0_0_, country0_.ModifiedDate as Modified4_0_0_, country0_.Name as Name5_0_0_ from COUNTRIES country0_ where country0_.CountryID=?
[DEBUG] 2018-09-30 18:09:32.667 [main] Loader - Static select for action ACTION_MERGE on entity co.net.quiron.domain.admin.Country: select country0_.CountryID as CountryI1_0_0_, country0_.CountryCode as CountryC2_0_0_, country0_.CreatedDate as CreatedD3_0_0_, country0_.ModifiedDate as Modified4_0_0_, country0_.Name as Name5_0_0_ from COUNTRIES country0_ where country0_.CountryID=?
[DEBUG] 2018-09-30 18:09:32.670 [main] Loader - Static select for action ACTION_REFRESH on entity co.net.quiron.domain.admin.Country: select country0_.CountryID as CountryI1_0_0_, country0_.CountryCode as CountryC2_0_0_, country0_.CreatedDate as CreatedD3_0_0_, country0_.ModifiedDate as Modified4_0_0_, country0_.Name as Name5_0_0_ from COUNTRIES country0_ where country0_.CountryID=?
[DEBUG] 2018-09-30 18:09:32.715 [main] SchemaManagementToolCoordinator - No actions specified; doing nothing
[DEBUG] 2018-09-30 18:09:32.715 [main] JtaPlatformInitiator - No JtaPlatform was specified, checking resolver
[DEBUG] 2018-09-30 18:09:32.716 [main] JtaPlatformResolverInitiator - No JtaPlatformResolver was specified, using default [org.hibernate.engine.transaction.jta.platform.internal.StandardJtaPlatformResolver]
[DEBUG] 2018-09-30 18:09:32.726 [main] StandardJtaPlatformResolver - Could not resolve JtaPlatform, using default [org.hibernate.engine.transaction.jta.platform.internal.NoJtaPlatform]
[DEBUG] 2018-09-30 18:09:32.729 [main] NamedQueryRepository - Checking 0 named HQL queries
[DEBUG] 2018-09-30 18:09:32.729 [main] NamedQueryRepository - Checking 0 named SQL queries
[DEBUG] 2018-09-30 18:09:32.734 [main] SessionFactoryRegistry - Initializing SessionFactoryRegistry : org.hibernate.internal.SessionFactoryRegistry@706cb08
[DEBUG] 2018-09-30 18:09:32.739 [main] SessionFactoryRegistry - Registering SessionFactory: 13051562-6f2e-4f55-a1d1-7100f809c9fb (<unnamed>)
[DEBUG] 2018-09-30 18:09:32.739 [main] SessionFactoryRegistry - Not binding SessionFactory to JNDI, no JNDI name configured
[DEBUG] 2018-09-30 18:09:32.985 [main] StatisticsInitiator - Statistics initialized [enabled=false]
[DEBUG] 2018-09-30 18:09:33.001 [main] TransactionImpl - begin
[DEBUG] 2018-09-30 18:09:33.027 [main] ActionQueue - Executing identity-insert immediately
[DEBUG] 2018-09-30 18:09:33.036 [main] SQL - insert into COUNTRIES (CountryCode, CreatedDate, ModifiedDate, Name) values (?, ?, ?, ?)
[DEBUG] 2018-09-30 18:09:33.109 [main] IdentifierGeneratorHelper - Natively generated identity: 6
[DEBUG] 2018-09-30 18:09:33.110 [main] ResourceRegistryStandardImpl - HHH000387: ResultSet's statement was not registered
[DEBUG] 2018-09-30 18:09:33.114 [main] TransactionImpl - committing
[DEBUG] 2018-09-30 18:09:33.116 [main] AbstractFlushingEventListener - Processing flush-time cascades
[DEBUG] 2018-09-30 18:09:33.117 [main] AbstractFlushingEventListener - Dirty checking collections
[DEBUG] 2018-09-30 18:09:33.121 [main] AbstractFlushingEventListener - Flushed: 0 insertions, 0 updates, 0 deletions to 1 objects
[DEBUG] 2018-09-30 18:09:33.122 [main] AbstractFlushingEventListener - Flushed: 0 (re)creations, 0 updates, 0 removals to 0 collections
[DEBUG] 2018-09-30 18:09:33.124 [main] EntityPrinter - Listing entities:
[DEBUG] 2018-09-30 18:09:33.124 [main] EntityPrinter - co.net.quiron.domain.admin.Country{code=JP, createdDate=Sun Sep 30 18:09:33 CDT 2018, modifiedDate=Sun Sep 30 18:09:33 CDT 2018, name=Japan, id=6}
[DEBUG] 2018-09-30 18:09:33.128 [main] LogicalConnectionManagedImpl - Initiating JDBC connection release from afterTransaction
[DEBUG] 2018-09-30 18:09:33.129 [main] LogicalConnectionManagedImpl - Initiating JDBC connection release from afterTransaction
[DEBUG] 2018-09-30 18:09:33.142 [main] SQL - select country0_.CountryID as CountryI1_0_0_, country0_.CountryCode as CountryC2_0_0_, country0_.CreatedDate as CreatedD3_0_0_, country0_.ModifiedDate as Modified4_0_0_, country0_.Name as Name5_0_0_ from COUNTRIES country0_ where country0_.CountryID=?
[DEBUG] 2018-09-30 18:09:33.148 [main] ResultSetProcessorImpl - Starting ResultSet row #0
[DEBUG] 2018-09-30 18:09:33.150 [main] EntityReferenceInitializerImpl - On call to EntityIdentifierReaderImpl#resolve, EntityKey was already known; should only happen on root returns with an optional identifier specified
[DEBUG] 2018-09-30 18:09:33.166 [main] TwoPhaseLoad - Resolving associations for [co.net.quiron.domain.admin.Country#6]
[DEBUG] 2018-09-30 18:09:33.167 [main] TwoPhaseLoad - Done materializing entity [co.net.quiron.domain.admin.Country#6]
[DEBUG] 2018-09-30 18:09:33.167 [main] ResourceRegistryStandardImpl - HHH000387: ResultSet's statement was not registered
[DEBUG] 2018-09-30 18:09:33.168 [main] AbstractLoadPlanBasedEntityLoader - Done entity load : co.net.quiron.domain.admin.Country#6
[DEBUG] 2018-09-30 18:09:33.168 [main] LogicalConnectionManagedImpl - Initiating JDBC connection release from afterTransaction
[DEBUG] 2018-09-30 18:09:33.234 [main] SQL - select country0_.CountryID as CountryI1_0_0_, country0_.CountryCode as CountryC2_0_0_, country0_.CreatedDate as CreatedD3_0_0_, country0_.ModifiedDate as Modified4_0_0_, country0_.Name as Name5_0_0_ from COUNTRIES country0_ where country0_.CountryID=?
[DEBUG] 2018-09-30 18:09:33.236 [main] ResultSetProcessorImpl - Starting ResultSet row #0
[DEBUG] 2018-09-30 18:09:33.236 [main] EntityReferenceInitializerImpl - On call to EntityIdentifierReaderImpl#resolve, EntityKey was already known; should only happen on root returns with an optional identifier specified
[DEBUG] 2018-09-30 18:09:33.237 [main] TwoPhaseLoad - Resolving associations for [co.net.quiron.domain.admin.Country#3]
[DEBUG] 2018-09-30 18:09:33.237 [main] TwoPhaseLoad - Done materializing entity [co.net.quiron.domain.admin.Country#3]
[DEBUG] 2018-09-30 18:09:33.237 [main] ResourceRegistryStandardImpl - HHH000387: ResultSet's statement was not registered
[DEBUG] 2018-09-30 18:09:33.238 [main] AbstractLoadPlanBasedEntityLoader - Done entity load : co.net.quiron.domain.admin.Country#3
[DEBUG] 2018-09-30 18:09:33.238 [main] LogicalConnectionManagedImpl - Initiating JDBC connection release from afterTransaction
[DEBUG] 2018-09-30 18:09:33.240 [main] TransactionImpl - begin
[DEBUG] 2018-09-30 18:09:33.250 [main] TransactionImpl - committing
[DEBUG] 2018-09-30 18:09:33.250 [main] AbstractFlushingEventListener - Processing flush-time cascades
[DEBUG] 2018-09-30 18:09:33.250 [main] AbstractFlushingEventListener - Dirty checking collections
[DEBUG] 2018-09-30 18:09:33.252 [main] AbstractFlushingEventListener - Flushed: 0 insertions, 0 updates, 1 deletions to 1 objects
[DEBUG] 2018-09-30 18:09:33.254 [main] AbstractFlushingEventListener - Flushed: 0 (re)creations, 0 updates, 0 removals to 0 collections
[DEBUG] 2018-09-30 18:09:33.257 [main] EntityPrinter - Listing entities:
[DEBUG] 2018-09-30 18:09:33.260 [main] EntityPrinter - co.net.quiron.domain.admin.Country{code=CA, createdDate=2018-09-30 18:09:33.0, modifiedDate=null, name=Canada, id=3}
[DEBUG] 2018-09-30 18:09:33.277 [main] SQL - delete from COUNTRIES where CountryID=?
[DEBUG] 2018-09-30 18:09:33.282 [main] LogicalConnectionManagedImpl - Initiating JDBC connection release from afterTransaction
[DEBUG] 2018-09-30 18:09:33.286 [main] LogicalConnectionManagedImpl - Initiating JDBC connection release from afterTransaction
[DEBUG] 2018-09-30 18:09:33.287 [main] JdbcCoordinatorImpl - HHH000420: Closing un-released batch
[DEBUG] 2018-09-30 18:09:33.289 [main] SQL - select country0_.CountryID as CountryI1_0_0_, country0_.CountryCode as CountryC2_0_0_, country0_.CreatedDate as CreatedD3_0_0_, country0_.ModifiedDate as Modified4_0_0_, country0_.Name as Name5_0_0_ from COUNTRIES country0_ where country0_.CountryID=?
[DEBUG] 2018-09-30 18:09:33.291 [main] ResourceRegistryStandardImpl - HHH000387: ResultSet's statement was not registered
[DEBUG] 2018-09-30 18:09:33.291 [main] AbstractLoadPlanBasedEntityLoader - Done entity load : co.net.quiron.domain.admin.Country#3
[DEBUG] 2018-09-30 18:09:33.291 [main] LogicalConnectionManagedImpl - Initiating JDBC connection release from afterTransaction
[DEBUG] 2018-09-30 18:09:33.371 [main] CriteriaQueryImpl - Rendered criteria query -> select generatedAlias0 from Countries as generatedAlias0
[DEBUG] 2018-09-30 18:09:33.441 [main] QueryTranslatorFactoryInitiator - QueryTranslatorFactory : org.hibernate.hql.internal.ast.ASTQueryTranslatorFactory@14dc3f89
[INFO ] 2018-09-30 18:09:33.442 [main] QueryTranslatorFactoryInitiator - HHH000397: Using ASTQueryTranslatorFactory
[DEBUG] 2018-09-30 18:09:33.513 [main] QueryTranslatorImpl - parse() - HQL: select generatedAlias0 from co.net.quiron.domain.admin.Country as generatedAlias0
[DEBUG] 2018-09-30 18:09:33.536 [main] ErrorCounter - throwQueryException() : no errors
[DEBUG] 2018-09-30 18:09:33.546 [main] QueryTranslatorImpl - --- HQL AST ---
 \-[QUERY] Node: 'query'
    \-[SELECT_FROM] Node: 'SELECT_FROM'
       +-[FROM] Node: 'from'
       |  \-[RANGE] Node: 'RANGE'
       |     +-[DOT] Node: '.'
       |     |  +-[DOT] Node: '.'
       |     |  |  +-[DOT] Node: '.'
       |     |  |  |  +-[DOT] Node: '.'
       |     |  |  |  |  +-[DOT] Node: '.'
       |     |  |  |  |  |  +-[IDENT] Node: 'co'
       |     |  |  |  |  |  \-[IDENT] Node: 'net'
       |     |  |  |  |  \-[IDENT] Node: 'quiron'
       |     |  |  |  \-[IDENT] Node: 'domain'
       |     |  |  \-[IDENT] Node: 'admin'
       |     |  \-[IDENT] Node: 'Country'
       |     \-[ALIAS] Node: 'generatedAlias0'
       \-[SELECT] Node: 'select'
          \-[IDENT] Node: 'generatedAlias0'

[DEBUG] 2018-09-30 18:09:33.604 [main] HqlSqlBaseWalker - select << begin [level=1, statement=select]
[DEBUG] 2018-09-30 18:09:33.626 [main] FromElement - FromClause{level=1} : co.net.quiron.domain.admin.Country (generatedAlias0) -> country0_
[DEBUG] 2018-09-30 18:09:33.627 [main] FromReferenceNode - Resolved : generatedAlias0 -> country0_.CountryID
[DEBUG] 2018-09-30 18:09:33.630 [main] HqlSqlBaseWalker - select : finishing up [level=1, statement=select]
[DEBUG] 2018-09-30 18:09:33.631 [main] HqlSqlWalker - processQuery() :  ( SELECT ( {select clause} country0_.CountryID ) ( FromClause{level=1} COUNTRIES country0_ ) )
[DEBUG] 2018-09-30 18:09:33.645 [main] JoinProcessor - Using FROM fragment [COUNTRIES country0_]
[DEBUG] 2018-09-30 18:09:33.645 [main] HqlSqlBaseWalker - select >> end [level=1, statement=select]
[DEBUG] 2018-09-30 18:09:33.645 [main] QueryTranslatorImpl - --- SQL AST ---
 \-[SELECT] QueryNode: 'SELECT'  querySpaces (COUNTRIES)
    +-[SELECT_CLAUSE] SelectClause: '{select clause}'
    |  +-[ALIAS_REF] IdentNode: 'country0_.CountryID as CountryI1_0_' {alias=generatedAlias0, className=co.net.quiron.domain.admin.Country, tableAlias=country0_}
    |  \-[SQL_TOKEN] SqlFragment: 'country0_.CountryCode as CountryC2_0_, country0_.CreatedDate as CreatedD3_0_, country0_.ModifiedDate as Modified4_0_, country0_.Name as Name5_0_'
    \-[FROM] FromClause: 'from' FromClause{level=1, fromElementCounter=1, fromElements=1, fromElementByClassAlias=[generatedAlias0], fromElementByTableAlias=[country0_], fromElementsByPath=[], collectionJoinFromElementsByPath=[], impliedElements=[]}
       \-[FROM_FRAGMENT] FromElement: 'COUNTRIES country0_' FromElement{explicit,not a collection join,not a fetch join,fetch non-lazy properties,classAlias=generatedAlias0,role=null,tableName=COUNTRIES,tableAlias=country0_,origin=null,columns={,className=co.net.quiron.domain.admin.Country}}

[DEBUG] 2018-09-30 18:09:33.646 [main] ErrorCounter - throwQueryException() : no errors
[DEBUG] 2018-09-30 18:09:33.674 [main] QueryTranslatorImpl - HQL: select generatedAlias0 from co.net.quiron.domain.admin.Country as generatedAlias0
[DEBUG] 2018-09-30 18:09:33.674 [main] QueryTranslatorImpl - SQL: select country0_.CountryID as CountryI1_0_, country0_.CountryCode as CountryC2_0_, country0_.CreatedDate as CreatedD3_0_, country0_.ModifiedDate as Modified4_0_, country0_.Name as Name5_0_ from COUNTRIES country0_
[DEBUG] 2018-09-30 18:09:33.674 [main] ErrorCounter - throwQueryException() : no errors
[DEBUG] 2018-09-30 18:09:33.697 [main] SQL - select country0_.CountryID as CountryI1_0_, country0_.CountryCode as CountryC2_0_, country0_.CreatedDate as CreatedD3_0_, country0_.ModifiedDate as Modified4_0_, country0_.Name as Name5_0_ from COUNTRIES country0_
[DEBUG] 2018-09-30 18:09:33.700 [main] Loader - Result set row: 0
[DEBUG] 2018-09-30 18:09:33.706 [main] Loader - Result row: EntityKey[co.net.quiron.domain.admin.Country#1]
[DEBUG] 2018-09-30 18:09:33.706 [main] Loader - Result set row: 1
[DEBUG] 2018-09-30 18:09:33.707 [main] Loader - Result row: EntityKey[co.net.quiron.domain.admin.Country#2]
[DEBUG] 2018-09-30 18:09:33.707 [main] Loader - Result set row: 2
[DEBUG] 2018-09-30 18:09:33.707 [main] Loader - Result row: EntityKey[co.net.quiron.domain.admin.Country#3]
[DEBUG] 2018-09-30 18:09:33.709 [main] Loader - Result set row: 3
[DEBUG] 2018-09-30 18:09:33.710 [main] Loader - Result row: EntityKey[co.net.quiron.domain.admin.Country#4]
[DEBUG] 2018-09-30 18:09:33.712 [main] Loader - Result set row: 4
[DEBUG] 2018-09-30 18:09:33.713 [main] Loader - Result row: EntityKey[co.net.quiron.domain.admin.Country#5]
[DEBUG] 2018-09-30 18:09:33.717 [main] TwoPhaseLoad - Resolving associations for [co.net.quiron.domain.admin.Country#1]
[DEBUG] 2018-09-30 18:09:33.717 [main] TwoPhaseLoad - Done materializing entity [co.net.quiron.domain.admin.Country#1]
[DEBUG] 2018-09-30 18:09:33.717 [main] TwoPhaseLoad - Resolving associations for [co.net.quiron.domain.admin.Country#2]
[DEBUG] 2018-09-30 18:09:33.717 [main] TwoPhaseLoad - Done materializing entity [co.net.quiron.domain.admin.Country#2]
[DEBUG] 2018-09-30 18:09:33.718 [main] TwoPhaseLoad - Resolving associations for [co.net.quiron.domain.admin.Country#3]
[DEBUG] 2018-09-30 18:09:33.718 [main] TwoPhaseLoad - Done materializing entity [co.net.quiron.domain.admin.Country#3]
[DEBUG] 2018-09-30 18:09:33.718 [main] TwoPhaseLoad - Resolving associations for [co.net.quiron.domain.admin.Country#4]
[DEBUG] 2018-09-30 18:09:33.718 [main] TwoPhaseLoad - Done materializing entity [co.net.quiron.domain.admin.Country#4]
[DEBUG] 2018-09-30 18:09:33.718 [main] TwoPhaseLoad - Resolving associations for [co.net.quiron.domain.admin.Country#5]
[DEBUG] 2018-09-30 18:09:33.718 [main] TwoPhaseLoad - Done materializing entity [co.net.quiron.domain.admin.Country#5]
[DEBUG] 2018-09-30 18:09:33.724 [main] LogicalConnectionManagedImpl - Initiating JDBC connection release from afterTransaction
[DEBUG] 2018-09-30 18:09:33.778 [main] SQL - select country0_.CountryID as CountryI1_0_0_, country0_.CountryCode as CountryC2_0_0_, country0_.CreatedDate as CreatedD3_0_0_, country0_.ModifiedDate as Modified4_0_0_, country0_.Name as Name5_0_0_ from COUNTRIES country0_ where country0_.CountryID=?
[DEBUG] 2018-09-30 18:09:33.779 [main] ResultSetProcessorImpl - Starting ResultSet row #0
[DEBUG] 2018-09-30 18:09:33.780 [main] EntityReferenceInitializerImpl - On call to EntityIdentifierReaderImpl#resolve, EntityKey was already known; should only happen on root returns with an optional identifier specified
[DEBUG] 2018-09-30 18:09:33.780 [main] TwoPhaseLoad - Resolving associations for [co.net.quiron.domain.admin.Country#4]
[DEBUG] 2018-09-30 18:09:33.785 [main] TwoPhaseLoad - Done materializing entity [co.net.quiron.domain.admin.Country#4]
[DEBUG] 2018-09-30 18:09:33.786 [main] ResourceRegistryStandardImpl - HHH000387: ResultSet's statement was not registered
[DEBUG] 2018-09-30 18:09:33.786 [main] AbstractLoadPlanBasedEntityLoader - Done entity load : co.net.quiron.domain.admin.Country#4
[DEBUG] 2018-09-30 18:09:33.786 [main] LogicalConnectionManagedImpl - Initiating JDBC connection release from afterTransaction
[DEBUG] 2018-09-30 18:09:33.787 [main] TransactionImpl - begin
[DEBUG] 2018-09-30 18:09:33.791 [main] TransactionImpl - committing
[DEBUG] 2018-09-30 18:09:33.791 [main] AbstractFlushingEventListener - Processing flush-time cascades
[DEBUG] 2018-09-30 18:09:33.791 [main] AbstractFlushingEventListener - Dirty checking collections
[DEBUG] 2018-09-30 18:09:33.793 [main] AbstractFlushingEventListener - Flushed: 0 insertions, 1 updates, 0 deletions to 1 objects
[DEBUG] 2018-09-30 18:09:33.794 [main] AbstractFlushingEventListener - Flushed: 0 (re)creations, 0 updates, 0 removals to 0 collections
[DEBUG] 2018-09-30 18:09:33.794 [main] EntityPrinter - Listing entities:
[DEBUG] 2018-09-30 18:09:33.794 [main] EntityPrinter - co.net.quiron.domain.admin.Country{code=ES, createdDate=2018-09-30 18:09:33.0, modifiedDate=null, name=Espana, id=4}
[DEBUG] 2018-09-30 18:09:33.795 [main] SQL - update COUNTRIES set CountryCode=?, CreatedDate=?, ModifiedDate=?, Name=? where CountryID=?
[DEBUG] 2018-09-30 18:09:33.799 [main] LogicalConnectionManagedImpl - Initiating JDBC connection release from afterTransaction
[DEBUG] 2018-09-30 18:09:33.799 [main] LogicalConnectionManagedImpl - Initiating JDBC connection release from afterTransaction
[DEBUG] 2018-09-30 18:09:33.799 [main] JdbcCoordinatorImpl - HHH000420: Closing un-released batch
[DEBUG] 2018-09-30 18:09:33.800 [main] SQL - select country0_.CountryID as CountryI1_0_0_, country0_.CountryCode as CountryC2_0_0_, country0_.CreatedDate as CreatedD3_0_0_, country0_.ModifiedDate as Modified4_0_0_, country0_.Name as Name5_0_0_ from COUNTRIES country0_ where country0_.CountryID=?
[DEBUG] 2018-09-30 18:09:33.802 [main] ResultSetProcessorImpl - Starting ResultSet row #0
[DEBUG] 2018-09-30 18:09:33.802 [main] EntityReferenceInitializerImpl - On call to EntityIdentifierReaderImpl#resolve, EntityKey was already known; should only happen on root returns with an optional identifier specified
[DEBUG] 2018-09-30 18:09:33.809 [main] TwoPhaseLoad - Resolving associations for [co.net.quiron.domain.admin.Country#4]
[DEBUG] 2018-09-30 18:09:33.809 [main] TwoPhaseLoad - Done materializing entity [co.net.quiron.domain.admin.Country#4]
[DEBUG] 2018-09-30 18:09:33.810 [main] ResourceRegistryStandardImpl - HHH000387: ResultSet's statement was not registered
[DEBUG] 2018-09-30 18:09:33.810 [main] AbstractLoadPlanBasedEntityLoader - Done entity load : co.net.quiron.domain.admin.Country#4
[DEBUG] 2018-09-30 18:09:33.810 [main] LogicalConnectionManagedImpl - Initiating JDBC connection release from afterTransaction
