[DEBUG] 2018-10-02 21:47:26.540 [main] IntegratorServiceImpl - Adding Integrator [org.hibernate.cfg.beanvalidation.BeanValidationIntegrator].
[DEBUG] 2018-10-02 21:47:26.551 [main] IntegratorServiceImpl - Adding Integrator [org.hibernate.secure.spi.JaccIntegrator].
[DEBUG] 2018-10-02 21:47:26.557 [main] IntegratorServiceImpl - Adding Integrator [org.hibernate.cache.internal.CollectionCacheInvalidator].
[INFO ] 2018-10-02 21:47:26.733 [main] Version - HHH000412: Hibernate Core {5.2.12.Final}
[INFO ] 2018-10-02 21:47:26.736 [main] Environment - HHH000206: hibernate.properties not found
[DEBUG] 2018-10-02 21:47:26.808 [main] LocalXmlResourceResolver - Interpreting public/system identifier : [-//Hibernate/Hibernate Configuration DTD//EN] - [http://www.hibernate.org/dtd/hibernate-configuration-3.0.dtd]
[DEBUG] 2018-10-02 21:47:26.870 [main] LocalXmlResourceResolver - Recognized hibernate-configuration identifier; attempting to resolve on classpath under org/hibernate/
[DEBUG] 2018-10-02 21:47:26.887 [main] JaxbCfgProcessor - cfg.xml document did not define namespaces; wrapping in custom event reader to introduce namespace information
[DEBUG] 2018-10-02 21:47:27.235 [main] ServiceBinding - Overriding existing service binding [org.hibernate.secure.spi.JaccService]
[DEBUG] 2018-10-02 21:47:27.270 [main] RegionFactoryInitiator - Cache region factory : org.hibernate.cache.internal.NoCachingRegionFactory
[INFO ] 2018-10-02 21:47:27.283 [main] Version - HCANN000001: Hibernate Commons Annotations {5.0.1.Final}
[DEBUG] 2018-10-02 21:47:27.316 [main] BasicTypeRegistry - Adding type registration boolean -> org.hibernate.type.BooleanType@102cec62
[DEBUG] 2018-10-02 21:47:27.316 [main] BasicTypeRegistry - Adding type registration boolean -> org.hibernate.type.BooleanType@102cec62
[DEBUG] 2018-10-02 21:47:27.316 [main] BasicTypeRegistry - Adding type registration java.lang.Boolean -> org.hibernate.type.BooleanType@102cec62
[DEBUG] 2018-10-02 21:47:27.317 [main] BasicTypeRegistry - Adding type registration numeric_boolean -> org.hibernate.type.NumericBooleanType@19b89d4
[DEBUG] 2018-10-02 21:47:27.319 [main] BasicTypeRegistry - Adding type registration true_false -> org.hibernate.type.TrueFalseType@24c22fe
[DEBUG] 2018-10-02 21:47:27.321 [main] BasicTypeRegistry - Adding type registration yes_no -> org.hibernate.type.YesNoType@7ba8c737
[DEBUG] 2018-10-02 21:47:27.323 [main] BasicTypeRegistry - Adding type registration byte -> org.hibernate.type.ByteType@3336e6b6
[DEBUG] 2018-10-02 21:47:27.323 [main] BasicTypeRegistry - Adding type registration byte -> org.hibernate.type.ByteType@3336e6b6
[DEBUG] 2018-10-02 21:47:27.323 [main] BasicTypeRegistry - Adding type registration java.lang.Byte -> org.hibernate.type.ByteType@3336e6b6
[DEBUG] 2018-10-02 21:47:27.325 [main] BasicTypeRegistry - Adding type registration character -> org.hibernate.type.CharacterType@6f3187b0
[DEBUG] 2018-10-02 21:47:27.325 [main] BasicTypeRegistry - Adding type registration char -> org.hibernate.type.CharacterType@6f3187b0
[DEBUG] 2018-10-02 21:47:27.325 [main] BasicTypeRegistry - Adding type registration java.lang.Character -> org.hibernate.type.CharacterType@6f3187b0
[DEBUG] 2018-10-02 21:47:27.328 [main] BasicTypeRegistry - Adding type registration short -> org.hibernate.type.ShortType@44be0077
[DEBUG] 2018-10-02 21:47:27.328 [main] BasicTypeRegistry - Adding type registration short -> org.hibernate.type.ShortType@44be0077
[DEBUG] 2018-10-02 21:47:27.328 [main] BasicTypeRegistry - Adding type registration java.lang.Short -> org.hibernate.type.ShortType@44be0077
[DEBUG] 2018-10-02 21:47:27.330 [main] BasicTypeRegistry - Adding type registration integer -> org.hibernate.type.IntegerType@51a9ad5e
[DEBUG] 2018-10-02 21:47:27.330 [main] BasicTypeRegistry - Adding type registration int -> org.hibernate.type.IntegerType@51a9ad5e
[DEBUG] 2018-10-02 21:47:27.330 [main] BasicTypeRegistry - Adding type registration java.lang.Integer -> org.hibernate.type.IntegerType@51a9ad5e
[DEBUG] 2018-10-02 21:47:27.332 [main] BasicTypeRegistry - Adding type registration long -> org.hibernate.type.LongType@560348e6
[DEBUG] 2018-10-02 21:47:27.333 [main] BasicTypeRegistry - Adding type registration long -> org.hibernate.type.LongType@560348e6
[DEBUG] 2018-10-02 21:47:27.333 [main] BasicTypeRegistry - Adding type registration java.lang.Long -> org.hibernate.type.LongType@560348e6
[DEBUG] 2018-10-02 21:47:27.335 [main] BasicTypeRegistry - Adding type registration float -> org.hibernate.type.FloatType@4ea5b703
[DEBUG] 2018-10-02 21:47:27.336 [main] BasicTypeRegistry - Adding type registration float -> org.hibernate.type.FloatType@4ea5b703
[DEBUG] 2018-10-02 21:47:27.336 [main] BasicTypeRegistry - Adding type registration java.lang.Float -> org.hibernate.type.FloatType@4ea5b703
[DEBUG] 2018-10-02 21:47:27.339 [main] BasicTypeRegistry - Adding type registration double -> org.hibernate.type.DoubleType@64e7619d
[DEBUG] 2018-10-02 21:47:27.339 [main] BasicTypeRegistry - Adding type registration double -> org.hibernate.type.DoubleType@64e7619d
[DEBUG] 2018-10-02 21:47:27.339 [main] BasicTypeRegistry - Adding type registration java.lang.Double -> org.hibernate.type.DoubleType@64e7619d
[DEBUG] 2018-10-02 21:47:27.342 [main] BasicTypeRegistry - Adding type registration big_decimal -> org.hibernate.type.BigDecimalType@2e32ccc5
[DEBUG] 2018-10-02 21:47:27.342 [main] BasicTypeRegistry - Adding type registration java.math.BigDecimal -> org.hibernate.type.BigDecimalType@2e32ccc5
[DEBUG] 2018-10-02 21:47:27.344 [main] BasicTypeRegistry - Adding type registration big_integer -> org.hibernate.type.BigIntegerType@5f77d0f9
[DEBUG] 2018-10-02 21:47:27.344 [main] BasicTypeRegistry - Adding type registration java.math.BigInteger -> org.hibernate.type.BigIntegerType@5f77d0f9
[DEBUG] 2018-10-02 21:47:27.346 [main] BasicTypeRegistry - Adding type registration string -> org.hibernate.type.StringType@42b3b079
[DEBUG] 2018-10-02 21:47:27.346 [main] BasicTypeRegistry - Adding type registration java.lang.String -> org.hibernate.type.StringType@42b3b079
[DEBUG] 2018-10-02 21:47:27.347 [main] BasicTypeRegistry - Adding type registration nstring -> org.hibernate.type.StringNVarcharType@6692b6c6
[DEBUG] 2018-10-02 21:47:27.349 [main] BasicTypeRegistry - Adding type registration ncharacter -> org.hibernate.type.CharacterNCharType@6736fa8d
[DEBUG] 2018-10-02 21:47:27.350 [main] BasicTypeRegistry - Adding type registration url -> org.hibernate.type.UrlType@14a50707
[DEBUG] 2018-10-02 21:47:27.350 [main] BasicTypeRegistry - Adding type registration java.net.URL -> org.hibernate.type.UrlType@14a50707
[DEBUG] 2018-10-02 21:47:27.352 [main] BasicTypeRegistry - Adding type registration Duration -> org.hibernate.type.DurationType@7354b8c5
[DEBUG] 2018-10-02 21:47:27.352 [main] BasicTypeRegistry - Adding type registration java.time.Duration -> org.hibernate.type.DurationType@7354b8c5
[DEBUG] 2018-10-02 21:47:27.369 [main] BasicTypeRegistry - Adding type registration Instant -> org.hibernate.type.InstantType@7fc4780b
[DEBUG] 2018-10-02 21:47:27.370 [main] BasicTypeRegistry - Adding type registration java.time.Instant -> org.hibernate.type.InstantType@7fc4780b
[DEBUG] 2018-10-02 21:47:27.372 [main] BasicTypeRegistry - Adding type registration LocalDateTime -> org.hibernate.type.LocalDateTimeType@6b6776cb
[DEBUG] 2018-10-02 21:47:27.372 [main] BasicTypeRegistry - Adding type registration java.time.LocalDateTime -> org.hibernate.type.LocalDateTimeType@6b6776cb
[DEBUG] 2018-10-02 21:47:27.374 [main] BasicTypeRegistry - Adding type registration LocalDate -> org.hibernate.type.LocalDateType@5a37d3ed
[DEBUG] 2018-10-02 21:47:27.374 [main] BasicTypeRegistry - Adding type registration java.time.LocalDate -> org.hibernate.type.LocalDateType@5a37d3ed
[DEBUG] 2018-10-02 21:47:27.376 [main] BasicTypeRegistry - Adding type registration LocalTime -> org.hibernate.type.LocalTimeType@79c97cb
[DEBUG] 2018-10-02 21:47:27.377 [main] BasicTypeRegistry - Adding type registration java.time.LocalTime -> org.hibernate.type.LocalTimeType@79c97cb
[DEBUG] 2018-10-02 21:47:27.379 [main] BasicTypeRegistry - Adding type registration OffsetDateTime -> org.hibernate.type.OffsetDateTimeType@6f6745d6
[DEBUG] 2018-10-02 21:47:27.379 [main] BasicTypeRegistry - Adding type registration java.time.OffsetDateTime -> org.hibernate.type.OffsetDateTimeType@6f6745d6
[DEBUG] 2018-10-02 21:47:27.381 [main] BasicTypeRegistry - Adding type registration OffsetTime -> org.hibernate.type.OffsetTimeType@3ddc6915
[DEBUG] 2018-10-02 21:47:27.381 [main] BasicTypeRegistry - Adding type registration java.time.OffsetTime -> org.hibernate.type.OffsetTimeType@3ddc6915
[DEBUG] 2018-10-02 21:47:27.384 [main] BasicTypeRegistry - Adding type registration ZonedDateTime -> org.hibernate.type.ZonedDateTimeType@4b34fff9
[DEBUG] 2018-10-02 21:47:27.384 [main] BasicTypeRegistry - Adding type registration java.time.ZonedDateTime -> org.hibernate.type.ZonedDateTimeType@4b34fff9
[DEBUG] 2018-10-02 21:47:27.386 [main] BasicTypeRegistry - Adding type registration date -> org.hibernate.type.DateType@6d7fc27
[DEBUG] 2018-10-02 21:47:27.387 [main] BasicTypeRegistry - Adding type registration java.sql.Date -> org.hibernate.type.DateType@6d7fc27
[DEBUG] 2018-10-02 21:47:27.390 [main] BasicTypeRegistry - Adding type registration time -> org.hibernate.type.TimeType@4f74980d
[DEBUG] 2018-10-02 21:47:27.391 [main] BasicTypeRegistry - Adding type registration java.sql.Time -> org.hibernate.type.TimeType@4f74980d
[DEBUG] 2018-10-02 21:47:27.393 [main] BasicTypeRegistry - Adding type registration timestamp -> org.hibernate.type.TimestampType@14fa86ae
[DEBUG] 2018-10-02 21:47:27.393 [main] BasicTypeRegistry - Adding type registration java.sql.Timestamp -> org.hibernate.type.TimestampType@14fa86ae
[DEBUG] 2018-10-02 21:47:27.394 [main] BasicTypeRegistry - Adding type registration java.util.Date -> org.hibernate.type.TimestampType@14fa86ae
[DEBUG] 2018-10-02 21:47:27.395 [main] BasicTypeRegistry - Adding type registration dbtimestamp -> org.hibernate.type.DbTimestampType@1722011b
[DEBUG] 2018-10-02 21:47:27.397 [main] BasicTypeRegistry - Adding type registration calendar -> org.hibernate.type.CalendarType@7cb502c
[DEBUG] 2018-10-02 21:47:27.397 [main] BasicTypeRegistry - Adding type registration java.util.Calendar -> org.hibernate.type.CalendarType@7cb502c
[DEBUG] 2018-10-02 21:47:27.397 [main] BasicTypeRegistry - Adding type registration java.util.GregorianCalendar -> org.hibernate.type.CalendarType@7cb502c
[DEBUG] 2018-10-02 21:47:27.398 [main] BasicTypeRegistry - Adding type registration calendar_date -> org.hibernate.type.CalendarDateType@4fbe37eb
[DEBUG] 2018-10-02 21:47:27.400 [main] BasicTypeRegistry - Adding type registration locale -> org.hibernate.type.LocaleType@46271dd6
[DEBUG] 2018-10-02 21:47:27.400 [main] BasicTypeRegistry - Adding type registration java.util.Locale -> org.hibernate.type.LocaleType@46271dd6
[DEBUG] 2018-10-02 21:47:27.402 [main] BasicTypeRegistry - Adding type registration currency -> org.hibernate.type.CurrencyType@61eaec38
[DEBUG] 2018-10-02 21:47:27.402 [main] BasicTypeRegistry - Adding type registration java.util.Currency -> org.hibernate.type.CurrencyType@61eaec38
[DEBUG] 2018-10-02 21:47:27.404 [main] BasicTypeRegistry - Adding type registration timezone -> org.hibernate.type.TimeZoneType@67b9b51a
[DEBUG] 2018-10-02 21:47:27.404 [main] BasicTypeRegistry - Adding type registration java.util.TimeZone -> org.hibernate.type.TimeZoneType@67b9b51a
[DEBUG] 2018-10-02 21:47:27.406 [main] BasicTypeRegistry - Adding type registration class -> org.hibernate.type.ClassType@5c669da8
[DEBUG] 2018-10-02 21:47:27.406 [main] BasicTypeRegistry - Adding type registration java.lang.Class -> org.hibernate.type.ClassType@5c669da8
[DEBUG] 2018-10-02 21:47:27.408 [main] BasicTypeRegistry - Adding type registration uuid-binary -> org.hibernate.type.UUIDBinaryType@b83a9be
[DEBUG] 2018-10-02 21:47:27.409 [main] BasicTypeRegistry - Adding type registration java.util.UUID -> org.hibernate.type.UUIDBinaryType@b83a9be
[DEBUG] 2018-10-02 21:47:27.409 [main] BasicTypeRegistry - Adding type registration uuid-char -> org.hibernate.type.UUIDCharType@563e4951
[DEBUG] 2018-10-02 21:47:27.412 [main] BasicTypeRegistry - Adding type registration binary -> org.hibernate.type.BinaryType@6cdba6dc
[DEBUG] 2018-10-02 21:47:27.412 [main] BasicTypeRegistry - Adding type registration byte[] -> org.hibernate.type.BinaryType@6cdba6dc
[DEBUG] 2018-10-02 21:47:27.412 [main] BasicTypeRegistry - Adding type registration [B -> org.hibernate.type.BinaryType@6cdba6dc
[DEBUG] 2018-10-02 21:47:27.413 [main] BasicTypeRegistry - Adding type registration wrapper-binary -> org.hibernate.type.WrapperBinaryType@78aa1f72
[DEBUG] 2018-10-02 21:47:27.414 [main] BasicTypeRegistry - Adding type registration Byte[] -> org.hibernate.type.WrapperBinaryType@78aa1f72
[DEBUG] 2018-10-02 21:47:27.414 [main] BasicTypeRegistry - Adding type registration [Ljava.lang.Byte; -> org.hibernate.type.WrapperBinaryType@78aa1f72
[DEBUG] 2018-10-02 21:47:27.415 [main] BasicTypeRegistry - Adding type registration row_version -> org.hibernate.type.RowVersionType@5170bcf4
[DEBUG] 2018-10-02 21:47:27.416 [main] BasicTypeRegistry - Adding type registration image -> org.hibernate.type.ImageType@27d5a580
[DEBUG] 2018-10-02 21:47:27.418 [main] BasicTypeRegistry - Adding type registration characters -> org.hibernate.type.CharArrayType@2931522b
[DEBUG] 2018-10-02 21:47:27.418 [main] BasicTypeRegistry - Adding type registration char[] -> org.hibernate.type.CharArrayType@2931522b
[DEBUG] 2018-10-02 21:47:27.418 [main] BasicTypeRegistry - Adding type registration [C -> org.hibernate.type.CharArrayType@2931522b
[DEBUG] 2018-10-02 21:47:27.419 [main] BasicTypeRegistry - Adding type registration wrapper-characters -> org.hibernate.type.CharacterArrayType@16b2bb0c
[DEBUG] 2018-10-02 21:47:27.419 [main] BasicTypeRegistry - Adding type registration [Ljava.lang.Character; -> org.hibernate.type.CharacterArrayType@16b2bb0c
[DEBUG] 2018-10-02 21:47:27.419 [main] BasicTypeRegistry - Adding type registration Character[] -> org.hibernate.type.CharacterArrayType@16b2bb0c
[DEBUG] 2018-10-02 21:47:27.420 [main] BasicTypeRegistry - Adding type registration text -> org.hibernate.type.TextType@6aa61224
[DEBUG] 2018-10-02 21:47:27.421 [main] BasicTypeRegistry - Adding type registration ntext -> org.hibernate.type.NTextType@7357a011
[DEBUG] 2018-10-02 21:47:27.428 [main] BasicTypeRegistry - Adding type registration blob -> org.hibernate.type.BlobType@6bf08014
[DEBUG] 2018-10-02 21:47:27.428 [main] BasicTypeRegistry - Adding type registration java.sql.Blob -> org.hibernate.type.BlobType@6bf08014
[DEBUG] 2018-10-02 21:47:27.429 [main] BasicTypeRegistry - Adding type registration materialized_blob -> org.hibernate.type.MaterializedBlobType@1fb19a0
[DEBUG] 2018-10-02 21:47:27.434 [main] BasicTypeRegistry - Adding type registration clob -> org.hibernate.type.ClobType@14f9390f
[DEBUG] 2018-10-02 21:47:27.434 [main] BasicTypeRegistry - Adding type registration java.sql.Clob -> org.hibernate.type.ClobType@14f9390f
[DEBUG] 2018-10-02 21:47:27.439 [main] BasicTypeRegistry - Adding type registration nclob -> org.hibernate.type.NClobType@225129c
[DEBUG] 2018-10-02 21:47:27.439 [main] BasicTypeRegistry - Adding type registration java.sql.NClob -> org.hibernate.type.NClobType@225129c
[DEBUG] 2018-10-02 21:47:27.439 [main] BasicTypeRegistry - Adding type registration materialized_clob -> org.hibernate.type.MaterializedClobType@479ceda0
[DEBUG] 2018-10-02 21:47:27.440 [main] BasicTypeRegistry - Adding type registration materialized_nclob -> org.hibernate.type.MaterializedNClobType@488d1cd7
[DEBUG] 2018-10-02 21:47:27.442 [main] BasicTypeRegistry - Adding type registration serializable -> org.hibernate.type.SerializableType@7fbdb894
[DEBUG] 2018-10-02 21:47:27.447 [main] BasicTypeRegistry - Adding type registration object -> org.hibernate.type.ObjectType@341814d3
[DEBUG] 2018-10-02 21:47:27.447 [main] BasicTypeRegistry - Adding type registration java.lang.Object -> org.hibernate.type.ObjectType@341814d3
[DEBUG] 2018-10-02 21:47:27.448 [main] BasicTypeRegistry - Adding type registration imm_date -> org.hibernate.type.AdaptedImmutableType@1bd39d3c
[DEBUG] 2018-10-02 21:47:27.448 [main] BasicTypeRegistry - Adding type registration imm_time -> org.hibernate.type.AdaptedImmutableType@6f19ac19
[DEBUG] 2018-10-02 21:47:27.448 [main] BasicTypeRegistry - Adding type registration imm_timestamp -> org.hibernate.type.AdaptedImmutableType@119cbf96
[DEBUG] 2018-10-02 21:47:27.448 [main] BasicTypeRegistry - Adding type registration imm_dbtimestamp -> org.hibernate.type.AdaptedImmutableType@71329995
[DEBUG] 2018-10-02 21:47:27.449 [main] BasicTypeRegistry - Adding type registration imm_calendar -> org.hibernate.type.AdaptedImmutableType@768fc0f2
[DEBUG] 2018-10-02 21:47:27.449 [main] BasicTypeRegistry - Adding type registration imm_calendar_date -> org.hibernate.type.AdaptedImmutableType@5454d35e
[DEBUG] 2018-10-02 21:47:27.449 [main] BasicTypeRegistry - Adding type registration imm_binary -> org.hibernate.type.AdaptedImmutableType@20c0a64d
[DEBUG] 2018-10-02 21:47:27.449 [main] BasicTypeRegistry - Adding type registration imm_serializable -> org.hibernate.type.AdaptedImmutableType@455b6df1
[INFO ] 2018-10-02 21:47:27.461 [main] C3P0ConnectionProvider - HHH010002: C3P0 using driver: com.mysql.jdbc.Driver at URL: jdbc:mysql://localhost:3306/quirondb_test
[INFO ] 2018-10-02 21:47:27.462 [main] C3P0ConnectionProvider - HHH10001001: Connection properties: {user=root, password=****}
[INFO ] 2018-10-02 21:47:27.462 [main] C3P0ConnectionProvider - HHH10001003: Autocommit mode: false
[INFO ] 2018-10-02 21:47:27.807 [main] C3P0ConnectionProvider - HHH10001007: JDBC isolation level: <unknown>
[DEBUG] 2018-10-02 21:47:27.885 [main] JdbcEnvironmentInitiator - Database ->
       name : MySQL
    version : 5.7.23-log
      major : 5
      minor : 7
[DEBUG] 2018-10-02 21:47:27.885 [main] JdbcEnvironmentInitiator - Driver ->
       name : MySQL Connector Java
    version : mysql-connector-java-5.1.39 ( Revision: 3289a357af6d09ecc1a10fd3c26e95183e5790ad )
      major : 5
      minor : 1
[DEBUG] 2018-10-02 21:47:27.886 [main] JdbcEnvironmentInitiator - JDBC version : 4.0
[INFO ] 2018-10-02 21:47:27.903 [main] Dialect - HHH000400: Using dialect: org.hibernate.dialect.MySQL5Dialect
[DEBUG] 2018-10-02 21:47:27.957 [main] IdentifierHelperBuilder - JDBC driver metadata reported database stores quoted identifiers in more than one case
[DEBUG] 2018-10-02 21:47:27.960 [main] IdentifierHelperBuilder - IdentifierCaseStrategy for both quoted and unquoted identifiers was set to the same strategy [MIXED]; that will likely lead to problems in schema update and validation if using quoted identifiers
[DEBUG] 2018-10-02 21:47:28.025 [main] DefaultIdentifierGeneratorFactory - Registering IdentifierGenerator strategy [uuid2] -> [org.hibernate.id.UUIDGenerator]
[DEBUG] 2018-10-02 21:47:28.025 [main] DefaultIdentifierGeneratorFactory - Registering IdentifierGenerator strategy [guid] -> [org.hibernate.id.GUIDGenerator]
[DEBUG] 2018-10-02 21:47:28.028 [main] DefaultIdentifierGeneratorFactory - Registering IdentifierGenerator strategy [uuid] -> [org.hibernate.id.UUIDHexGenerator]
[DEBUG] 2018-10-02 21:47:28.028 [main] DefaultIdentifierGeneratorFactory - Registering IdentifierGenerator strategy [uuid.hex] -> [org.hibernate.id.UUIDHexGenerator]
[DEBUG] 2018-10-02 21:47:28.028 [main] DefaultIdentifierGeneratorFactory - Registering IdentifierGenerator strategy [assigned] -> [org.hibernate.id.Assigned]
[DEBUG] 2018-10-02 21:47:28.030 [main] DefaultIdentifierGeneratorFactory - Registering IdentifierGenerator strategy [identity] -> [org.hibernate.id.IdentityGenerator]
[DEBUG] 2018-10-02 21:47:28.030 [main] DefaultIdentifierGeneratorFactory - Registering IdentifierGenerator strategy [select] -> [org.hibernate.id.SelectGenerator]
[DEBUG] 2018-10-02 21:47:28.031 [main] DefaultIdentifierGeneratorFactory - Registering IdentifierGenerator strategy [sequence] -> [org.hibernate.id.enhanced.SequenceStyleGenerator]
[DEBUG] 2018-10-02 21:47:28.033 [main] DefaultIdentifierGeneratorFactory - Registering IdentifierGenerator strategy [seqhilo] -> [org.hibernate.id.SequenceHiLoGenerator]
[DEBUG] 2018-10-02 21:47:28.034 [main] DefaultIdentifierGeneratorFactory - Registering IdentifierGenerator strategy [increment] -> [org.hibernate.id.IncrementGenerator]
[DEBUG] 2018-10-02 21:47:28.034 [main] DefaultIdentifierGeneratorFactory - Registering IdentifierGenerator strategy [foreign] -> [org.hibernate.id.ForeignGenerator]
[DEBUG] 2018-10-02 21:47:28.035 [main] DefaultIdentifierGeneratorFactory - Registering IdentifierGenerator strategy [sequence-identity] -> [org.hibernate.id.SequenceIdentityGenerator]
[DEBUG] 2018-10-02 21:47:28.035 [main] DefaultIdentifierGeneratorFactory - Registering IdentifierGenerator strategy [enhanced-sequence] -> [org.hibernate.id.enhanced.SequenceStyleGenerator]
[DEBUG] 2018-10-02 21:47:28.036 [main] DefaultIdentifierGeneratorFactory - Registering IdentifierGenerator strategy [enhanced-table] -> [org.hibernate.id.enhanced.TableGenerator]
[DEBUG] 2018-10-02 21:47:28.079 [main] Namespace - Created database namespace [logicalName=Name{catalog=null, schema=null}, physicalName=Name{catalog=null, schema=null}]
[DEBUG] 2018-10-02 21:47:28.120 [main] AnnotationBinder - Binding entity from annotated class: co.net.quiron.domain.admin.Country
[DEBUG] 2018-10-02 21:47:28.147 [main] Ejb3Column - Binding column: Ejb3DiscriminatorColumn{logicalColumnName'DTYPE', discriminatorTypeName='string'}
[DEBUG] 2018-10-02 21:47:28.153 [main] EntityBinder - Import with entity name Countries
[DEBUG] 2018-10-02 21:47:28.157 [main] EntityBinder - Bind entity co.net.quiron.domain.admin.Country on table COUNTRIES
[DEBUG] 2018-10-02 21:47:28.185 [main] Ejb3Column - Binding column: Ejb3Column{table=org.hibernate.mapping.Table(COUNTRIES), mappingColumn=CountryID, insertable=true, updatable=true, unique=false}
[DEBUG] 2018-10-02 21:47:28.190 [main] PropertyBinder - MetadataSourceProcessor property id with lazy=false
[DEBUG] 2018-10-02 21:47:28.191 [main] AbstractPropertyHolder - Attempting to locate auto-apply AttributeConverter for property [co.net.quiron.domain.admin.Country:id]
[DEBUG] 2018-10-02 21:47:28.193 [main] SimpleValueBinder - building SimpleValue for id
[DEBUG] 2018-10-02 21:47:28.196 [main] PropertyBinder - Building property id
[DEBUG] 2018-10-02 21:47:28.200 [main] Ejb3Column - Binding column: Ejb3Column{table=org.hibernate.mapping.Table(COUNTRIES), mappingColumn=CountryCode, insertable=true, updatable=true, unique=false}
[DEBUG] 2018-10-02 21:47:28.200 [main] PropertyBinder - MetadataSourceProcessor property code with lazy=false
[DEBUG] 2018-10-02 21:47:28.200 [main] AbstractPropertyHolder - Attempting to locate auto-apply AttributeConverter for property [co.net.quiron.domain.admin.Country:code]
[DEBUG] 2018-10-02 21:47:28.201 [main] SimpleValueBinder - building SimpleValue for code
[DEBUG] 2018-10-02 21:47:28.201 [main] PropertyBinder - Building property code
[DEBUG] 2018-10-02 21:47:28.201 [main] Ejb3Column - Binding column: Ejb3Column{table=org.hibernate.mapping.Table(COUNTRIES), mappingColumn=CreatedDate, insertable=true, updatable=true, unique=false}
[DEBUG] 2018-10-02 21:47:28.201 [main] PropertyBinder - MetadataSourceProcessor property createdDate with lazy=false
[DEBUG] 2018-10-02 21:47:28.201 [main] AbstractPropertyHolder - Attempting to locate auto-apply AttributeConverter for property [co.net.quiron.domain.admin.Country:createdDate]
[DEBUG] 2018-10-02 21:47:28.202 [main] SimpleValueBinder - building SimpleValue for createdDate
[DEBUG] 2018-10-02 21:47:28.202 [main] PropertyBinder - Building property createdDate
[DEBUG] 2018-10-02 21:47:28.213 [main] Ejb3Column - Binding column: Ejb3Column{table=org.hibernate.mapping.Table(COUNTRIES), mappingColumn=ModifiedDate, insertable=true, updatable=true, unique=false}
[DEBUG] 2018-10-02 21:47:28.213 [main] PropertyBinder - MetadataSourceProcessor property modifiedDate with lazy=false
[DEBUG] 2018-10-02 21:47:28.213 [main] AbstractPropertyHolder - Attempting to locate auto-apply AttributeConverter for property [co.net.quiron.domain.admin.Country:modifiedDate]
[DEBUG] 2018-10-02 21:47:28.213 [main] SimpleValueBinder - building SimpleValue for modifiedDate
[DEBUG] 2018-10-02 21:47:28.213 [main] PropertyBinder - Building property modifiedDate
[DEBUG] 2018-10-02 21:47:28.214 [main] Ejb3Column - Binding column: Ejb3Column{table=org.hibernate.mapping.Table(COUNTRIES), mappingColumn=Name, insertable=true, updatable=true, unique=false}
[DEBUG] 2018-10-02 21:47:28.214 [main] PropertyBinder - MetadataSourceProcessor property name with lazy=false
[DEBUG] 2018-10-02 21:47:28.214 [main] AbstractPropertyHolder - Attempting to locate auto-apply AttributeConverter for property [co.net.quiron.domain.admin.Country:name]
[DEBUG] 2018-10-02 21:47:28.215 [main] SimpleValueBinder - building SimpleValue for name
[DEBUG] 2018-10-02 21:47:28.215 [main] PropertyBinder - Building property name
[DEBUG] 2018-10-02 21:47:28.216 [main] SimpleValueBinder - Starting fillSimpleValue for id
[DEBUG] 2018-10-02 21:47:28.216 [main] SimpleValueBinder - Starting fillSimpleValue for code
[DEBUG] 2018-10-02 21:47:28.216 [main] SimpleValueBinder - Starting fillSimpleValue for createdDate
[DEBUG] 2018-10-02 21:47:28.216 [main] SimpleValueBinder - Starting fillSimpleValue for modifiedDate
[DEBUG] 2018-10-02 21:47:28.216 [main] SimpleValueBinder - Starting fillSimpleValue for name
[DEBUG] 2018-10-02 21:47:28.218 [main] PrimaryKey - Forcing column [countryid] to be non-null as it is part of the primary key for table [countries]
[DEBUG] 2018-10-02 21:47:28.261 [main] SessionFactoryImpl - Building session factory
[DEBUG] 2018-10-02 21:47:28.262 [main] Settings - SessionFactory name : null
[DEBUG] 2018-10-02 21:47:28.262 [main] Settings - Automatic flush during beforeCompletion(): enabled
[DEBUG] 2018-10-02 21:47:28.262 [main] Settings - Automatic session close at end of transaction: disabled
[DEBUG] 2018-10-02 21:47:28.262 [main] Settings - Statistics: disabled
[DEBUG] 2018-10-02 21:47:28.262 [main] Settings - Deleted entity synthetic identifier rollback: disabled
[DEBUG] 2018-10-02 21:47:28.262 [main] Settings - Default entity-mode: pojo
[DEBUG] 2018-10-02 21:47:28.262 [main] Settings - Check Nullability in Core (should be disabled when Bean Validation is on): enabled
[DEBUG] 2018-10-02 21:47:28.262 [main] Settings - Allow initialization of lazy state outside session : disabled
[DEBUG] 2018-10-02 21:47:28.262 [main] Settings - Using BatchFetchStyle : LEGACY
[DEBUG] 2018-10-02 21:47:28.262 [main] Settings - Default batch fetch size: -1
[DEBUG] 2018-10-02 21:47:28.262 [main] Settings - Maximum outer join fetch depth: 2
[DEBUG] 2018-10-02 21:47:28.262 [main] Settings - Default null ordering: NONE
[DEBUG] 2018-10-02 21:47:28.262 [main] Settings - Order SQL updates by primary key: disabled
[DEBUG] 2018-10-02 21:47:28.262 [main] Settings - Order SQL inserts for batching: disabled
[DEBUG] 2018-10-02 21:47:28.262 [main] Settings - multi-tenancy strategy : NONE
[DEBUG] 2018-10-02 21:47:28.262 [main] Settings - JTA Track by Thread: enabled
[DEBUG] 2018-10-02 21:47:28.262 [main] Settings - Query language substitutions: {}
[DEBUG] 2018-10-02 21:47:28.263 [main] Settings - JPA query language strict compliance: disabled
[DEBUG] 2018-10-02 21:47:28.263 [main] Settings - Named query checking : enabled
[DEBUG] 2018-10-02 21:47:28.263 [main] Settings - Second-level cache: enabled
[DEBUG] 2018-10-02 21:47:28.263 [main] Settings - Second-level query cache: disabled
[DEBUG] 2018-10-02 21:47:28.263 [main] Settings - Second-level query cache factory: org.hibernate.cache.internal.StandardQueryCacheFactory@5118388b
[DEBUG] 2018-10-02 21:47:28.263 [main] Settings - Second-level cache region prefix: null
[DEBUG] 2018-10-02 21:47:28.263 [main] Settings - Optimize second-level cache for minimal puts: disabled
[DEBUG] 2018-10-02 21:47:28.263 [main] Settings - Structured second-level cache entries: disabled
[DEBUG] 2018-10-02 21:47:28.263 [main] Settings - Second-level cache direct-reference entries: disabled
[DEBUG] 2018-10-02 21:47:28.263 [main] Settings - Automatic eviction of collection cache: disabled
[DEBUG] 2018-10-02 21:47:28.263 [main] Settings - JDBC batch size: 15
[DEBUG] 2018-10-02 21:47:28.263 [main] Settings - JDBC batch updates for versioned data: enabled
[DEBUG] 2018-10-02 21:47:28.263 [main] Settings - Scrollable result sets: enabled
[DEBUG] 2018-10-02 21:47:28.263 [main] Settings - Wrap result sets: disabled
[DEBUG] 2018-10-02 21:47:28.263 [main] Settings - JDBC3 getGeneratedKeys(): enabled
[DEBUG] 2018-10-02 21:47:28.263 [main] Settings - JDBC result set fetch size: null
[DEBUG] 2018-10-02 21:47:28.263 [main] Settings - Connection release mode: AFTER_TRANSACTION
[DEBUG] 2018-10-02 21:47:28.263 [main] Settings - Generate SQL with comments: disabled
[DEBUG] 2018-10-02 21:47:28.351 [main] SessionFactoryImpl - Session factory constructed with filter configurations : {}
[DEBUG] 2018-10-02 21:47:28.351 [main] SessionFactoryImpl - Instantiating session factory with properties: {sun.desktop=windows, awt.toolkit=sun.awt.windows.WToolkit, file.encoding.pkg=sun.io, java.specification.version=1.8, hibernate.c3p0.idle_test_period=3000, sun.cpu.isalist=amd64, sun.jnu.encoding=Cp1252, hibernate.c3p0.min_size=5, java.class.path=C:\Program Files\JetBrains\IntelliJ IDEA 2018.2.2\lib\idea_rt.jar;C:\Program Files\JetBrains\IntelliJ IDEA 2018.2.2\plugins\junit\lib\junit-rt.jar;C:\Program Files\JetBrains\IntelliJ IDEA 2018.2.2\plugins\junit\lib\junit5-rt.jar;C:\Program Files\Java\jdk1.8.0_181\jre\lib\charsets.jar;C:\Program Files\Java\jdk1.8.0_181\jre\lib\deploy.jar;C:\Program Files\Java\jdk1.8.0_181\jre\lib\ext\access-bridge-64.jar;C:\Program Files\Java\jdk1.8.0_181\jre\lib\ext\cldrdata.jar;C:\Program Files\Java\jdk1.8.0_181\jre\lib\ext\dnsns.jar;C:\Program Files\Java\jdk1.8.0_181\jre\lib\ext\jaccess.jar;C:\Program Files\Java\jdk1.8.0_181\jre\lib\ext\jfxrt.jar;C:\Program Files\Java\jdk1.8.0_181\jre\lib\ext\localedata.jar;C:\Program Files\Java\jdk1.8.0_181\jre\lib\ext\nashorn.jar;C:\Program Files\Java\jdk1.8.0_181\jre\lib\ext\sunec.jar;C:\Program Files\Java\jdk1.8.0_181\jre\lib\ext\sunjce_provider.jar;C:\Program Files\Java\jdk1.8.0_181\jre\lib\ext\sunmscapi.jar;C:\Program Files\Java\jdk1.8.0_181\jre\lib\ext\sunpkcs11.jar;C:\Program Files\Java\jdk1.8.0_181\jre\lib\ext\zipfs.jar;C:\Program Files\Java\jdk1.8.0_181\jre\lib\javaws.jar;C:\Program Files\Java\jdk1.8.0_181\jre\lib\jce.jar;C:\Program Files\Java\jdk1.8.0_181\jre\lib\jfr.jar;C:\Program Files\Java\jdk1.8.0_181\jre\lib\jfxswt.jar;C:\Program Files\Java\jdk1.8.0_181\jre\lib\jsse.jar;C:\Program Files\Java\jdk1.8.0_181\jre\lib\management-agent.jar;C:\Program Files\Java\jdk1.8.0_181\jre\lib\plugin.jar;C:\Program Files\Java\jdk1.8.0_181\jre\lib\resources.jar;C:\Program Files\Java\jdk1.8.0_181\jre\lib\rt.jar;C:\Users\dragcko\Documents\My Projects\IJ\yperea\quiron\target\test-classes;C:\Users\dragcko\Documents\My Projects\IJ\yperea\quiron\target\classes;C:\Users\dragcko\.m2\repository\junit\junit\4.12\junit-4.12.jar;C:\Users\dragcko\.m2\repository\org\hamcrest\hamcrest-core\1.3\hamcrest-core-1.3.jar;C:\Users\dragcko\.m2\repository\org\junit\jupiter\junit-jupiter-engine\5.0.0\junit-jupiter-engine-5.0.0.jar;C:\Users\dragcko\.m2\repository\org\apiguardian\apiguardian-api\1.0.0\apiguardian-api-1.0.0.jar;C:\Users\dragcko\.m2\repository\org\junit\platform\junit-platform-engine\1.0.0\junit-platform-engine-1.0.0.jar;C:\Users\dragcko\.m2\repository\org\junit\platform\junit-platform-runner\1.0.0\junit-platform-runner-1.0.0.jar;C:\Users\dragcko\.m2\repository\org\junit\platform\junit-platform-launcher\1.0.0\junit-platform-launcher-1.0.0.jar;C:\Users\dragcko\.m2\repository\org\junit\platform\junit-platform-suite-api\1.0.0\junit-platform-suite-api-1.0.0.jar;C:\Users\dragcko\.m2\repository\org\junit\vintage\junit-vintage-engine\4.12.0\junit-vintage-engine-4.12.0.jar;C:\Users\dragcko\.m2\repository\org\junit\jupiter\junit-jupiter-api\5.3.1\junit-jupiter-api-5.3.1.jar;C:\Users\dragcko\.m2\repository\org\opentest4j\opentest4j\1.1.1\opentest4j-1.1.1.jar;C:\Users\dragcko\.m2\repository\org\junit\platform\junit-platform-commons\1.3.1\junit-platform-commons-1.3.1.jar;C:\Users\dragcko\.m2\repository\javax\javaee-web-api\7.0\javaee-web-api-7.0.jar;C:\Users\dragcko\.m2\repository\org\apache\logging\log4j\log4j-api\2.10.0\log4j-api-2.10.0.jar;C:\Users\dragcko\.m2\repository\org\apache\logging\log4j\log4j-core\2.10.0\log4j-core-2.10.0.jar;C:\Users\dragcko\.m2\repository\org\hibernate\hibernate-core\5.2.12.Final\hibernate-core-5.2.12.Final.jar;C:\Users\dragcko\.m2\repository\org\jboss\logging\jboss-logging\3.3.0.Final\jboss-logging-3.3.0.Final.jar;C:\Users\dragcko\.m2\repository\org\hibernate\javax\persistence\hibernate-jpa-2.1-api\1.0.0.Final\hibernate-jpa-2.1-api-1.0.0.Final.jar;C:\Users\dragcko\.m2\repository\org\javassist\javassist\3.20.0-GA\javassist-3.20.0-GA.jar;C:\Users\dragcko\.m2\repository\antlr\antlr\2.7.7\antlr-2.7.7.jar;C:\Users\dragcko\.m2\repository\org\jboss\spec\javax\transaction\jboss-transaction-api_1.2_spec\1.0.1.Final\jboss-transaction-api_1.2_spec-1.0.1.Final.jar;C:\Users\dragcko\.m2\repository\org\jboss\jandex\2.0.3.Final\jandex-2.0.3.Final.jar;C:\Users\dragcko\.m2\repository\com\fasterxml\classmate\1.3.0\classmate-1.3.0.jar;C:\Users\dragcko\.m2\repository\dom4j\dom4j\1.6.1\dom4j-1.6.1.jar;C:\Users\dragcko\.m2\repository\org\hibernate\common\hibernate-commons-annotations\5.0.1.Final\hibernate-commons-annotations-5.0.1.Final.jar;C:\Users\dragcko\.m2\repository\org\hibernate\hibernate-c3p0\5.2.12.Final\hibernate-c3p0-5.2.12.Final.jar;C:\Users\dragcko\.m2\repository\com\mchange\c3p0\0.9.5.2\c3p0-0.9.5.2.jar;C:\Users\dragcko\.m2\repository\com\mchange\mchange-commons-java\0.2.11\mchange-commons-java-0.2.11.jar;C:\Users\dragcko\.m2\repository\mysql\mysql-connector-java\5.1.39\mysql-connector-java-5.1.39.jar;C:\Users\dragcko\.m2\repository\jstl\jstl\1.2\jstl-1.2.jar;C:\Users\dragcko\.m2\repository\org\projectlombok\lombok\1.18.2\lombok-1.18.2.jar;C:\Program Files\JetBrains\IntelliJ IDEA 2018.2.2\lib\idea_rt.jar, java.vm.vendor=Oracle Corporation, sun.arch.data.model=64, idea.test.cyclic.buffer.size=1048576, user.variant=, java.vendor.url=http://java.oracle.com/, user.timezone=America/Chicago, os.name=Windows 10, java.vm.specification.version=1.8, user.country=US, sun.java.launcher=SUN_STANDARD, sun.boot.library.path=C:\Program Files\Java\jdk1.8.0_181\jre\bin, sun.java.command=com.intellij.rt.execution.junit.JUnitStarter -ideVersion5 -junit5 co.net.quiron.application.admin.CountriesManagerTest, sun.cpu.endian=little, hibernate.c3p0.max_statements=50, user.home=C:\Users\dragcko, user.language=en, java.specification.vendor=Oracle Corporation, java.home=C:\Program Files\Java\jdk1.8.0_181\jre, file.separator=\, line.separator=
, hibernate.c3p0.timeout=300, java.vm.specification.vendor=Oracle Corporation, java.specification.name=Java Platform API Specification, java.awt.graphicsenv=sun.awt.Win32GraphicsEnvironment, sun.boot.class.path=C:\Program Files\Java\jdk1.8.0_181\jre\lib\resources.jar;C:\Program Files\Java\jdk1.8.0_181\jre\lib\rt.jar;C:\Program Files\Java\jdk1.8.0_181\jre\lib\sunrsasign.jar;C:\Program Files\Java\jdk1.8.0_181\jre\lib\jsse.jar;C:\Program Files\Java\jdk1.8.0_181\jre\lib\jce.jar;C:\Program Files\Java\jdk1.8.0_181\jre\lib\charsets.jar;C:\Program Files\Java\jdk1.8.0_181\jre\lib\jfr.jar;C:\Program Files\Java\jdk1.8.0_181\jre\classes, user.script=, connection.password=root, sun.management.compiler=HotSpot 64-Bit Tiered Compilers, hibernate.c3p0.max_size=20, java.runtime.version=1.8.0_181-b13, user.name=dragcko, path.separator=;, hibernate.connection.username=root, os.version=10.0, java.endorsed.dirs=C:\Program Files\Java\jdk1.8.0_181\jre\lib\endorsed, java.runtime.name=Java(TM) SE Runtime Environment, hibernate.connection.url=jdbc:mysql://localhost:3306/quirondb_test, file.encoding=UTF-8, java.vm.name=Java HotSpot(TM) 64-Bit Server VM, hibernate.connection.driver_class=com.mysql.jdbc.Driver, java.vendor.url.bug=http://bugreport.sun.com/bugreport/, java.io.tmpdir=C:\Users\dragcko\AppData\Local\Temp\, java.version=1.8.0_181, user.dir=C:\Users\dragcko\Documents\My Projects\IJ\yperea\quiron, os.arch=amd64, connection.username=root, java.vm.specification.name=Java Virtual Machine Specification, hibernate.connection.password=****, java.awt.printerjob=sun.awt.windows.WPrinterJob, sun.os.patch.level=, connection.driver_class=com.mysql.jdbc.Driver, hibernate.boot.CfgXmlAccessService.key=org.hibernate.boot.cfgxml.spi.LoadedConfig@3deb2326, java.library.path=C:\Program Files\Java\jdk1.8.0_181\bin;C:\WINDOWS\Sun\Java\bin;C:\WINDOWS\system32;C:\WINDOWS;C:\Program Files (x86)\iis express\PHP\v5.6;C:\WINDOWS\system32\inetsrv;C:\Program Files (x86)\Common Files\Oracle\Java\javapath;C:\ProgramData\Oracle\Java\javapath;C:\Program Files\Microsoft MPI\Bin\;C:\WINDOWS\system32;C:\WINDOWS;C:\WINDOWS\System32\Wbem;C:\WINDOWS\System32\WindowsPowerShell\v1.0\;C:\Program Files\dotnet\;C:\Program Files\Microsoft SQL Server\130\Tools\Binn\;C:\Program Files\PuTTY\;C:\Program Files\Java\jdk1.8.0_161;C:\Program Files\jEdit;C:\Program Files\Microsoft\Web Platform Installer\;C:\Program Files\Microsoft VS Code\bin;C:\Program Files (x86)\Microsoft SQL Server\140\Tools\Binn\;C:\Program Files\Microsoft SQL Server\140\Tools\Binn\;C:\Program Files (x86)\Microsoft SQL Server\140\DTS\Binn\;C:\Program Files\Microsoft SQL Server\140\DTS\Binn\;C:\Program Files\Microsoft SQL Server\Client SDK\ODBC\130\Tools\Binn\;C:\Program Files (x86)\Microsoft SQL Server\Client SDK\ODBC\130\Tools\Binn\;C:\Program Files (x86)\Microso;C:\Program Files\MySQL\MySQL Server 5.7\bin;C:\Program Files\MySQL\MySQL Utilities 1.6;C:\Program Files (x86)\IncrediBuild;C:\Program Files\Git\cmd;C:\Users\dragcko\AppData\Local\Microsoft\WindowsApps;C:\Users\dragcko\AppData\Local\Programs\Git\cmd;., java.vm.info=mixed mode, java.vendor=Oracle Corporation, java.vm.version=25.181-b13, hibernate.bytecode.use_reflection_optimizer=false, java.ext.dirs=C:\Program Files\Java\jdk1.8.0_181\jre\lib\ext;C:\WINDOWS\Sun\Java\lib\ext, sun.io.unicode.encoding=UnicodeLittle, connection.url=jdbc:mysql://localhost:3306/quirondb_test, java.class.version=52.0}
[DEBUG] 2018-10-02 21:47:28.381 [main] TypeSafeActivator - Unable to acquire Bean Validation ValidatorFactory, skipping activation
[DEBUG] 2018-10-02 21:47:28.381 [main] JaccIntegrator - Skipping JACC integration as it was not enabled
[DEBUG] 2018-10-02 21:47:28.383 [main] SessionFactoryImpl - Instantiated session factory
[DEBUG] 2018-10-02 21:47:28.447 [main] ClassLoaderAccessImpl - Not known whether passed class name [co.net.quiron.domain.admin.Country] is safe
[DEBUG] 2018-10-02 21:47:28.447 [main] ClassLoaderAccessImpl - No temp ClassLoader provided; using live ClassLoader for loading potentially unsafe class : co.net.quiron.domain.admin.Country
[DEBUG] 2018-10-02 21:47:28.470 [main] ClassLoaderAccessImpl - Not known whether passed class name [co.net.quiron.domain.admin.Country] is safe
[DEBUG] 2018-10-02 21:47:28.470 [main] ClassLoaderAccessImpl - No temp ClassLoader provided; using live ClassLoader for loading potentially unsafe class : co.net.quiron.domain.admin.Country
[DEBUG] 2018-10-02 21:47:28.560 [main] AbstractEntityPersister - Static SQL for entity: co.net.quiron.domain.admin.Country
[DEBUG] 2018-10-02 21:47:28.560 [main] AbstractEntityPersister -  Version select: select CountryID from COUNTRIES where CountryID =?
[DEBUG] 2018-10-02 21:47:28.561 [main] AbstractEntityPersister -  Snapshot select: select country_.CountryID, country_.CountryCode as CountryC2_0_, country_.CreatedDate as CreatedD3_0_, country_.ModifiedDate as Modified4_0_, country_.Name as Name5_0_ from COUNTRIES country_ where country_.CountryID=?
[DEBUG] 2018-10-02 21:47:28.561 [main] AbstractEntityPersister -  Insert 0: insert into COUNTRIES (CountryCode, CreatedDate, ModifiedDate, Name, CountryID) values (?, ?, ?, ?, ?)
[DEBUG] 2018-10-02 21:47:28.561 [main] AbstractEntityPersister -  Update 0: update COUNTRIES set CountryCode=?, CreatedDate=?, ModifiedDate=?, Name=? where CountryID=?
[DEBUG] 2018-10-02 21:47:28.561 [main] AbstractEntityPersister -  Delete 0: delete from COUNTRIES where CountryID=?
[DEBUG] 2018-10-02 21:47:28.561 [main] AbstractEntityPersister -  Identity insert: insert into COUNTRIES (CountryCode, CreatedDate, ModifiedDate, Name) values (?, ?, ?, ?)
[DEBUG] 2018-10-02 21:47:28.591 [main] QuerySpacesImpl - Adding QuerySpace : uid = <gen:0> -> org.hibernate.loader.plan.build.internal.spaces.EntityQuerySpaceImpl@33a053d]
[DEBUG] 2018-10-02 21:47:28.592 [main] MetamodelGraphWalker - Visiting attribute path : code
[DEBUG] 2018-10-02 21:47:28.593 [main] MetamodelGraphWalker - Visiting attribute path : createdDate
[DEBUG] 2018-10-02 21:47:28.593 [main] MetamodelGraphWalker - Visiting attribute path : modifiedDate
[DEBUG] 2018-10-02 21:47:28.593 [main] MetamodelGraphWalker - Visiting attribute path : name
[DEBUG] 2018-10-02 21:47:28.593 [main] FetchStyleLoadPlanBuildingAssociationVisitationStrategy - Building LoadPlan...
[DEBUG] 2018-10-02 21:47:28.610 [main] LoadQueryJoinAndFetchProcessor - processing queryspace <gen:0>
[DEBUG] 2018-10-02 21:47:28.616 [main] LoadPlanTreePrinter - LoadPlan(entity=co.net.quiron.domain.admin.Country)
    - Returns
       - EntityReturnImpl(entity=co.net.quiron.domain.admin.Country, querySpaceUid=<gen:0>, path=co.net.quiron.domain.admin.Country)
    - QuerySpaces
       - EntityQuerySpaceImpl(uid=<gen:0>, entity=co.net.quiron.domain.admin.Country)
          - SQL table alias mapping - country0_
          - alias suffix - 0_
          - suffixed key columns - {CountryI1_0_0_}

[DEBUG] 2018-10-02 21:47:28.619 [main] EntityLoader - Static select for entity co.net.quiron.domain.admin.Country [NONE]: select country0_.CountryID as CountryI1_0_0_, country0_.CountryCode as CountryC2_0_0_, country0_.CreatedDate as CreatedD3_0_0_, country0_.ModifiedDate as Modified4_0_0_, country0_.Name as Name5_0_0_ from COUNTRIES country0_ where country0_.CountryID=?
[DEBUG] 2018-10-02 21:47:28.619 [main] QuerySpacesImpl - Adding QuerySpace : uid = <gen:0> -> org.hibernate.loader.plan.build.internal.spaces.EntityQuerySpaceImpl@55caeb35]
[DEBUG] 2018-10-02 21:47:28.619 [main] MetamodelGraphWalker - Visiting attribute path : code
[DEBUG] 2018-10-02 21:47:28.619 [main] MetamodelGraphWalker - Visiting attribute path : createdDate
[DEBUG] 2018-10-02 21:47:28.619 [main] MetamodelGraphWalker - Visiting attribute path : modifiedDate
[DEBUG] 2018-10-02 21:47:28.619 [main] MetamodelGraphWalker - Visiting attribute path : name
[DEBUG] 2018-10-02 21:47:28.619 [main] FetchStyleLoadPlanBuildingAssociationVisitationStrategy - Building LoadPlan...
[DEBUG] 2018-10-02 21:47:28.620 [main] LoadQueryJoinAndFetchProcessor - processing queryspace <gen:0>
[DEBUG] 2018-10-02 21:47:28.620 [main] LoadPlanTreePrinter - LoadPlan(entity=co.net.quiron.domain.admin.Country)
    - Returns
       - EntityReturnImpl(entity=co.net.quiron.domain.admin.Country, querySpaceUid=<gen:0>, path=co.net.quiron.domain.admin.Country)
    - QuerySpaces
       - EntityQuerySpaceImpl(uid=<gen:0>, entity=co.net.quiron.domain.admin.Country)
          - SQL table alias mapping - country0_
          - alias suffix - 0_
          - suffixed key columns - {CountryI1_0_0_}

[DEBUG] 2018-10-02 21:47:28.620 [main] EntityLoader - Static select for entity co.net.quiron.domain.admin.Country [READ]: select country0_.CountryID as CountryI1_0_0_, country0_.CountryCode as CountryC2_0_0_, country0_.CreatedDate as CreatedD3_0_0_, country0_.ModifiedDate as Modified4_0_0_, country0_.Name as Name5_0_0_ from COUNTRIES country0_ where country0_.CountryID=?
[DEBUG] 2018-10-02 21:47:28.620 [main] QuerySpacesImpl - Adding QuerySpace : uid = <gen:0> -> org.hibernate.loader.plan.build.internal.spaces.EntityQuerySpaceImpl@2c383e33]
[DEBUG] 2018-10-02 21:47:28.620 [main] MetamodelGraphWalker - Visiting attribute path : code
[DEBUG] 2018-10-02 21:47:28.620 [main] MetamodelGraphWalker - Visiting attribute path : createdDate
[DEBUG] 2018-10-02 21:47:28.620 [main] MetamodelGraphWalker - Visiting attribute path : modifiedDate
[DEBUG] 2018-10-02 21:47:28.620 [main] MetamodelGraphWalker - Visiting attribute path : name
[DEBUG] 2018-10-02 21:47:28.620 [main] FetchStyleLoadPlanBuildingAssociationVisitationStrategy - Building LoadPlan...
[DEBUG] 2018-10-02 21:47:28.622 [main] LoadQueryJoinAndFetchProcessor - processing queryspace <gen:0>
[DEBUG] 2018-10-02 21:47:28.622 [main] LoadPlanTreePrinter - LoadPlan(entity=co.net.quiron.domain.admin.Country)
    - Returns
       - EntityReturnImpl(entity=co.net.quiron.domain.admin.Country, querySpaceUid=<gen:0>, path=co.net.quiron.domain.admin.Country)
    - QuerySpaces
       - EntityQuerySpaceImpl(uid=<gen:0>, entity=co.net.quiron.domain.admin.Country)
          - SQL table alias mapping - country0_
          - alias suffix - 0_
          - suffixed key columns - {CountryI1_0_0_}

[DEBUG] 2018-10-02 21:47:28.622 [main] EntityLoader - Static select for entity co.net.quiron.domain.admin.Country [UPGRADE]: select country0_.CountryID as CountryI1_0_0_, country0_.CountryCode as CountryC2_0_0_, country0_.CreatedDate as CreatedD3_0_0_, country0_.ModifiedDate as Modified4_0_0_, country0_.Name as Name5_0_0_ from COUNTRIES country0_ where country0_.CountryID=? for update
[DEBUG] 2018-10-02 21:47:28.622 [main] QuerySpacesImpl - Adding QuerySpace : uid = <gen:0> -> org.hibernate.loader.plan.build.internal.spaces.EntityQuerySpaceImpl@76304b46]
[DEBUG] 2018-10-02 21:47:28.622 [main] MetamodelGraphWalker - Visiting attribute path : code
[DEBUG] 2018-10-02 21:47:28.622 [main] MetamodelGraphWalker - Visiting attribute path : createdDate
[DEBUG] 2018-10-02 21:47:28.622 [main] MetamodelGraphWalker - Visiting attribute path : modifiedDate
[DEBUG] 2018-10-02 21:47:28.623 [main] MetamodelGraphWalker - Visiting attribute path : name
[DEBUG] 2018-10-02 21:47:28.623 [main] FetchStyleLoadPlanBuildingAssociationVisitationStrategy - Building LoadPlan...
[DEBUG] 2018-10-02 21:47:28.623 [main] LoadQueryJoinAndFetchProcessor - processing queryspace <gen:0>
[DEBUG] 2018-10-02 21:47:28.623 [main] LoadPlanTreePrinter - LoadPlan(entity=co.net.quiron.domain.admin.Country)
    - Returns
       - EntityReturnImpl(entity=co.net.quiron.domain.admin.Country, querySpaceUid=<gen:0>, path=co.net.quiron.domain.admin.Country)
    - QuerySpaces
       - EntityQuerySpaceImpl(uid=<gen:0>, entity=co.net.quiron.domain.admin.Country)
          - SQL table alias mapping - country0_
          - alias suffix - 0_
          - suffixed key columns - {CountryI1_0_0_}

[DEBUG] 2018-10-02 21:47:28.623 [main] EntityLoader - Static select for entity co.net.quiron.domain.admin.Country [UPGRADE_NOWAIT]: select country0_.CountryID as CountryI1_0_0_, country0_.CountryCode as CountryC2_0_0_, country0_.CreatedDate as CreatedD3_0_0_, country0_.ModifiedDate as Modified4_0_0_, country0_.Name as Name5_0_0_ from COUNTRIES country0_ where country0_.CountryID=? for update
[DEBUG] 2018-10-02 21:47:28.623 [main] QuerySpacesImpl - Adding QuerySpace : uid = <gen:0> -> org.hibernate.loader.plan.build.internal.spaces.EntityQuerySpaceImpl@4287d447]
[DEBUG] 2018-10-02 21:47:28.623 [main] MetamodelGraphWalker - Visiting attribute path : code
[DEBUG] 2018-10-02 21:47:28.623 [main] MetamodelGraphWalker - Visiting attribute path : createdDate
[DEBUG] 2018-10-02 21:47:28.623 [main] MetamodelGraphWalker - Visiting attribute path : modifiedDate
[DEBUG] 2018-10-02 21:47:28.624 [main] MetamodelGraphWalker - Visiting attribute path : name
[DEBUG] 2018-10-02 21:47:28.624 [main] FetchStyleLoadPlanBuildingAssociationVisitationStrategy - Building LoadPlan...
[DEBUG] 2018-10-02 21:47:28.624 [main] LoadQueryJoinAndFetchProcessor - processing queryspace <gen:0>
[DEBUG] 2018-10-02 21:47:28.624 [main] LoadPlanTreePrinter - LoadPlan(entity=co.net.quiron.domain.admin.Country)
    - Returns
       - EntityReturnImpl(entity=co.net.quiron.domain.admin.Country, querySpaceUid=<gen:0>, path=co.net.quiron.domain.admin.Country)
    - QuerySpaces
       - EntityQuerySpaceImpl(uid=<gen:0>, entity=co.net.quiron.domain.admin.Country)
          - SQL table alias mapping - country0_
          - alias suffix - 0_
          - suffixed key columns - {CountryI1_0_0_}

[DEBUG] 2018-10-02 21:47:28.624 [main] EntityLoader - Static select for entity co.net.quiron.domain.admin.Country [UPGRADE_SKIPLOCKED]: select country0_.CountryID as CountryI1_0_0_, country0_.CountryCode as CountryC2_0_0_, country0_.CreatedDate as CreatedD3_0_0_, country0_.ModifiedDate as Modified4_0_0_, country0_.Name as Name5_0_0_ from COUNTRIES country0_ where country0_.CountryID=? for update
[DEBUG] 2018-10-02 21:47:28.624 [main] QuerySpacesImpl - Adding QuerySpace : uid = <gen:0> -> org.hibernate.loader.plan.build.internal.spaces.EntityQuerySpaceImpl@4e6d7365]
[DEBUG] 2018-10-02 21:47:28.625 [main] MetamodelGraphWalker - Visiting attribute path : code
[DEBUG] 2018-10-02 21:47:28.625 [main] MetamodelGraphWalker - Visiting attribute path : createdDate
[DEBUG] 2018-10-02 21:47:28.625 [main] MetamodelGraphWalker - Visiting attribute path : modifiedDate
[DEBUG] 2018-10-02 21:47:28.625 [main] MetamodelGraphWalker - Visiting attribute path : name
[DEBUG] 2018-10-02 21:47:28.625 [main] FetchStyleLoadPlanBuildingAssociationVisitationStrategy - Building LoadPlan...
[DEBUG] 2018-10-02 21:47:28.625 [main] LoadQueryJoinAndFetchProcessor - processing queryspace <gen:0>
[DEBUG] 2018-10-02 21:47:28.625 [main] LoadPlanTreePrinter - LoadPlan(entity=co.net.quiron.domain.admin.Country)
    - Returns
       - EntityReturnImpl(entity=co.net.quiron.domain.admin.Country, querySpaceUid=<gen:0>, path=co.net.quiron.domain.admin.Country)
    - QuerySpaces
       - EntityQuerySpaceImpl(uid=<gen:0>, entity=co.net.quiron.domain.admin.Country)
          - SQL table alias mapping - country0_
          - alias suffix - 0_
          - suffixed key columns - {CountryI1_0_0_}

[DEBUG] 2018-10-02 21:47:28.627 [main] EntityLoader - Static select for entity co.net.quiron.domain.admin.Country [FORCE]: select country0_.CountryID as CountryI1_0_0_, country0_.CountryCode as CountryC2_0_0_, country0_.CreatedDate as CreatedD3_0_0_, country0_.ModifiedDate as Modified4_0_0_, country0_.Name as Name5_0_0_ from COUNTRIES country0_ where country0_.CountryID=? for update
[DEBUG] 2018-10-02 21:47:28.627 [main] QuerySpacesImpl - Adding QuerySpace : uid = <gen:0> -> org.hibernate.loader.plan.build.internal.spaces.EntityQuerySpaceImpl@d4602a]
[DEBUG] 2018-10-02 21:47:28.627 [main] MetamodelGraphWalker - Visiting attribute path : code
[DEBUG] 2018-10-02 21:47:28.627 [main] MetamodelGraphWalker - Visiting attribute path : createdDate
[DEBUG] 2018-10-02 21:47:28.627 [main] MetamodelGraphWalker - Visiting attribute path : modifiedDate
[DEBUG] 2018-10-02 21:47:28.627 [main] MetamodelGraphWalker - Visiting attribute path : name
[DEBUG] 2018-10-02 21:47:28.627 [main] FetchStyleLoadPlanBuildingAssociationVisitationStrategy - Building LoadPlan...
[DEBUG] 2018-10-02 21:47:28.627 [main] LoadQueryJoinAndFetchProcessor - processing queryspace <gen:0>
[DEBUG] 2018-10-02 21:47:28.628 [main] LoadPlanTreePrinter - LoadPlan(entity=co.net.quiron.domain.admin.Country)
    - Returns
       - EntityReturnImpl(entity=co.net.quiron.domain.admin.Country, querySpaceUid=<gen:0>, path=co.net.quiron.domain.admin.Country)
    - QuerySpaces
       - EntityQuerySpaceImpl(uid=<gen:0>, entity=co.net.quiron.domain.admin.Country)
          - SQL table alias mapping - country0_
          - alias suffix - 0_
          - suffixed key columns - {CountryI1_0_0_}

[DEBUG] 2018-10-02 21:47:28.628 [main] EntityLoader - Static select for entity co.net.quiron.domain.admin.Country [PESSIMISTIC_READ]: select country0_.CountryID as CountryI1_0_0_, country0_.CountryCode as CountryC2_0_0_, country0_.CreatedDate as CreatedD3_0_0_, country0_.ModifiedDate as Modified4_0_0_, country0_.Name as Name5_0_0_ from COUNTRIES country0_ where country0_.CountryID=? lock in share mode
[DEBUG] 2018-10-02 21:47:28.628 [main] QuerySpacesImpl - Adding QuerySpace : uid = <gen:0> -> org.hibernate.loader.plan.build.internal.spaces.EntityQuerySpaceImpl@47dd778]
[DEBUG] 2018-10-02 21:47:28.628 [main] MetamodelGraphWalker - Visiting attribute path : code
[DEBUG] 2018-10-02 21:47:28.628 [main] MetamodelGraphWalker - Visiting attribute path : createdDate
[DEBUG] 2018-10-02 21:47:28.628 [main] MetamodelGraphWalker - Visiting attribute path : modifiedDate
[DEBUG] 2018-10-02 21:47:28.628 [main] MetamodelGraphWalker - Visiting attribute path : name
[DEBUG] 2018-10-02 21:47:28.628 [main] FetchStyleLoadPlanBuildingAssociationVisitationStrategy - Building LoadPlan...
[DEBUG] 2018-10-02 21:47:28.628 [main] LoadQueryJoinAndFetchProcessor - processing queryspace <gen:0>
[DEBUG] 2018-10-02 21:47:28.629 [main] LoadPlanTreePrinter - LoadPlan(entity=co.net.quiron.domain.admin.Country)
    - Returns
       - EntityReturnImpl(entity=co.net.quiron.domain.admin.Country, querySpaceUid=<gen:0>, path=co.net.quiron.domain.admin.Country)
    - QuerySpaces
       - EntityQuerySpaceImpl(uid=<gen:0>, entity=co.net.quiron.domain.admin.Country)
          - SQL table alias mapping - country0_
          - alias suffix - 0_
          - suffixed key columns - {CountryI1_0_0_}

[DEBUG] 2018-10-02 21:47:28.629 [main] EntityLoader - Static select for entity co.net.quiron.domain.admin.Country [PESSIMISTIC_WRITE]: select country0_.CountryID as CountryI1_0_0_, country0_.CountryCode as CountryC2_0_0_, country0_.CreatedDate as CreatedD3_0_0_, country0_.ModifiedDate as Modified4_0_0_, country0_.Name as Name5_0_0_ from COUNTRIES country0_ where country0_.CountryID=? for update
[DEBUG] 2018-10-02 21:47:28.629 [main] QuerySpacesImpl - Adding QuerySpace : uid = <gen:0> -> org.hibernate.loader.plan.build.internal.spaces.EntityQuerySpaceImpl@36a7abe1]
[DEBUG] 2018-10-02 21:47:28.629 [main] MetamodelGraphWalker - Visiting attribute path : code
[DEBUG] 2018-10-02 21:47:28.629 [main] MetamodelGraphWalker - Visiting attribute path : createdDate
[DEBUG] 2018-10-02 21:47:28.629 [main] MetamodelGraphWalker - Visiting attribute path : modifiedDate
[DEBUG] 2018-10-02 21:47:28.629 [main] MetamodelGraphWalker - Visiting attribute path : name
[DEBUG] 2018-10-02 21:47:28.629 [main] FetchStyleLoadPlanBuildingAssociationVisitationStrategy - Building LoadPlan...
[DEBUG] 2018-10-02 21:47:28.629 [main] LoadQueryJoinAndFetchProcessor - processing queryspace <gen:0>
[DEBUG] 2018-10-02 21:47:28.630 [main] LoadPlanTreePrinter - LoadPlan(entity=co.net.quiron.domain.admin.Country)
    - Returns
       - EntityReturnImpl(entity=co.net.quiron.domain.admin.Country, querySpaceUid=<gen:0>, path=co.net.quiron.domain.admin.Country)
    - QuerySpaces
       - EntityQuerySpaceImpl(uid=<gen:0>, entity=co.net.quiron.domain.admin.Country)
          - SQL table alias mapping - country0_
          - alias suffix - 0_
          - suffixed key columns - {CountryI1_0_0_}

[DEBUG] 2018-10-02 21:47:28.630 [main] EntityLoader - Static select for entity co.net.quiron.domain.admin.Country [PESSIMISTIC_FORCE_INCREMENT]: select country0_.CountryID as CountryI1_0_0_, country0_.CountryCode as CountryC2_0_0_, country0_.CreatedDate as CreatedD3_0_0_, country0_.ModifiedDate as Modified4_0_0_, country0_.Name as Name5_0_0_ from COUNTRIES country0_ where country0_.CountryID=? for update
[DEBUG] 2018-10-02 21:47:28.630 [main] QuerySpacesImpl - Adding QuerySpace : uid = <gen:0> -> org.hibernate.loader.plan.build.internal.spaces.EntityQuerySpaceImpl@e044b4a]
[DEBUG] 2018-10-02 21:47:28.630 [main] MetamodelGraphWalker - Visiting attribute path : code
[DEBUG] 2018-10-02 21:47:28.630 [main] MetamodelGraphWalker - Visiting attribute path : createdDate
[DEBUG] 2018-10-02 21:47:28.630 [main] MetamodelGraphWalker - Visiting attribute path : modifiedDate
[DEBUG] 2018-10-02 21:47:28.630 [main] MetamodelGraphWalker - Visiting attribute path : name
[DEBUG] 2018-10-02 21:47:28.630 [main] FetchStyleLoadPlanBuildingAssociationVisitationStrategy - Building LoadPlan...
[DEBUG] 2018-10-02 21:47:28.631 [main] LoadQueryJoinAndFetchProcessor - processing queryspace <gen:0>
[DEBUG] 2018-10-02 21:47:28.631 [main] LoadPlanTreePrinter - LoadPlan(entity=co.net.quiron.domain.admin.Country)
    - Returns
       - EntityReturnImpl(entity=co.net.quiron.domain.admin.Country, querySpaceUid=<gen:0>, path=co.net.quiron.domain.admin.Country)
    - QuerySpaces
       - EntityQuerySpaceImpl(uid=<gen:0>, entity=co.net.quiron.domain.admin.Country)
          - SQL table alias mapping - country0_
          - alias suffix - 0_
          - suffixed key columns - {CountryI1_0_0_}

[DEBUG] 2018-10-02 21:47:28.631 [main] EntityLoader - Static select for entity co.net.quiron.domain.admin.Country [OPTIMISTIC]: select country0_.CountryID as CountryI1_0_0_, country0_.CountryCode as CountryC2_0_0_, country0_.CreatedDate as CreatedD3_0_0_, country0_.ModifiedDate as Modified4_0_0_, country0_.Name as Name5_0_0_ from COUNTRIES country0_ where country0_.CountryID=?
[DEBUG] 2018-10-02 21:47:28.631 [main] QuerySpacesImpl - Adding QuerySpace : uid = <gen:0> -> org.hibernate.loader.plan.build.internal.spaces.EntityQuerySpaceImpl@1adb7478]
[DEBUG] 2018-10-02 21:47:28.631 [main] MetamodelGraphWalker - Visiting attribute path : code
[DEBUG] 2018-10-02 21:47:28.631 [main] MetamodelGraphWalker - Visiting attribute path : createdDate
[DEBUG] 2018-10-02 21:47:28.631 [main] MetamodelGraphWalker - Visiting attribute path : modifiedDate
[DEBUG] 2018-10-02 21:47:28.632 [main] MetamodelGraphWalker - Visiting attribute path : name
[DEBUG] 2018-10-02 21:47:28.632 [main] FetchStyleLoadPlanBuildingAssociationVisitationStrategy - Building LoadPlan...
[DEBUG] 2018-10-02 21:47:28.632 [main] LoadQueryJoinAndFetchProcessor - processing queryspace <gen:0>
[DEBUG] 2018-10-02 21:47:28.632 [main] LoadPlanTreePrinter - LoadPlan(entity=co.net.quiron.domain.admin.Country)
    - Returns
       - EntityReturnImpl(entity=co.net.quiron.domain.admin.Country, querySpaceUid=<gen:0>, path=co.net.quiron.domain.admin.Country)
    - QuerySpaces
       - EntityQuerySpaceImpl(uid=<gen:0>, entity=co.net.quiron.domain.admin.Country)
          - SQL table alias mapping - country0_
          - alias suffix - 0_
          - suffixed key columns - {CountryI1_0_0_}

[DEBUG] 2018-10-02 21:47:28.632 [main] EntityLoader - Static select for entity co.net.quiron.domain.admin.Country [OPTIMISTIC_FORCE_INCREMENT]: select country0_.CountryID as CountryI1_0_0_, country0_.CountryCode as CountryC2_0_0_, country0_.CreatedDate as CreatedD3_0_0_, country0_.ModifiedDate as Modified4_0_0_, country0_.Name as Name5_0_0_ from COUNTRIES country0_ where country0_.CountryID=?
[DEBUG] 2018-10-02 21:47:28.654 [main] Loader - Static select for action ACTION_MERGE on entity co.net.quiron.domain.admin.Country: select country0_.CountryID as CountryI1_0_0_, country0_.CountryCode as CountryC2_0_0_, country0_.CreatedDate as CreatedD3_0_0_, country0_.ModifiedDate as Modified4_0_0_, country0_.Name as Name5_0_0_ from COUNTRIES country0_ where country0_.CountryID=?
[DEBUG] 2018-10-02 21:47:28.654 [main] Loader - Static select for action ACTION_REFRESH on entity co.net.quiron.domain.admin.Country: select country0_.CountryID as CountryI1_0_0_, country0_.CountryCode as CountryC2_0_0_, country0_.CreatedDate as CreatedD3_0_0_, country0_.ModifiedDate as Modified4_0_0_, country0_.Name as Name5_0_0_ from COUNTRIES country0_ where country0_.CountryID=?
[DEBUG] 2018-10-02 21:47:28.683 [main] SchemaManagementToolCoordinator - No actions specified; doing nothing
[DEBUG] 2018-10-02 21:47:28.683 [main] JtaPlatformInitiator - No JtaPlatform was specified, checking resolver
[DEBUG] 2018-10-02 21:47:28.684 [main] JtaPlatformResolverInitiator - No JtaPlatformResolver was specified, using default [org.hibernate.engine.transaction.jta.platform.internal.StandardJtaPlatformResolver]
[DEBUG] 2018-10-02 21:47:28.690 [main] StandardJtaPlatformResolver - Could not resolve JtaPlatform, using default [org.hibernate.engine.transaction.jta.platform.internal.NoJtaPlatform]
[DEBUG] 2018-10-02 21:47:28.692 [main] NamedQueryRepository - Checking 0 named HQL queries
[DEBUG] 2018-10-02 21:47:28.692 [main] NamedQueryRepository - Checking 0 named SQL queries
[DEBUG] 2018-10-02 21:47:28.695 [main] SessionFactoryRegistry - Initializing SessionFactoryRegistry : org.hibernate.internal.SessionFactoryRegistry@4ee33af7
[DEBUG] 2018-10-02 21:47:28.699 [main] SessionFactoryRegistry - Registering SessionFactory: 33ccd2ea-6d68-4388-be88-022e750f3bd0 (<unnamed>)
[DEBUG] 2018-10-02 21:47:28.700 [main] SessionFactoryRegistry - Not binding SessionFactory to JNDI, no JNDI name configured
[DEBUG] 2018-10-02 21:47:28.809 [main] StatisticsInitiator - Statistics initialized [enabled=false]
[DEBUG] 2018-10-02 21:47:28.818 [main] TransactionImpl - begin
[DEBUG] 2018-10-02 21:47:28.835 [main] ActionQueue - Executing identity-insert immediately
[DEBUG] 2018-10-02 21:47:28.850 [main] SQL - insert into COUNTRIES (CountryCode, CreatedDate, ModifiedDate, Name) values (?, ?, ?, ?)
[DEBUG] 2018-10-02 21:47:28.906 [main] IdentifierGeneratorHelper - Natively generated identity: 6
[DEBUG] 2018-10-02 21:47:28.906 [main] ResourceRegistryStandardImpl - HHH000387: ResultSet's statement was not registered
[DEBUG] 2018-10-02 21:47:28.914 [main] TransactionImpl - committing
[DEBUG] 2018-10-02 21:47:28.915 [main] AbstractFlushingEventListener - Processing flush-time cascades
[DEBUG] 2018-10-02 21:47:28.916 [main] AbstractFlushingEventListener - Dirty checking collections
[DEBUG] 2018-10-02 21:47:28.919 [main] AbstractFlushingEventListener - Flushed: 0 insertions, 0 updates, 0 deletions to 1 objects
[DEBUG] 2018-10-02 21:47:28.919 [main] AbstractFlushingEventListener - Flushed: 0 (re)creations, 0 updates, 0 removals to 0 collections
[DEBUG] 2018-10-02 21:47:28.921 [main] EntityPrinter - Listing entities:
[DEBUG] 2018-10-02 21:47:28.922 [main] EntityPrinter - co.net.quiron.domain.admin.Country{code=JP, createdDate=Tue Oct 02 21:47:28 CDT 2018, modifiedDate=Tue Oct 02 21:47:28 CDT 2018, name=Japan, id=6}
[DEBUG] 2018-10-02 21:47:28.928 [main] LogicalConnectionManagedImpl - Initiating JDBC connection release from afterTransaction
[DEBUG] 2018-10-02 21:47:28.929 [main] LogicalConnectionManagedImpl - Initiating JDBC connection release from afterTransaction
[DEBUG] 2018-10-02 21:47:28.940 [main] SQL - select country0_.CountryID as CountryI1_0_0_, country0_.CountryCode as CountryC2_0_0_, country0_.CreatedDate as CreatedD3_0_0_, country0_.ModifiedDate as Modified4_0_0_, country0_.Name as Name5_0_0_ from COUNTRIES country0_ where country0_.CountryID=?
[DEBUG] 2018-10-02 21:47:28.947 [main] ResultSetProcessorImpl - Starting ResultSet row #0
[DEBUG] 2018-10-02 21:47:28.949 [main] EntityReferenceInitializerImpl - On call to EntityIdentifierReaderImpl#resolve, EntityKey was already known; should only happen on root returns with an optional identifier specified
[DEBUG] 2018-10-02 21:47:28.957 [main] TwoPhaseLoad - Resolving associations for [co.net.quiron.domain.admin.Country#6]
[DEBUG] 2018-10-02 21:47:28.958 [main] TwoPhaseLoad - Done materializing entity [co.net.quiron.domain.admin.Country#6]
[DEBUG] 2018-10-02 21:47:28.958 [main] ResourceRegistryStandardImpl - HHH000387: ResultSet's statement was not registered
[DEBUG] 2018-10-02 21:47:28.958 [main] AbstractLoadPlanBasedEntityLoader - Done entity load : co.net.quiron.domain.admin.Country#6
[DEBUG] 2018-10-02 21:47:28.958 [main] LogicalConnectionManagedImpl - Initiating JDBC connection release from afterTransaction
[DEBUG] 2018-10-02 21:47:29.072 [main] SQL - select country0_.CountryID as CountryI1_0_0_, country0_.CountryCode as CountryC2_0_0_, country0_.CreatedDate as CreatedD3_0_0_, country0_.ModifiedDate as Modified4_0_0_, country0_.Name as Name5_0_0_ from COUNTRIES country0_ where country0_.CountryID=?
[DEBUG] 2018-10-02 21:47:29.076 [main] ResultSetProcessorImpl - Starting ResultSet row #0
[DEBUG] 2018-10-02 21:47:29.076 [main] EntityReferenceInitializerImpl - On call to EntityIdentifierReaderImpl#resolve, EntityKey was already known; should only happen on root returns with an optional identifier specified
[DEBUG] 2018-10-02 21:47:29.076 [main] TwoPhaseLoad - Resolving associations for [co.net.quiron.domain.admin.Country#3]
[DEBUG] 2018-10-02 21:47:29.077 [main] TwoPhaseLoad - Done materializing entity [co.net.quiron.domain.admin.Country#3]
[DEBUG] 2018-10-02 21:47:29.077 [main] ResourceRegistryStandardImpl - HHH000387: ResultSet's statement was not registered
[DEBUG] 2018-10-02 21:47:29.077 [main] AbstractLoadPlanBasedEntityLoader - Done entity load : co.net.quiron.domain.admin.Country#3
[DEBUG] 2018-10-02 21:47:29.077 [main] LogicalConnectionManagedImpl - Initiating JDBC connection release from afterTransaction
[DEBUG] 2018-10-02 21:47:29.078 [main] TransactionImpl - begin
[DEBUG] 2018-10-02 21:47:29.089 [main] TransactionImpl - committing
[DEBUG] 2018-10-02 21:47:29.089 [main] AbstractFlushingEventListener - Processing flush-time cascades
[DEBUG] 2018-10-02 21:47:29.089 [main] AbstractFlushingEventListener - Dirty checking collections
[DEBUG] 2018-10-02 21:47:29.089 [main] AbstractFlushingEventListener - Flushed: 0 insertions, 0 updates, 1 deletions to 1 objects
[DEBUG] 2018-10-02 21:47:29.089 [main] AbstractFlushingEventListener - Flushed: 0 (re)creations, 0 updates, 0 removals to 0 collections
[DEBUG] 2018-10-02 21:47:29.089 [main] EntityPrinter - Listing entities:
[DEBUG] 2018-10-02 21:47:29.090 [main] EntityPrinter - co.net.quiron.domain.admin.Country{code=CA, createdDate=2018-10-02 21:47:29.0, modifiedDate=null, name=Canada, id=3}
[DEBUG] 2018-10-02 21:47:29.100 [main] SQL - delete from COUNTRIES where CountryID=?
[DEBUG] 2018-10-02 21:47:29.106 [main] LogicalConnectionManagedImpl - Initiating JDBC connection release from afterTransaction
[DEBUG] 2018-10-02 21:47:29.107 [main] LogicalConnectionManagedImpl - Initiating JDBC connection release from afterTransaction
[DEBUG] 2018-10-02 21:47:29.107 [main] JdbcCoordinatorImpl - HHH000420: Closing un-released batch
[DEBUG] 2018-10-02 21:47:29.107 [main] SQL - select country0_.CountryID as CountryI1_0_0_, country0_.CountryCode as CountryC2_0_0_, country0_.CreatedDate as CreatedD3_0_0_, country0_.ModifiedDate as Modified4_0_0_, country0_.Name as Name5_0_0_ from COUNTRIES country0_ where country0_.CountryID=?
[DEBUG] 2018-10-02 21:47:29.108 [main] ResourceRegistryStandardImpl - HHH000387: ResultSet's statement was not registered
[DEBUG] 2018-10-02 21:47:29.108 [main] AbstractLoadPlanBasedEntityLoader - Done entity load : co.net.quiron.domain.admin.Country#3
[DEBUG] 2018-10-02 21:47:29.109 [main] LogicalConnectionManagedImpl - Initiating JDBC connection release from afterTransaction
[DEBUG] 2018-10-02 21:47:29.235 [main] CriteriaQueryImpl - Rendered criteria query -> select generatedAlias0 from Countries as generatedAlias0
[DEBUG] 2018-10-02 21:47:29.256 [main] QueryTranslatorFactoryInitiator - QueryTranslatorFactory : org.hibernate.hql.internal.ast.ASTQueryTranslatorFactory@67001148
[INFO ] 2018-10-02 21:47:29.256 [main] QueryTranslatorFactoryInitiator - HHH000397: Using ASTQueryTranslatorFactory
[DEBUG] 2018-10-02 21:47:29.299 [main] QueryTranslatorImpl - parse() - HQL: select generatedAlias0 from co.net.quiron.domain.admin.Country as generatedAlias0
[DEBUG] 2018-10-02 21:47:29.307 [main] ErrorCounter - throwQueryException() : no errors
[DEBUG] 2018-10-02 21:47:29.310 [main] QueryTranslatorImpl - --- HQL AST ---
 \-[QUERY] Node: 'query'
    \-[SELECT_FROM] Node: 'SELECT_FROM'
       +-[FROM] Node: 'from'
       |  \-[RANGE] Node: 'RANGE'
       |     +-[DOT] Node: '.'
       |     |  +-[DOT] Node: '.'
       |     |  |  +-[DOT] Node: '.'
       |     |  |  |  +-[DOT] Node: '.'
       |     |  |  |  |  +-[DOT] Node: '.'
       |     |  |  |  |  |  +-[IDENT] Node: 'co'
       |     |  |  |  |  |  \-[IDENT] Node: 'net'
       |     |  |  |  |  \-[IDENT] Node: 'quiron'
       |     |  |  |  \-[IDENT] Node: 'domain'
       |     |  |  \-[IDENT] Node: 'admin'
       |     |  \-[IDENT] Node: 'Country'
       |     \-[ALIAS] Node: 'generatedAlias0'
       \-[SELECT] Node: 'select'
          \-[IDENT] Node: 'generatedAlias0'

[DEBUG] 2018-10-02 21:47:29.361 [main] HqlSqlBaseWalker - select << begin [level=1, statement=select]
[DEBUG] 2018-10-02 21:47:29.391 [main] FromElement - FromClause{level=1} : co.net.quiron.domain.admin.Country (generatedAlias0) -> country0_
[DEBUG] 2018-10-02 21:47:29.393 [main] FromReferenceNode - Resolved : generatedAlias0 -> country0_.CountryID
[DEBUG] 2018-10-02 21:47:29.396 [main] HqlSqlBaseWalker - select : finishing up [level=1, statement=select]
[DEBUG] 2018-10-02 21:47:29.396 [main] HqlSqlWalker - processQuery() :  ( SELECT ( {select clause} country0_.CountryID ) ( FromClause{level=1} COUNTRIES country0_ ) )
[DEBUG] 2018-10-02 21:47:29.415 [main] JoinProcessor - Using FROM fragment [COUNTRIES country0_]
[DEBUG] 2018-10-02 21:47:29.416 [main] HqlSqlBaseWalker - select >> end [level=1, statement=select]
[DEBUG] 2018-10-02 21:47:29.417 [main] QueryTranslatorImpl - --- SQL AST ---
 \-[SELECT] QueryNode: 'SELECT'  querySpaces (COUNTRIES)
    +-[SELECT_CLAUSE] SelectClause: '{select clause}'
    |  +-[ALIAS_REF] IdentNode: 'country0_.CountryID as CountryI1_0_' {alias=generatedAlias0, className=co.net.quiron.domain.admin.Country, tableAlias=country0_}
    |  \-[SQL_TOKEN] SqlFragment: 'country0_.CountryCode as CountryC2_0_, country0_.CreatedDate as CreatedD3_0_, country0_.ModifiedDate as Modified4_0_, country0_.Name as Name5_0_'
    \-[FROM] FromClause: 'from' FromClause{level=1, fromElementCounter=1, fromElements=1, fromElementByClassAlias=[generatedAlias0], fromElementByTableAlias=[country0_], fromElementsByPath=[], collectionJoinFromElementsByPath=[], impliedElements=[]}
       \-[FROM_FRAGMENT] FromElement: 'COUNTRIES country0_' FromElement{explicit,not a collection join,not a fetch join,fetch non-lazy properties,classAlias=generatedAlias0,role=null,tableName=COUNTRIES,tableAlias=country0_,origin=null,columns={,className=co.net.quiron.domain.admin.Country}}

[DEBUG] 2018-10-02 21:47:29.417 [main] ErrorCounter - throwQueryException() : no errors
[DEBUG] 2018-10-02 21:47:29.435 [main] QueryTranslatorImpl - HQL: select generatedAlias0 from co.net.quiron.domain.admin.Country as generatedAlias0
[DEBUG] 2018-10-02 21:47:29.435 [main] QueryTranslatorImpl - SQL: select country0_.CountryID as CountryI1_0_, country0_.CountryCode as CountryC2_0_, country0_.CreatedDate as CreatedD3_0_, country0_.ModifiedDate as Modified4_0_, country0_.Name as Name5_0_ from COUNTRIES country0_
[DEBUG] 2018-10-02 21:47:29.435 [main] ErrorCounter - throwQueryException() : no errors
[DEBUG] 2018-10-02 21:47:29.465 [main] SQL - select country0_.CountryID as CountryI1_0_, country0_.CountryCode as CountryC2_0_, country0_.CreatedDate as CreatedD3_0_, country0_.ModifiedDate as Modified4_0_, country0_.Name as Name5_0_ from COUNTRIES country0_
[DEBUG] 2018-10-02 21:47:29.469 [main] Loader - Result set row: 0
[DEBUG] 2018-10-02 21:47:29.470 [main] Loader - Result row: EntityKey[co.net.quiron.domain.admin.Country#1]
[DEBUG] 2018-10-02 21:47:29.471 [main] Loader - Result set row: 1
[DEBUG] 2018-10-02 21:47:29.471 [main] Loader - Result row: EntityKey[co.net.quiron.domain.admin.Country#2]
[DEBUG] 2018-10-02 21:47:29.471 [main] Loader - Result set row: 2
[DEBUG] 2018-10-02 21:47:29.471 [main] Loader - Result row: EntityKey[co.net.quiron.domain.admin.Country#3]
[DEBUG] 2018-10-02 21:47:29.472 [main] Loader - Result set row: 3
[DEBUG] 2018-10-02 21:47:29.472 [main] Loader - Result row: EntityKey[co.net.quiron.domain.admin.Country#4]
[DEBUG] 2018-10-02 21:47:29.472 [main] Loader - Result set row: 4
[DEBUG] 2018-10-02 21:47:29.472 [main] Loader - Result row: EntityKey[co.net.quiron.domain.admin.Country#5]
[DEBUG] 2018-10-02 21:47:29.472 [main] TwoPhaseLoad - Resolving associations for [co.net.quiron.domain.admin.Country#1]
[DEBUG] 2018-10-02 21:47:29.472 [main] TwoPhaseLoad - Done materializing entity [co.net.quiron.domain.admin.Country#1]
[DEBUG] 2018-10-02 21:47:29.472 [main] TwoPhaseLoad - Resolving associations for [co.net.quiron.domain.admin.Country#2]
[DEBUG] 2018-10-02 21:47:29.472 [main] TwoPhaseLoad - Done materializing entity [co.net.quiron.domain.admin.Country#2]
[DEBUG] 2018-10-02 21:47:29.472 [main] TwoPhaseLoad - Resolving associations for [co.net.quiron.domain.admin.Country#3]
[DEBUG] 2018-10-02 21:47:29.473 [main] TwoPhaseLoad - Done materializing entity [co.net.quiron.domain.admin.Country#3]
[DEBUG] 2018-10-02 21:47:29.473 [main] TwoPhaseLoad - Resolving associations for [co.net.quiron.domain.admin.Country#4]
[DEBUG] 2018-10-02 21:47:29.473 [main] TwoPhaseLoad - Done materializing entity [co.net.quiron.domain.admin.Country#4]
[DEBUG] 2018-10-02 21:47:29.473 [main] TwoPhaseLoad - Resolving associations for [co.net.quiron.domain.admin.Country#5]
[DEBUG] 2018-10-02 21:47:29.473 [main] TwoPhaseLoad - Done materializing entity [co.net.quiron.domain.admin.Country#5]
[DEBUG] 2018-10-02 21:47:29.475 [main] LogicalConnectionManagedImpl - Initiating JDBC connection release from afterTransaction
[DEBUG] 2018-10-02 21:47:29.593 [main] SQL - select country0_.CountryID as CountryI1_0_0_, country0_.CountryCode as CountryC2_0_0_, country0_.CreatedDate as CreatedD3_0_0_, country0_.ModifiedDate as Modified4_0_0_, country0_.Name as Name5_0_0_ from COUNTRIES country0_ where country0_.CountryID=?
[DEBUG] 2018-10-02 21:47:29.596 [main] ResultSetProcessorImpl - Starting ResultSet row #0
[DEBUG] 2018-10-02 21:47:29.596 [main] EntityReferenceInitializerImpl - On call to EntityIdentifierReaderImpl#resolve, EntityKey was already known; should only happen on root returns with an optional identifier specified
[DEBUG] 2018-10-02 21:47:29.596 [main] TwoPhaseLoad - Resolving associations for [co.net.quiron.domain.admin.Country#4]
[DEBUG] 2018-10-02 21:47:29.596 [main] TwoPhaseLoad - Done materializing entity [co.net.quiron.domain.admin.Country#4]
[DEBUG] 2018-10-02 21:47:29.596 [main] ResourceRegistryStandardImpl - HHH000387: ResultSet's statement was not registered
[DEBUG] 2018-10-02 21:47:29.596 [main] AbstractLoadPlanBasedEntityLoader - Done entity load : co.net.quiron.domain.admin.Country#4
[DEBUG] 2018-10-02 21:47:29.597 [main] LogicalConnectionManagedImpl - Initiating JDBC connection release from afterTransaction
[DEBUG] 2018-10-02 21:47:29.597 [main] TransactionImpl - begin
[DEBUG] 2018-10-02 21:47:29.599 [main] TransactionImpl - committing
[DEBUG] 2018-10-02 21:47:29.600 [main] AbstractFlushingEventListener - Processing flush-time cascades
[DEBUG] 2018-10-02 21:47:29.600 [main] AbstractFlushingEventListener - Dirty checking collections
[DEBUG] 2018-10-02 21:47:29.600 [main] AbstractFlushingEventListener - Flushed: 0 insertions, 1 updates, 0 deletions to 1 objects
[DEBUG] 2018-10-02 21:47:29.600 [main] AbstractFlushingEventListener - Flushed: 0 (re)creations, 0 updates, 0 removals to 0 collections
[DEBUG] 2018-10-02 21:47:29.600 [main] EntityPrinter - Listing entities:
[DEBUG] 2018-10-02 21:47:29.600 [main] EntityPrinter - co.net.quiron.domain.admin.Country{code=ES, createdDate=2018-10-02 21:47:29.0, modifiedDate=null, name=Espana, id=4}
[DEBUG] 2018-10-02 21:47:29.600 [main] SQL - update COUNTRIES set CountryCode=?, CreatedDate=?, ModifiedDate=?, Name=? where CountryID=?
[DEBUG] 2018-10-02 21:47:29.606 [main] LogicalConnectionManagedImpl - Initiating JDBC connection release from afterTransaction
[DEBUG] 2018-10-02 21:47:29.606 [main] LogicalConnectionManagedImpl - Initiating JDBC connection release from afterTransaction
[DEBUG] 2018-10-02 21:47:29.606 [main] JdbcCoordinatorImpl - HHH000420: Closing un-released batch
[DEBUG] 2018-10-02 21:47:29.607 [main] SQL - select country0_.CountryID as CountryI1_0_0_, country0_.CountryCode as CountryC2_0_0_, country0_.CreatedDate as CreatedD3_0_0_, country0_.ModifiedDate as Modified4_0_0_, country0_.Name as Name5_0_0_ from COUNTRIES country0_ where country0_.CountryID=?
[DEBUG] 2018-10-02 21:47:29.607 [main] ResultSetProcessorImpl - Starting ResultSet row #0
[DEBUG] 2018-10-02 21:47:29.608 [main] EntityReferenceInitializerImpl - On call to EntityIdentifierReaderImpl#resolve, EntityKey was already known; should only happen on root returns with an optional identifier specified
[DEBUG] 2018-10-02 21:47:29.608 [main] TwoPhaseLoad - Resolving associations for [co.net.quiron.domain.admin.Country#4]
[DEBUG] 2018-10-02 21:47:29.608 [main] TwoPhaseLoad - Done materializing entity [co.net.quiron.domain.admin.Country#4]
[DEBUG] 2018-10-02 21:47:29.608 [main] ResourceRegistryStandardImpl - HHH000387: ResultSet's statement was not registered
[DEBUG] 2018-10-02 21:47:29.608 [main] AbstractLoadPlanBasedEntityLoader - Done entity load : co.net.quiron.domain.admin.Country#4
[DEBUG] 2018-10-02 21:47:29.608 [main] LogicalConnectionManagedImpl - Initiating JDBC connection release from afterTransaction
